21-08-2020 14:40:27.067 [Gauge] [DEBUG] Created gauge_screenshots_dir at C:\Users\TESTINIUM\IdeaProjects\BddGauge\.gauge\screenshots
21-08-2020 14:40:27.090 [Gauge] [DEBUG] Plugin java is already installed.
21-08-2020 14:40:27.097 [Gauge] [DEBUG] Plugin html-report is already installed.
21-08-2020 14:40:27.099 [Gauge] [DEBUG] Parsing started.
21-08-2020 14:40:27.100 [Gauge] [DEBUG] Started concepts parsing.
21-08-2020 14:40:27.116 [Gauge] [DEBUG] 2 concepts parsing completed.
21-08-2020 14:40:27.117 [Gauge] [DEBUG] Started specifications parsing.
21-08-2020 14:40:27.123 [Gauge] [DEBUG] 1 specifications parsing completed.
21-08-2020 14:40:27.124 [Gauge] [DEBUG] Parsing completed.
21-08-2020 14:40:27.406 [java] [DEBUG] ***** Printing Properties/Env Values *****
21-08-2020 14:40:27.407 [java] [DEBUG] PATH: C:\Program Files (x86)\Common Files\Oracle\Java\javapath\;C:\Windows\system32;C:\Windows;C:\Windows\System32\Wbem;C:\Windows\System32\WindowsPowerShell\v1.0\;C:\Windows\System32\OpenSSH\;C:\Program Files (x86)\Intel\Intel(R) Management Engine Components\DAL;C:\Program Files\Intel\Intel(R) Management Engine Components\DAL;C:\ProgramData\chocolatey\bin;C:\ProgramData\chocolatey\lib\maven\apache-maven-3.6.3\bin;C:\Program Files\gauge\bin;C:\Program Files\Git\cmd;C:\Users\TESTINIUM\AppData\Local\Microsoft\WindowsApps;C:\adb;C:\Users\TESTINIUM\AppData\Local\Microsoft\WindowsApps;C:\Users\TESTINIUM\AppData\Local\GitHubDesktop\bin;C:\Users\TESTINIUM\AppData\Roaming\gauge\plugins\screenshot\0.0.1
21-08-2020 14:40:27.407 [java] [DEBUG] JAVA_HOME: C:\Program Files\Java\jdk1.8.0_202
21-08-2020 14:40:27.407 [java] [DEBUG] gauge_project_root: C:\Users\TESTINIUM\IdeaProjects\BddGauge
21-08-2020 14:40:27.407 [java] [DEBUG] gauge_parallel_streams_count: 8
21-08-2020 14:40:27.407 [java] [DEBUG] gauge_reports_dir: reports
21-08-2020 14:40:27.407 [java] [DEBUG] overwrite_reports: true
21-08-2020 14:40:27.407 [java] [DEBUG] logs_directory: logs
21-08-2020 14:40:27.407 [java] [DEBUG] enable_multithreading: false
21-08-2020 14:40:27.407 [java] [DEBUG] gauge_specs_dir: specs
21-08-2020 14:40:27.407 [java] [DEBUG] csv_delimiter: ,
21-08-2020 14:40:27.407 [java] [DEBUG] gauge_java_home: 
21-08-2020 14:40:27.407 [java] [DEBUG] gauge_custom_build_path: 
21-08-2020 14:40:27.407 [java] [DEBUG] gauge_additional_libs: libs/*
21-08-2020 14:40:27.407 [java] [DEBUG] gauge_jvm_args: 
21-08-2020 14:40:27.407 [java] [DEBUG] gauge_custom_compile_dir: 
21-08-2020 14:40:27.407 [java] [DEBUG] gauge_clear_state_level: scenario
21-08-2020 14:40:27.407 [java] [DEBUG] ***** END *****
21-08-2020 14:40:27.480 [Gauge] [DEBUG] Checking updates...
21-08-2020 14:40:27.481 [Gauge] [DEBUG] Downloading https://downloads.gauge.org/plugin/html-report?l=java&p=html-report,java,json-report,screenshot,spectacle,xml-report&o=windows&a=amd64
21-08-2020 14:40:28.444 [Gauge] [DEBUG] Downloading https://downloads.gauge.org/plugin/java?l=java&p=html-report,java,json-report,screenshot,spectacle,xml-report&o=windows&a=amd64
21-08-2020 14:40:28.710 [Gauge] [DEBUG] Downloading https://downloads.gauge.org/plugin/json-report?l=java&p=html-report,java,json-report,screenshot,spectacle,xml-report&o=windows&a=amd64
21-08-2020 14:40:28.965 [Gauge] [DEBUG] Downloading https://downloads.gauge.org/plugin/screenshot?l=java&p=html-report,java,json-report,screenshot,spectacle,xml-report&o=windows&a=amd64
21-08-2020 14:40:29.167 [Gauge] [DEBUG] Downloading https://downloads.gauge.org/plugin/spectacle?l=java&p=html-report,java,json-report,screenshot,spectacle,xml-report&o=windows&a=amd64
21-08-2020 14:40:29.375 [Gauge] [DEBUG] Downloading https://downloads.gauge.org/plugin/xml-report?l=java&p=html-report,java,json-report,screenshot,spectacle,xml-report&o=windows&a=amd64
21-08-2020 14:40:30.733 [java] [DEBUG] classpath set to C:\Program Files\Java\jdk1.8.0_202\jre\lib\charsets.jar;C:\Program Files\Java\jdk1.8.0_202\jre\lib\deploy.jar;C:\Program Files\Java\jdk1.8.0_202\jre\lib\ext\access-bridge-64.jar;C:\Program Files\Java\jdk1.8.0_202\jre\lib\ext\cldrdata.jar;C:\Program Files\Java\jdk1.8.0_202\jre\lib\ext\dnsns.jar;C:\Program Files\Java\jdk1.8.0_202\jre\lib\ext\jaccess.jar;C:\Program Files\Java\jdk1.8.0_202\jre\lib\ext\jfxrt.jar;C:\Program Files\Java\jdk1.8.0_202\jre\lib\ext\localedata.jar;C:\Program Files\Java\jdk1.8.0_202\jre\lib\ext\nashorn.jar;C:\Program Files\Java\jdk1.8.0_202\jre\lib\ext\sunec.jar;C:\Program Files\Java\jdk1.8.0_202\jre\lib\ext\sunjce_provider.jar;C:\Program Files\Java\jdk1.8.0_202\jre\lib\ext\sunmscapi.jar;C:\Program Files\Java\jdk1.8.0_202\jre\lib\ext\sunpkcs11.jar;C:\Program Files\Java\jdk1.8.0_202\jre\lib\ext\zipfs.jar;C:\Program Files\Java\jdk1.8.0_202\jre\lib\javaws.jar;C:\Program Files\Java\jdk1.8.0_202\jre\lib\jce.jar;C:\Program Files\Java\jdk1.8.0_202\jre\lib\jfr.jar;C:\Program Files\Java\jdk1.8.0_202\jre\lib\jfxswt.jar;C:\Program Files\Java\jdk1.8.0_202\jre\lib\jsse.jar;C:\Program Files\Java\jdk1.8.0_202\jre\lib\management-agent.jar;C:\Program Files\Java\jdk1.8.0_202\jre\lib\plugin.jar;C:\Program Files\Java\jdk1.8.0_202\jre\lib\resources.jar;C:\Program Files\Java\jdk1.8.0_202\jre\lib\rt.jar;C:\Users\TESTINIUM\IdeaProjects\BddGauge\target\test-classes;C:\Users\TESTINIUM\.m2\repository\com\thoughtworks\gauge\gauge-java\0.7.9\gauge-java-0.7.9.jar;C:\Users\TESTINIUM\.m2\repository\com\github\javaparser\javaparser-core\3.16.1\javaparser-core-3.16.1.jar;C:\Users\TESTINIUM\.m2\repository\commons-io\commons-io\2.7\commons-io-2.7.jar;C:\Users\TESTINIUM\.m2\repository\commons-lang\commons-lang\2.6\commons-lang-2.6.jar;C:\Users\TESTINIUM\.m2\repository\org\json\json\20200518\json-20200518.jar;C:\Users\TESTINIUM\.m2\repository\com\google\protobuf\protobuf-java\3.12.2\protobuf-java-3.12.2.jar;C:\Users\TESTINIUM\.m2\repository\com\google\guava\guava\29.0-jre\guava-29.0-jre.jar;C:\Users\TESTINIUM\.m2\repository\com\google\guava\failureaccess\1.0.1\failureaccess-1.0.1.jar;C:\Users\TESTINIUM\.m2\repository\com\google\guava\listenablefuture\9999.0-empty-to-avoid-conflict-with-guava\listenablefuture-9999.0-empty-to-avoid-conflict-with-guava.jar;C:\Users\TESTINIUM\.m2\repository\com\google\code\findbugs\jsr305\3.0.2\jsr305-3.0.2.jar;C:\Users\TESTINIUM\.m2\repository\org\checkerframework\checker-qual\2.11.1\checker-qual-2.11.1.jar;C:\Users\TESTINIUM\.m2\repository\com\google\errorprone\error_prone_annotations\2.3.4\error_prone_annotations-2.3.4.jar;C:\Users\TESTINIUM\.m2\repository\com\google\j2objc\j2objc-annotations\1.3\j2objc-annotations-1.3.jar;C:\Users\TESTINIUM\.m2\repository\io\grpc\grpc-netty-shaded\1.30.2\grpc-netty-shaded-1.30.2.jar;C:\Users\TESTINIUM\.m2\repository\io\grpc\grpc-core\1.30.2\grpc-core-1.30.2.jar;C:\Users\TESTINIUM\.m2\repository\com\google\android\annotations\4.1.1.4\annotations-4.1.1.4.jar;C:\Users\TESTINIUM\.m2\repository\io\perfmark\perfmark-api\0.19.0\perfmark-api-0.19.0.jar;C:\Users\TESTINIUM\.m2\repository\io\grpc\grpc-protobuf\1.30.2\grpc-protobuf-1.30.2.jar;C:\Users\TESTINIUM\.m2\repository\io\grpc\grpc-api\1.30.2\grpc-api-1.30.2.jar;C:\Users\TESTINIUM\.m2\repository\io\grpc\grpc-context\1.30.2\grpc-context-1.30.2.jar;C:\Users\TESTINIUM\.m2\repository\com\google\api\grpc\proto-google-common-protos\1.17.0\proto-google-common-protos-1.17.0.jar;C:\Users\TESTINIUM\.m2\repository\io\grpc\grpc-protobuf-lite\1.30.2\grpc-protobuf-lite-1.30.2.jar;C:\Users\TESTINIUM\.m2\repository\org\codehaus\mojo\animal-sniffer-annotations\1.18\animal-sniffer-annotations-1.18.jar;C:\Users\TESTINIUM\.m2\repository\io\grpc\grpc-stub\1.30.2\grpc-stub-1.30.2.jar;C:\Users\TESTINIUM\.m2\repository\javax\annotation\javax.annotation-api\1.3.2\javax.annotation-api-1.3.2.jar;C:\Users\TESTINIUM\.m2\repository\junit\junit\4.12\junit-4.12.jar;C:\Users\TESTINIUM\.m2\repository\org\hamcrest\hamcrest-core\1.3\hamcrest-core-1.3.jar;C:\Users\TESTINIUM\.m2\repository\org\assertj\assertj-core\3.10.0\assertj-core-3.10.0.jar;C:\Users\TESTINIUM\.m2\repository\org\seleniumhq\selenium\selenium-java\3.141.59\selenium-java-3.141.59.jar;C:\Users\TESTINIUM\.m2\repository\org\seleniumhq\selenium\selenium-api\3.141.59\selenium-api-3.141.59.jar;C:\Users\TESTINIUM\.m2\repository\org\seleniumhq\selenium\selenium-chrome-driver\3.141.59\selenium-chrome-driver-3.141.59.jar;C:\Users\TESTINIUM\.m2\repository\org\seleniumhq\selenium\selenium-edge-driver\3.141.59\selenium-edge-driver-3.141.59.jar;C:\Users\TESTINIUM\.m2\repository\org\seleniumhq\selenium\selenium-firefox-driver\3.141.59\selenium-firefox-driver-3.141.59.jar;C:\Users\TESTINIUM\.m2\repository\org\seleniumhq\selenium\selenium-ie-driver\3.141.59\selenium-ie-driver-3.141.59.jar;C:\Users\TESTINIUM\.m2\repository\org\seleniumhq\selenium\selenium-opera-driver\3.141.59\selenium-opera-driver-3.141.59.jar;C:\Users\TESTINIUM\.m2\repository\org\seleniumhq\selenium\selenium-remote-driver\3.141.59\selenium-remote-driver-3.141.59.jar;C:\Users\TESTINIUM\.m2\repository\org\seleniumhq\selenium\selenium-safari-driver\3.141.59\selenium-safari-driver-3.141.59.jar;C:\Users\TESTINIUM\.m2\repository\org\seleniumhq\selenium\selenium-support\3.141.59\selenium-support-3.141.59.jar;C:\Users\TESTINIUM\.m2\repository\net\bytebuddy\byte-buddy\1.8.15\byte-buddy-1.8.15.jar;C:\Users\TESTINIUM\.m2\repository\org\apache\commons\commons-exec\1.3\commons-exec-1.3.jar;C:\Users\TESTINIUM\.m2\repository\com\squareup\okhttp3\okhttp\3.11.0\okhttp-3.11.0.jar;C:\Users\TESTINIUM\.m2\repository\com\squareup\okio\okio\1.14.0\okio-1.14.0.jar;C:\Users\TESTINIUM\.m2\repository\io\github\bonigarcia\webdrivermanager\3.7.1\webdrivermanager-3.7.1.jar;C:\Users\TESTINIUM\.m2\repository\org\slf4j\slf4j-api\1.7.25\slf4j-api-1.7.25.jar;C:\Users\TESTINIUM\.m2\repository\com\google\code\gson\gson\2.8.5\gson-2.8.5.jar;C:\Users\TESTINIUM\.m2\repository\org\apache\commons\commons-lang3\3.8.1\commons-lang3-3.8.1.jar;C:\Users\TESTINIUM\.m2\repository\org\apache\httpcomponents\httpclient\4.5.6\httpclient-4.5.6.jar;C:\Users\TESTINIUM\.m2\repository\org\apache\httpcomponents\httpcore\4.4.10\httpcore-4.4.10.jar;C:\Users\TESTINIUM\.m2\repository\commons-logging\commons-logging\1.2\commons-logging-1.2.jar;C:\Users\TESTINIUM\.m2\repository\commons-codec\commons-codec\1.10\commons-codec-1.10.jar;C:\Users\TESTINIUM\.m2\repository\org\rauschig\jarchivelib\1.0.0\jarchivelib-1.0.0.jar;C:\Users\TESTINIUM\.m2\repository\org\apache\commons\commons-compress\1.18\commons-compress-1.18.jar;C:\Users\TESTINIUM\.m2\repository\org\jsoup\jsoup\1.11.3\jsoup-1.11.3.jar;C:\Users\TESTINIUM\.m2\repository\org\reflections\reflections\0.9.10\reflections-0.9.10.jar;C:\Users\TESTINIUM\.m2\repository\org\javassist\javassist\3.19.0-GA\javassist-3.19.0-GA.jar;C:\Users\TESTINIUM\.m2\repository\com\google\code\findbugs\annotations\2.0.1\annotations-2.0.1.jar;C:\Users\TESTINIUM\.m2\repository\net\sourceforge\javacsv\javacsv\2.0\javacsv-2.0.jar
21-08-2020 14:40:31.170 [java] [DEBUG] found java executable in C:\Program Files\Java\jdk1.8.0_202\jre\bin\java.exe
21-08-2020 14:40:31.170 [java] [DEBUG] running - C:\Program Files\Java\jdk1.8.0_202\jre\bin\java.exe [-Dfile.encoding=UTF-8 com.thoughtworks.gauge.GaugeRuntime --start]
21-08-2020 14:40:31.170 [java] [DEBUG] stdout/stderr is logged to logs\9032-java.exe.out
21-08-2020 14:40:31.421 [java] [DEBUG] multithreading is set to false
21-08-2020 14:40:31.729 [java] [DEBUG] Using reflection to scan dependencies for gauge implementations...
21-08-2020 14:40:31.831 [java] [ERROR] SLF4J: Failed to load class "org.slf4j.impl.StaticLoggerBinder".
21-08-2020 14:40:31.831 [java] [ERROR] SLF4J: Defaulting to no-operation (NOP) logger implementation
21-08-2020 14:40:31.831 [java] [ERROR] SLF4J: See http://www.slf4j.org/codes.html#StaticLoggerBinder for further details.
21-08-2020 14:40:32.197 [java] [DEBUG] gauge-java took 775milliseconds to load and scan. This should be less than 'runner_connection_timeout' config value.
21-08-2020 14:40:32.197 [java] [DEBUG] run 'gauge config runner_connection_timeout' and verify that it is < 775
21-08-2020 14:40:32.197 [java] [DEBUG] starting gRPC server...
21-08-2020 14:40:32.539 [java] [DEBUG] started gRPC server on port 59577
21-08-2020 14:40:32.539 [Gauge] [DEBUG] Attempting to connect to grpc server at port: 59577
21-08-2020 14:40:32.704 [Gauge] [DEBUG] Successfully made the connection with runner with port: 59577
21-08-2020 14:40:32.704 [Gauge] [DEBUG] Validation started.
21-08-2020 14:40:35.347 [java] [DEBUG] Scanning packages for steps
21-08-2020 14:40:35.413 [java] [DEBUG] Comparing 'Steps.sendKeysToElementTest' and 'Steps.sendKeysToElementTest'
21-08-2020 14:40:35.413 [java] [DEBUG] Found {} li elemente {} değerini yaz in current project scope.
21-08-2020 14:40:35.413 [java] [DEBUG] Comparing 'Steps.getTextControlTest' and 'Steps.getTextControlTest'
21-08-2020 14:40:35.413 [java] [DEBUG] Found {} li elementin değeri {} değeri ile uyuşuyor mu kontrol et in current project scope.
21-08-2020 14:40:35.413 [java] [DEBUG] Comparing 'Steps.waitSecond' and 'Steps.waitSecond'
21-08-2020 14:40:35.413 [java] [DEBUG] Found {} saniye bekle in current project scope.
21-08-2020 14:40:35.414 [java] [DEBUG] Comparing 'Steps.clickElement' and 'Steps.clickElement'
21-08-2020 14:40:35.414 [java] [DEBUG] Found {} li elemente tıkla in current project scope.
21-08-2020 14:40:35.414 [java] [DEBUG] Comparing 'Steps.mouseHover' and 'Steps.mouseHover'
21-08-2020 14:40:35.414 [java] [DEBUG] Found {} li elementin üzerine gel in current project scope.
21-08-2020 14:40:35.414 [java] [DEBUG] Scanning packages for hooks
21-08-2020 14:40:35.427 [java] [DEBUG] Scanned steps (using static parsing + reflections): 
21-08-2020 14:40:35.427 [java] [DEBUG] 	{} li elemente tıkla : public void clickElement(String key)
21-08-2020 14:40:35.427 [java] [DEBUG] 	{} li elementin değeri {} değeri ile uyuşuyor mu kontrol et : public void getTextControlTest(String key, String text)
21-08-2020 14:40:35.427 [java] [DEBUG] 	{} saniye bekle : public void waitSecond(ınt second)
21-08-2020 14:40:35.427 [java] [DEBUG] 	{} li elemente {} değerini yaz : public void sendKeysToElementTest(String key, String text)
21-08-2020 14:40:35.427 [java] [DEBUG] 	{} li elementin üzerine gel : public void mouseHover(String key)
21-08-2020 14:40:37.225 [Gauge] [DEBUG] Validation completed.
21-08-2020 14:40:37.228 [Gauge] [DEBUG] Run started
21-08-2020 14:40:37.230 [Gauge] [DEBUG] Starting Html Report plugin
21-08-2020 14:40:38.338 [Gauge] [DEBUG] Attempting to connect to grpc server at port: 59580
21-08-2020 14:40:38.342 [Gauge] [DEBUG] Successfully made the connection with plugin with port: 59580
21-08-2020 14:40:38.342 [Gauge] [DEBUG] Initialising suite data store.
21-08-2020 14:40:39.128 [java] [ERROR] Starting ChromeDriver 84.0.4147.30 (48b3e868b4cc0aa7e8149519690b6f6949e110a8-refs/branch-heads/4147@{#310}) on port 46242
21-08-2020 14:40:39.128 [java] [ERROR] Only local connections are allowed.
21-08-2020 14:40:39.128 [java] [ERROR] Please see https://chromedriver.chromium.org/security-considerations for suggestions on keeping ChromeDriver safe.
21-08-2020 14:40:39.136 [java] [ERROR] ChromeDriver was started successfully.
21-08-2020 14:40:42.198 [java] [ERROR] Ağu 21, 2020 2:40:42 PM org.openqa.selenium.remote.ProtocolHandshake createSession
21-08-2020 14:40:42.198 [java] [ERROR] INFO: Detected dialect: OSS
21-08-2020 14:40:49.593 [java] [DEBUG] Executing '{} li elementin üzerine gel' using 'class Steps.mouseHover
21-08-2020 14:40:49.696 [java] [DEBUG] Executing '{} li elemente tıkla' using 'class Steps.clickElement
21-08-2020 14:40:51.396 [java] [DEBUG] Executing '{} li elemente {} değerini yaz' using 'class Steps.sendKeysToElementTest
21-08-2020 14:40:54.420 [java] [DEBUG] Executing '{} li elemente {} değerini yaz' using 'class Steps.sendKeysToElementTest
21-08-2020 14:40:55.198 [java] [DEBUG] Executing '{} li elemente tıkla' using 'class Steps.clickElement
21-08-2020 14:40:55.891 [java] [DEBUG] Executing '{} saniye bekle' using 'class Steps.waitSecond
21-08-2020 14:41:00.899 [java] [DEBUG] Executing '{} li elementin değeri {} değeri ile uyuşuyor mu kontrol et' using 'class Steps.getTextControlTest
21-08-2020 14:41:01.908 [java] [INFO] Elemanın Text değeri: Hesabım
21-08-2020 14:41:01.911 [java] [INFO] Girilen değer ile Elementin texti uyuşuyor..
21-08-2020 14:41:01.919 [java] [DEBUG] Executing '{} li elemente tıkla' using 'class Steps.clickElement
21-08-2020 14:41:03.982 [java] [DEBUG] Executing '{} li elementin değeri {} değeri ile uyuşuyor mu kontrol et' using 'class Steps.getTextControlTest
21-08-2020 14:41:05.155 [java] [INFO] Elemanın Text değeri: Testinium, sepetin şu an boş.
21-08-2020 14:41:05.155 [java] [INFO] Girilen değer ile Elementin texti uyuşuyor..
21-08-2020 14:41:05.164 [java] [DEBUG] Executing '{} li elemente tıkla' using 'class Steps.clickElement
21-08-2020 14:41:08.339 [html-report] [DEBUG] Transformed SuiteResult to report structure
21-08-2020 14:41:09.869 [html-report] [INFO] Successfully generated html-report to => C:\Users\TESTINIUM\IdeaProjects\BddGauge\reports\html-report\index.html
21-08-2020 14:41:09.869 [html-report] [DEBUG] Done generating HTML report using theme from C:\Users\TESTINIUM\AppData\Roaming\gauge\plugins\html-report\4.0.12\themes\default
21-08-2020 14:41:09.869 [Gauge] [DEBUG] Sending kill message to Html Report plugin.
21-08-2020 14:41:10.391 [Gauge] [DEBUG] Runner with PID:9032 has exited
21-08-2020 14:41:10.391 [Gauge] [INFO] Specifications:	1 executed	1 passed	0 failed	0 skipped
21-08-2020 14:41:10.391 [Gauge] [INFO] Scenarios:	1 executed	1 passed	0 failed	0 skipped
21-08-2020 14:41:10.398 [Gauge] [INFO] 
Total time taken: 31.104s
21-08-2020 15:04:51.694 [Gauge] [DEBUG] Created gauge_screenshots_dir at C:\Users\TESTINIUM\IdeaProjects\BddGauge\.gauge\screenshots
21-08-2020 15:04:51.697 [Gauge] [DEBUG] Plugin java is already installed.
21-08-2020 15:04:51.697 [Gauge] [DEBUG] Plugin html-report is already installed.
21-08-2020 15:04:51.698 [Gauge] [DEBUG] Parsing started.
21-08-2020 15:04:51.698 [Gauge] [DEBUG] Started concepts parsing.
21-08-2020 15:04:51.707 [Gauge] [ERROR] Concept parse failure: C:\Users\TESTINIUM\IdeaProjects\BddGauge\specs\Product.cpt C:\Users\TESTINIUM\IdeaProjects\BddGauge\specs\SelectCategory.cpt:1 Concept should have atleast one step => 'Specification Heading'
21-08-2020 15:04:51.707 [Gauge] [ERROR] [ParseError] C:\Users\TESTINIUM\IdeaProjects\BddGauge\specs\SelectCategory.cpt:1 Concept should have atleast one step => 'Specification Heading'
21-08-2020 15:04:51.707 [Gauge] [DEBUG] 7 concepts parsing completed.
21-08-2020 15:04:51.707 [Gauge] [DEBUG] Started specifications parsing.
21-08-2020 15:04:51.708 [Gauge] [DEBUG] 1 specifications parsing completed.
21-08-2020 15:04:51.708 [Gauge] [DEBUG] Parsing completed.
21-08-2020 15:04:51.730 [java] [DEBUG] ***** Printing Properties/Env Values *****
21-08-2020 15:04:51.730 [java] [DEBUG] PATH: C:\Program Files (x86)\Common Files\Oracle\Java\javapath\;C:\Windows\system32;C:\Windows;C:\Windows\System32\Wbem;C:\Windows\System32\WindowsPowerShell\v1.0\;C:\Windows\System32\OpenSSH\;C:\Program Files (x86)\Intel\Intel(R) Management Engine Components\DAL;C:\Program Files\Intel\Intel(R) Management Engine Components\DAL;C:\ProgramData\chocolatey\bin;C:\ProgramData\chocolatey\lib\maven\apache-maven-3.6.3\bin;C:\Program Files\gauge\bin;C:\Program Files\Git\cmd;C:\Users\TESTINIUM\AppData\Local\Microsoft\WindowsApps;C:\adb;C:\Users\TESTINIUM\AppData\Local\Microsoft\WindowsApps;C:\Users\TESTINIUM\AppData\Local\GitHubDesktop\bin;C:\Users\TESTINIUM\AppData\Roaming\gauge\plugins\screenshot\0.0.1
21-08-2020 15:04:51.730 [java] [DEBUG] JAVA_HOME: C:\Program Files\Java\jdk1.8.0_202
21-08-2020 15:04:51.730 [java] [DEBUG] gauge_project_root: C:\Users\TESTINIUM\IdeaProjects\BddGauge
21-08-2020 15:04:51.730 [java] [DEBUG] gauge_parallel_streams_count: 8
21-08-2020 15:04:51.730 [java] [DEBUG] gauge_reports_dir: reports
21-08-2020 15:04:51.730 [java] [DEBUG] overwrite_reports: true
21-08-2020 15:04:51.730 [java] [DEBUG] logs_directory: logs
21-08-2020 15:04:51.730 [java] [DEBUG] enable_multithreading: false
21-08-2020 15:04:51.730 [java] [DEBUG] gauge_specs_dir: specs
21-08-2020 15:04:51.731 [java] [DEBUG] csv_delimiter: ,
21-08-2020 15:04:51.731 [java] [DEBUG] gauge_java_home: 
21-08-2020 15:04:51.731 [java] [DEBUG] gauge_custom_build_path: 
21-08-2020 15:04:51.731 [java] [DEBUG] gauge_additional_libs: libs/*
21-08-2020 15:04:51.731 [java] [DEBUG] gauge_jvm_args: 
21-08-2020 15:04:51.731 [java] [DEBUG] gauge_custom_compile_dir: 
21-08-2020 15:04:51.731 [java] [DEBUG] gauge_clear_state_level: scenario
21-08-2020 15:04:51.731 [java] [DEBUG] ***** END *****
21-08-2020 15:04:54.104 [Gauge] [DEBUG] Checking updates...
21-08-2020 15:04:54.105 [Gauge] [DEBUG] Downloading https://downloads.gauge.org/plugin/html-report?l=java&p=html-report,java,json-report,screenshot,spectacle,xml-report&o=windows&a=amd64
21-08-2020 15:04:54.964 [java] [DEBUG] classpath set to C:\Program Files\Java\jdk1.8.0_202\jre\lib\charsets.jar;C:\Program Files\Java\jdk1.8.0_202\jre\lib\deploy.jar;C:\Program Files\Java\jdk1.8.0_202\jre\lib\ext\access-bridge-64.jar;C:\Program Files\Java\jdk1.8.0_202\jre\lib\ext\cldrdata.jar;C:\Program Files\Java\jdk1.8.0_202\jre\lib\ext\dnsns.jar;C:\Program Files\Java\jdk1.8.0_202\jre\lib\ext\jaccess.jar;C:\Program Files\Java\jdk1.8.0_202\jre\lib\ext\jfxrt.jar;C:\Program Files\Java\jdk1.8.0_202\jre\lib\ext\localedata.jar;C:\Program Files\Java\jdk1.8.0_202\jre\lib\ext\nashorn.jar;C:\Program Files\Java\jdk1.8.0_202\jre\lib\ext\sunec.jar;C:\Program Files\Java\jdk1.8.0_202\jre\lib\ext\sunjce_provider.jar;C:\Program Files\Java\jdk1.8.0_202\jre\lib\ext\sunmscapi.jar;C:\Program Files\Java\jdk1.8.0_202\jre\lib\ext\sunpkcs11.jar;C:\Program Files\Java\jdk1.8.0_202\jre\lib\ext\zipfs.jar;C:\Program Files\Java\jdk1.8.0_202\jre\lib\javaws.jar;C:\Program Files\Java\jdk1.8.0_202\jre\lib\jce.jar;C:\Program Files\Java\jdk1.8.0_202\jre\lib\jfr.jar;C:\Program Files\Java\jdk1.8.0_202\jre\lib\jfxswt.jar;C:\Program Files\Java\jdk1.8.0_202\jre\lib\jsse.jar;C:\Program Files\Java\jdk1.8.0_202\jre\lib\management-agent.jar;C:\Program Files\Java\jdk1.8.0_202\jre\lib\plugin.jar;C:\Program Files\Java\jdk1.8.0_202\jre\lib\resources.jar;C:\Program Files\Java\jdk1.8.0_202\jre\lib\rt.jar;C:\Users\TESTINIUM\IdeaProjects\BddGauge\target\test-classes;C:\Users\TESTINIUM\.m2\repository\com\thoughtworks\gauge\gauge-java\0.7.9\gauge-java-0.7.9.jar;C:\Users\TESTINIUM\.m2\repository\com\github\javaparser\javaparser-core\3.16.1\javaparser-core-3.16.1.jar;C:\Users\TESTINIUM\.m2\repository\commons-io\commons-io\2.7\commons-io-2.7.jar;C:\Users\TESTINIUM\.m2\repository\commons-lang\commons-lang\2.6\commons-lang-2.6.jar;C:\Users\TESTINIUM\.m2\repository\org\json\json\20200518\json-20200518.jar;C:\Users\TESTINIUM\.m2\repository\com\google\protobuf\protobuf-java\3.12.2\protobuf-java-3.12.2.jar;C:\Users\TESTINIUM\.m2\repository\com\google\guava\guava\29.0-jre\guava-29.0-jre.jar;C:\Users\TESTINIUM\.m2\repository\com\google\guava\failureaccess\1.0.1\failureaccess-1.0.1.jar;C:\Users\TESTINIUM\.m2\repository\com\google\guava\listenablefuture\9999.0-empty-to-avoid-conflict-with-guava\listenablefuture-9999.0-empty-to-avoid-conflict-with-guava.jar;C:\Users\TESTINIUM\.m2\repository\com\google\code\findbugs\jsr305\3.0.2\jsr305-3.0.2.jar;C:\Users\TESTINIUM\.m2\repository\org\checkerframework\checker-qual\2.11.1\checker-qual-2.11.1.jar;C:\Users\TESTINIUM\.m2\repository\com\google\errorprone\error_prone_annotations\2.3.4\error_prone_annotations-2.3.4.jar;C:\Users\TESTINIUM\.m2\repository\com\google\j2objc\j2objc-annotations\1.3\j2objc-annotations-1.3.jar;C:\Users\TESTINIUM\.m2\repository\io\grpc\grpc-netty-shaded\1.30.2\grpc-netty-shaded-1.30.2.jar;C:\Users\TESTINIUM\.m2\repository\io\grpc\grpc-core\1.30.2\grpc-core-1.30.2.jar;C:\Users\TESTINIUM\.m2\repository\com\google\android\annotations\4.1.1.4\annotations-4.1.1.4.jar;C:\Users\TESTINIUM\.m2\repository\io\perfmark\perfmark-api\0.19.0\perfmark-api-0.19.0.jar;C:\Users\TESTINIUM\.m2\repository\io\grpc\grpc-protobuf\1.30.2\grpc-protobuf-1.30.2.jar;C:\Users\TESTINIUM\.m2\repository\io\grpc\grpc-api\1.30.2\grpc-api-1.30.2.jar;C:\Users\TESTINIUM\.m2\repository\io\grpc\grpc-context\1.30.2\grpc-context-1.30.2.jar;C:\Users\TESTINIUM\.m2\repository\com\google\api\grpc\proto-google-common-protos\1.17.0\proto-google-common-protos-1.17.0.jar;C:\Users\TESTINIUM\.m2\repository\io\grpc\grpc-protobuf-lite\1.30.2\grpc-protobuf-lite-1.30.2.jar;C:\Users\TESTINIUM\.m2\repository\org\codehaus\mojo\animal-sniffer-annotations\1.18\animal-sniffer-annotations-1.18.jar;C:\Users\TESTINIUM\.m2\repository\io\grpc\grpc-stub\1.30.2\grpc-stub-1.30.2.jar;C:\Users\TESTINIUM\.m2\repository\javax\annotation\javax.annotation-api\1.3.2\javax.annotation-api-1.3.2.jar;C:\Users\TESTINIUM\.m2\repository\junit\junit\4.12\junit-4.12.jar;C:\Users\TESTINIUM\.m2\repository\org\hamcrest\hamcrest-core\1.3\hamcrest-core-1.3.jar;C:\Users\TESTINIUM\.m2\repository\org\assertj\assertj-core\3.10.0\assertj-core-3.10.0.jar;C:\Users\TESTINIUM\.m2\repository\org\seleniumhq\selenium\selenium-java\3.141.59\selenium-java-3.141.59.jar;C:\Users\TESTINIUM\.m2\repository\org\seleniumhq\selenium\selenium-api\3.141.59\selenium-api-3.141.59.jar;C:\Users\TESTINIUM\.m2\repository\org\seleniumhq\selenium\selenium-chrome-driver\3.141.59\selenium-chrome-driver-3.141.59.jar;C:\Users\TESTINIUM\.m2\repository\org\seleniumhq\selenium\selenium-edge-driver\3.141.59\selenium-edge-driver-3.141.59.jar;C:\Users\TESTINIUM\.m2\repository\org\seleniumhq\selenium\selenium-firefox-driver\3.141.59\selenium-firefox-driver-3.141.59.jar;C:\Users\TESTINIUM\.m2\repository\org\seleniumhq\selenium\selenium-ie-driver\3.141.59\selenium-ie-driver-3.141.59.jar;C:\Users\TESTINIUM\.m2\repository\org\seleniumhq\selenium\selenium-opera-driver\3.141.59\selenium-opera-driver-3.141.59.jar;C:\Users\TESTINIUM\.m2\repository\org\seleniumhq\selenium\selenium-remote-driver\3.141.59\selenium-remote-driver-3.141.59.jar;C:\Users\TESTINIUM\.m2\repository\org\seleniumhq\selenium\selenium-safari-driver\3.141.59\selenium-safari-driver-3.141.59.jar;C:\Users\TESTINIUM\.m2\repository\org\seleniumhq\selenium\selenium-support\3.141.59\selenium-support-3.141.59.jar;C:\Users\TESTINIUM\.m2\repository\net\bytebuddy\byte-buddy\1.8.15\byte-buddy-1.8.15.jar;C:\Users\TESTINIUM\.m2\repository\org\apache\commons\commons-exec\1.3\commons-exec-1.3.jar;C:\Users\TESTINIUM\.m2\repository\com\squareup\okhttp3\okhttp\3.11.0\okhttp-3.11.0.jar;C:\Users\TESTINIUM\.m2\repository\com\squareup\okio\okio\1.14.0\okio-1.14.0.jar;C:\Users\TESTINIUM\.m2\repository\io\github\bonigarcia\webdrivermanager\3.7.1\webdrivermanager-3.7.1.jar;C:\Users\TESTINIUM\.m2\repository\org\slf4j\slf4j-api\1.7.25\slf4j-api-1.7.25.jar;C:\Users\TESTINIUM\.m2\repository\com\google\code\gson\gson\2.8.5\gson-2.8.5.jar;C:\Users\TESTINIUM\.m2\repository\org\apache\commons\commons-lang3\3.8.1\commons-lang3-3.8.1.jar;C:\Users\TESTINIUM\.m2\repository\org\apache\httpcomponents\httpclient\4.5.6\httpclient-4.5.6.jar;C:\Users\TESTINIUM\.m2\repository\org\apache\httpcomponents\httpcore\4.4.10\httpcore-4.4.10.jar;C:\Users\TESTINIUM\.m2\repository\commons-logging\commons-logging\1.2\commons-logging-1.2.jar;C:\Users\TESTINIUM\.m2\repository\commons-codec\commons-codec\1.10\commons-codec-1.10.jar;C:\Users\TESTINIUM\.m2\repository\org\rauschig\jarchivelib\1.0.0\jarchivelib-1.0.0.jar;C:\Users\TESTINIUM\.m2\repository\org\apache\commons\commons-compress\1.18\commons-compress-1.18.jar;C:\Users\TESTINIUM\.m2\repository\org\jsoup\jsoup\1.11.3\jsoup-1.11.3.jar;C:\Users\TESTINIUM\.m2\repository\org\reflections\reflections\0.9.10\reflections-0.9.10.jar;C:\Users\TESTINIUM\.m2\repository\org\javassist\javassist\3.19.0-GA\javassist-3.19.0-GA.jar;C:\Users\TESTINIUM\.m2\repository\com\google\code\findbugs\annotations\2.0.1\annotations-2.0.1.jar;C:\Users\TESTINIUM\.m2\repository\net\sourceforge\javacsv\javacsv\2.0\javacsv-2.0.jar
21-08-2020 15:04:55.064 [java] [DEBUG] found java executable in C:\Program Files\Java\jdk1.8.0_202\jre\bin\java.exe
21-08-2020 15:04:55.064 [java] [DEBUG] running - C:\Program Files\Java\jdk1.8.0_202\jre\bin\java.exe [-Dfile.encoding=UTF-8 com.thoughtworks.gauge.GaugeRuntime --start]
21-08-2020 15:04:55.064 [java] [DEBUG] stdout/stderr is logged to logs\740-java.exe.out
21-08-2020 15:04:55.254 [java] [DEBUG] multithreading is set to false
21-08-2020 15:04:55.353 [Gauge] [DEBUG] Downloading https://downloads.gauge.org/plugin/java?l=java&p=html-report,java,json-report,screenshot,spectacle,xml-report&o=windows&a=amd64
21-08-2020 15:04:55.441 [Gauge] [DEBUG] Downloading https://downloads.gauge.org/plugin/json-report?l=java&p=html-report,java,json-report,screenshot,spectacle,xml-report&o=windows&a=amd64
21-08-2020 15:04:55.557 [java] [DEBUG] Using reflection to scan dependencies for gauge implementations...
21-08-2020 15:04:55.648 [Gauge] [DEBUG] Downloading https://downloads.gauge.org/plugin/screenshot?l=java&p=html-report,java,json-report,screenshot,spectacle,xml-report&o=windows&a=amd64
21-08-2020 15:04:55.672 [java] [ERROR] SLF4J: Failed to load class "org.slf4j.impl.StaticLoggerBinder".
21-08-2020 15:04:55.672 [java] [ERROR] SLF4J: Defaulting to no-operation (NOP) logger implementation
21-08-2020 15:04:55.672 [java] [ERROR] SLF4J: See http://www.slf4j.org/codes.html#StaticLoggerBinder for further details.
21-08-2020 15:04:55.729 [Gauge] [DEBUG] Downloading https://downloads.gauge.org/plugin/spectacle?l=java&p=html-report,java,json-report,screenshot,spectacle,xml-report&o=windows&a=amd64
21-08-2020 15:04:55.823 [Gauge] [DEBUG] Downloading https://downloads.gauge.org/plugin/xml-report?l=java&p=html-report,java,json-report,screenshot,spectacle,xml-report&o=windows&a=amd64
21-08-2020 15:04:56.021 [java] [DEBUG] gauge-java took 767milliseconds to load and scan. This should be less than 'runner_connection_timeout' config value.
21-08-2020 15:04:56.021 [java] [DEBUG] run 'gauge config runner_connection_timeout' and verify that it is < 767
21-08-2020 15:04:56.027 [java] [DEBUG] starting gRPC server...
21-08-2020 15:05:00.504 [Gauge] [DEBUG] Created gauge_screenshots_dir at C:\Users\TESTINIUM\IdeaProjects\BddGauge\.gauge\screenshots
21-08-2020 15:05:00.511 [Gauge] [DEBUG] Plugin java is already installed.
21-08-2020 15:05:00.512 [Gauge] [DEBUG] Plugin html-report is already installed.
21-08-2020 15:05:00.513 [Gauge] [DEBUG] Parsing started.
21-08-2020 15:05:00.513 [Gauge] [DEBUG] Started concepts parsing.
21-08-2020 15:05:00.520 [Gauge] [ERROR] Concept parse failure: C:\Users\TESTINIUM\IdeaProjects\BddGauge\specs\Product.cpt C:\Users\TESTINIUM\IdeaProjects\BddGauge\specs\SelectCategory.cpt:1 Concept should have atleast one step => 'Specification Heading'
21-08-2020 15:05:00.520 [Gauge] [ERROR] [ParseError] C:\Users\TESTINIUM\IdeaProjects\BddGauge\specs\SelectCategory.cpt:1 Concept should have atleast one step => 'Specification Heading'
21-08-2020 15:05:00.520 [Gauge] [DEBUG] 7 concepts parsing completed.
21-08-2020 15:05:00.520 [Gauge] [DEBUG] Started specifications parsing.
21-08-2020 15:05:00.521 [Gauge] [DEBUG] 1 specifications parsing completed.
21-08-2020 15:05:00.521 [Gauge] [DEBUG] Parsing completed.
21-08-2020 15:05:00.542 [java] [DEBUG] ***** Printing Properties/Env Values *****
21-08-2020 15:05:00.542 [java] [DEBUG] PATH: C:\Program Files (x86)\Common Files\Oracle\Java\javapath\;C:\Windows\system32;C:\Windows;C:\Windows\System32\Wbem;C:\Windows\System32\WindowsPowerShell\v1.0\;C:\Windows\System32\OpenSSH\;C:\Program Files (x86)\Intel\Intel(R) Management Engine Components\DAL;C:\Program Files\Intel\Intel(R) Management Engine Components\DAL;C:\ProgramData\chocolatey\bin;C:\ProgramData\chocolatey\lib\maven\apache-maven-3.6.3\bin;C:\Program Files\gauge\bin;C:\Program Files\Git\cmd;C:\Users\TESTINIUM\AppData\Local\Microsoft\WindowsApps;C:\adb;C:\Users\TESTINIUM\AppData\Local\Microsoft\WindowsApps;C:\Users\TESTINIUM\AppData\Local\GitHubDesktop\bin;C:\Users\TESTINIUM\AppData\Roaming\gauge\plugins\screenshot\0.0.1
21-08-2020 15:05:00.542 [java] [DEBUG] JAVA_HOME: C:\Program Files\Java\jdk1.8.0_202
21-08-2020 15:05:00.542 [java] [DEBUG] gauge_project_root: C:\Users\TESTINIUM\IdeaProjects\BddGauge
21-08-2020 15:05:00.542 [java] [DEBUG] gauge_parallel_streams_count: 8
21-08-2020 15:05:00.542 [java] [DEBUG] gauge_reports_dir: reports
21-08-2020 15:05:00.542 [java] [DEBUG] overwrite_reports: true
21-08-2020 15:05:00.542 [java] [DEBUG] logs_directory: logs
21-08-2020 15:05:00.542 [java] [DEBUG] enable_multithreading: false
21-08-2020 15:05:00.542 [java] [DEBUG] gauge_specs_dir: specs
21-08-2020 15:05:00.542 [java] [DEBUG] csv_delimiter: ,
21-08-2020 15:05:00.542 [java] [DEBUG] gauge_java_home: 
21-08-2020 15:05:00.542 [java] [DEBUG] gauge_custom_build_path: 
21-08-2020 15:05:00.542 [java] [DEBUG] gauge_additional_libs: libs/*
21-08-2020 15:05:00.542 [java] [DEBUG] gauge_jvm_args: 
21-08-2020 15:05:00.543 [java] [DEBUG] gauge_custom_compile_dir: 
21-08-2020 15:05:00.543 [java] [DEBUG] gauge_clear_state_level: scenario
21-08-2020 15:05:00.543 [java] [DEBUG] ***** END *****
21-08-2020 15:05:00.858 [Gauge] [DEBUG] Checking updates...
21-08-2020 15:05:00.867 [Gauge] [DEBUG] Downloading https://downloads.gauge.org/plugin/html-report?l=java&p=html-report,java,json-report,screenshot,spectacle,xml-report&o=windows&a=amd64
21-08-2020 15:05:01.139 [Gauge] [DEBUG] Downloading https://downloads.gauge.org/plugin/java?l=java&p=html-report,java,json-report,screenshot,spectacle,xml-report&o=windows&a=amd64
21-08-2020 15:05:01.229 [Gauge] [DEBUG] Downloading https://downloads.gauge.org/plugin/json-report?l=java&p=html-report,java,json-report,screenshot,spectacle,xml-report&o=windows&a=amd64
21-08-2020 15:05:01.377 [Gauge] [DEBUG] Downloading https://downloads.gauge.org/plugin/screenshot?l=java&p=html-report,java,json-report,screenshot,spectacle,xml-report&o=windows&a=amd64
21-08-2020 15:05:01.458 [Gauge] [DEBUG] Downloading https://downloads.gauge.org/plugin/spectacle?l=java&p=html-report,java,json-report,screenshot,spectacle,xml-report&o=windows&a=amd64
21-08-2020 15:05:01.628 [Gauge] [DEBUG] Downloading https://downloads.gauge.org/plugin/xml-report?l=java&p=html-report,java,json-report,screenshot,spectacle,xml-report&o=windows&a=amd64
21-08-2020 15:05:06.387 [java] [DEBUG] classpath set to C:\Program Files\Java\jdk1.8.0_202\jre\lib\charsets.jar;C:\Program Files\Java\jdk1.8.0_202\jre\lib\deploy.jar;C:\Program Files\Java\jdk1.8.0_202\jre\lib\ext\access-bridge-64.jar;C:\Program Files\Java\jdk1.8.0_202\jre\lib\ext\cldrdata.jar;C:\Program Files\Java\jdk1.8.0_202\jre\lib\ext\dnsns.jar;C:\Program Files\Java\jdk1.8.0_202\jre\lib\ext\jaccess.jar;C:\Program Files\Java\jdk1.8.0_202\jre\lib\ext\jfxrt.jar;C:\Program Files\Java\jdk1.8.0_202\jre\lib\ext\localedata.jar;C:\Program Files\Java\jdk1.8.0_202\jre\lib\ext\nashorn.jar;C:\Program Files\Java\jdk1.8.0_202\jre\lib\ext\sunec.jar;C:\Program Files\Java\jdk1.8.0_202\jre\lib\ext\sunjce_provider.jar;C:\Program Files\Java\jdk1.8.0_202\jre\lib\ext\sunmscapi.jar;C:\Program Files\Java\jdk1.8.0_202\jre\lib\ext\sunpkcs11.jar;C:\Program Files\Java\jdk1.8.0_202\jre\lib\ext\zipfs.jar;C:\Program Files\Java\jdk1.8.0_202\jre\lib\javaws.jar;C:\Program Files\Java\jdk1.8.0_202\jre\lib\jce.jar;C:\Program Files\Java\jdk1.8.0_202\jre\lib\jfr.jar;C:\Program Files\Java\jdk1.8.0_202\jre\lib\jfxswt.jar;C:\Program Files\Java\jdk1.8.0_202\jre\lib\jsse.jar;C:\Program Files\Java\jdk1.8.0_202\jre\lib\management-agent.jar;C:\Program Files\Java\jdk1.8.0_202\jre\lib\plugin.jar;C:\Program Files\Java\jdk1.8.0_202\jre\lib\resources.jar;C:\Program Files\Java\jdk1.8.0_202\jre\lib\rt.jar;C:\Users\TESTINIUM\IdeaProjects\BddGauge\target\test-classes;C:\Users\TESTINIUM\.m2\repository\com\thoughtworks\gauge\gauge-java\0.7.9\gauge-java-0.7.9.jar;C:\Users\TESTINIUM\.m2\repository\com\github\javaparser\javaparser-core\3.16.1\javaparser-core-3.16.1.jar;C:\Users\TESTINIUM\.m2\repository\commons-io\commons-io\2.7\commons-io-2.7.jar;C:\Users\TESTINIUM\.m2\repository\commons-lang\commons-lang\2.6\commons-lang-2.6.jar;C:\Users\TESTINIUM\.m2\repository\org\json\json\20200518\json-20200518.jar;C:\Users\TESTINIUM\.m2\repository\com\google\protobuf\protobuf-java\3.12.2\protobuf-java-3.12.2.jar;C:\Users\TESTINIUM\.m2\repository\com\google\guava\guava\29.0-jre\guava-29.0-jre.jar;C:\Users\TESTINIUM\.m2\repository\com\google\guava\failureaccess\1.0.1\failureaccess-1.0.1.jar;C:\Users\TESTINIUM\.m2\repository\com\google\guava\listenablefuture\9999.0-empty-to-avoid-conflict-with-guava\listenablefuture-9999.0-empty-to-avoid-conflict-with-guava.jar;C:\Users\TESTINIUM\.m2\repository\com\google\code\findbugs\jsr305\3.0.2\jsr305-3.0.2.jar;C:\Users\TESTINIUM\.m2\repository\org\checkerframework\checker-qual\2.11.1\checker-qual-2.11.1.jar;C:\Users\TESTINIUM\.m2\repository\com\google\errorprone\error_prone_annotations\2.3.4\error_prone_annotations-2.3.4.jar;C:\Users\TESTINIUM\.m2\repository\com\google\j2objc\j2objc-annotations\1.3\j2objc-annotations-1.3.jar;C:\Users\TESTINIUM\.m2\repository\io\grpc\grpc-netty-shaded\1.30.2\grpc-netty-shaded-1.30.2.jar;C:\Users\TESTINIUM\.m2\repository\io\grpc\grpc-core\1.30.2\grpc-core-1.30.2.jar;C:\Users\TESTINIUM\.m2\repository\com\google\android\annotations\4.1.1.4\annotations-4.1.1.4.jar;C:\Users\TESTINIUM\.m2\repository\io\perfmark\perfmark-api\0.19.0\perfmark-api-0.19.0.jar;C:\Users\TESTINIUM\.m2\repository\io\grpc\grpc-protobuf\1.30.2\grpc-protobuf-1.30.2.jar;C:\Users\TESTINIUM\.m2\repository\io\grpc\grpc-api\1.30.2\grpc-api-1.30.2.jar;C:\Users\TESTINIUM\.m2\repository\io\grpc\grpc-context\1.30.2\grpc-context-1.30.2.jar;C:\Users\TESTINIUM\.m2\repository\com\google\api\grpc\proto-google-common-protos\1.17.0\proto-google-common-protos-1.17.0.jar;C:\Users\TESTINIUM\.m2\repository\io\grpc\grpc-protobuf-lite\1.30.2\grpc-protobuf-lite-1.30.2.jar;C:\Users\TESTINIUM\.m2\repository\org\codehaus\mojo\animal-sniffer-annotations\1.18\animal-sniffer-annotations-1.18.jar;C:\Users\TESTINIUM\.m2\repository\io\grpc\grpc-stub\1.30.2\grpc-stub-1.30.2.jar;C:\Users\TESTINIUM\.m2\repository\javax\annotation\javax.annotation-api\1.3.2\javax.annotation-api-1.3.2.jar;C:\Users\TESTINIUM\.m2\repository\junit\junit\4.12\junit-4.12.jar;C:\Users\TESTINIUM\.m2\repository\org\hamcrest\hamcrest-core\1.3\hamcrest-core-1.3.jar;C:\Users\TESTINIUM\.m2\repository\org\assertj\assertj-core\3.10.0\assertj-core-3.10.0.jar;C:\Users\TESTINIUM\.m2\repository\org\seleniumhq\selenium\selenium-java\3.141.59\selenium-java-3.141.59.jar;C:\Users\TESTINIUM\.m2\repository\org\seleniumhq\selenium\selenium-api\3.141.59\selenium-api-3.141.59.jar;C:\Users\TESTINIUM\.m2\repository\org\seleniumhq\selenium\selenium-chrome-driver\3.141.59\selenium-chrome-driver-3.141.59.jar;C:\Users\TESTINIUM\.m2\repository\org\seleniumhq\selenium\selenium-edge-driver\3.141.59\selenium-edge-driver-3.141.59.jar;C:\Users\TESTINIUM\.m2\repository\org\seleniumhq\selenium\selenium-firefox-driver\3.141.59\selenium-firefox-driver-3.141.59.jar;C:\Users\TESTINIUM\.m2\repository\org\seleniumhq\selenium\selenium-ie-driver\3.141.59\selenium-ie-driver-3.141.59.jar;C:\Users\TESTINIUM\.m2\repository\org\seleniumhq\selenium\selenium-opera-driver\3.141.59\selenium-opera-driver-3.141.59.jar;C:\Users\TESTINIUM\.m2\repository\org\seleniumhq\selenium\selenium-remote-driver\3.141.59\selenium-remote-driver-3.141.59.jar;C:\Users\TESTINIUM\.m2\repository\org\seleniumhq\selenium\selenium-safari-driver\3.141.59\selenium-safari-driver-3.141.59.jar;C:\Users\TESTINIUM\.m2\repository\org\seleniumhq\selenium\selenium-support\3.141.59\selenium-support-3.141.59.jar;C:\Users\TESTINIUM\.m2\repository\net\bytebuddy\byte-buddy\1.8.15\byte-buddy-1.8.15.jar;C:\Users\TESTINIUM\.m2\repository\org\apache\commons\commons-exec\1.3\commons-exec-1.3.jar;C:\Users\TESTINIUM\.m2\repository\com\squareup\okhttp3\okhttp\3.11.0\okhttp-3.11.0.jar;C:\Users\TESTINIUM\.m2\repository\com\squareup\okio\okio\1.14.0\okio-1.14.0.jar;C:\Users\TESTINIUM\.m2\repository\io\github\bonigarcia\webdrivermanager\3.7.1\webdrivermanager-3.7.1.jar;C:\Users\TESTINIUM\.m2\repository\org\slf4j\slf4j-api\1.7.25\slf4j-api-1.7.25.jar;C:\Users\TESTINIUM\.m2\repository\com\google\code\gson\gson\2.8.5\gson-2.8.5.jar;C:\Users\TESTINIUM\.m2\repository\org\apache\commons\commons-lang3\3.8.1\commons-lang3-3.8.1.jar;C:\Users\TESTINIUM\.m2\repository\org\apache\httpcomponents\httpclient\4.5.6\httpclient-4.5.6.jar;C:\Users\TESTINIUM\.m2\repository\org\apache\httpcomponents\httpcore\4.4.10\httpcore-4.4.10.jar;C:\Users\TESTINIUM\.m2\repository\commons-logging\commons-logging\1.2\commons-logging-1.2.jar;C:\Users\TESTINIUM\.m2\repository\commons-codec\commons-codec\1.10\commons-codec-1.10.jar;C:\Users\TESTINIUM\.m2\repository\org\rauschig\jarchivelib\1.0.0\jarchivelib-1.0.0.jar;C:\Users\TESTINIUM\.m2\repository\org\apache\commons\commons-compress\1.18\commons-compress-1.18.jar;C:\Users\TESTINIUM\.m2\repository\org\jsoup\jsoup\1.11.3\jsoup-1.11.3.jar;C:\Users\TESTINIUM\.m2\repository\org\reflections\reflections\0.9.10\reflections-0.9.10.jar;C:\Users\TESTINIUM\.m2\repository\org\javassist\javassist\3.19.0-GA\javassist-3.19.0-GA.jar;C:\Users\TESTINIUM\.m2\repository\com\google\code\findbugs\annotations\2.0.1\annotations-2.0.1.jar;C:\Users\TESTINIUM\.m2\repository\net\sourceforge\javacsv\javacsv\2.0\javacsv-2.0.jar
21-08-2020 15:05:06.525 [java] [DEBUG] found java executable in C:\Program Files\Java\jdk1.8.0_202\jre\bin\java.exe
21-08-2020 15:05:06.525 [java] [DEBUG] running - C:\Program Files\Java\jdk1.8.0_202\jre\bin\java.exe [-Dfile.encoding=UTF-8 com.thoughtworks.gauge.GaugeRuntime --start]
21-08-2020 15:05:06.525 [java] [DEBUG] stdout/stderr is logged to logs\8268-java.exe.out
21-08-2020 15:05:06.954 [java] [DEBUG] multithreading is set to false
21-08-2020 15:05:07.803 [java] [DEBUG] Using reflection to scan dependencies for gauge implementations...
21-08-2020 15:05:08.079 [java] [ERROR] SLF4J: Failed to load class "org.slf4j.impl.StaticLoggerBinder".
21-08-2020 15:05:08.079 [java] [ERROR] SLF4J: Defaulting to no-operation (NOP) logger implementation
21-08-2020 15:05:08.079 [java] [ERROR] SLF4J: See http://www.slf4j.org/codes.html#StaticLoggerBinder for further details.
21-08-2020 15:05:08.860 [java] [DEBUG] gauge-java took 1904milliseconds to load and scan. This should be less than 'runner_connection_timeout' config value.
21-08-2020 15:05:08.860 [java] [DEBUG] run 'gauge config runner_connection_timeout' and verify that it is < 1904
21-08-2020 15:05:08.867 [java] [DEBUG] starting gRPC server...
21-08-2020 15:05:09.681 [java] [DEBUG] started gRPC server on port 59859
21-08-2020 15:05:09.681 [Gauge] [DEBUG] Attempting to connect to grpc server at port: 59859
21-08-2020 15:05:09.988 [Gauge] [DEBUG] Successfully made the connection with runner with port: 59859
21-08-2020 15:05:09.988 [Gauge] [DEBUG] Validation started.
21-08-2020 15:05:14.340 [java] [DEBUG] Scanning packages for steps
21-08-2020 15:05:14.475 [java] [DEBUG] Comparing 'Steps.productNameWriteCsv' and 'Steps.productNameWriteCsv'
21-08-2020 15:05:14.475 [java] [DEBUG] Found Ürünün açıklama metnini csv dosyasına yaz in current project scope.
21-08-2020 15:05:14.475 [java] [DEBUG] Comparing 'Steps.optionClick' and 'Steps.optionClick'
21-08-2020 15:05:14.475 [java] [DEBUG] Found {} li elementlerden {}. olanına tıkla in current project scope.
21-08-2020 15:05:14.476 [java] [DEBUG] Comparing 'Steps.getTextControlTest' and 'Steps.getTextControlTest'
21-08-2020 15:05:14.476 [java] [DEBUG] Found {} li elementin değeri {} değeri ile uyuşuyor mu kontrol et in current project scope.
21-08-2020 15:05:14.476 [java] [DEBUG] Comparing 'Steps.waitSecond' and 'Steps.waitSecond'
21-08-2020 15:05:14.476 [java] [DEBUG] Found {} saniye bekle in current project scope.
21-08-2020 15:05:14.477 [java] [DEBUG] Comparing 'Steps.clickElement' and 'Steps.clickElement'
21-08-2020 15:05:14.477 [java] [DEBUG] Found {} li elemente tıkla in current project scope.
21-08-2020 15:05:14.477 [java] [DEBUG] Comparing 'Steps.randomMouseHover' and 'Steps.randomMouseHover'
21-08-2020 15:05:14.477 [java] [DEBUG] Found {} li elementlerin rastgele birinin üstüne gel in current project scope.
21-08-2020 15:05:14.478 [java] [DEBUG] Comparing 'Steps.cartQuantitySaveAttribute' and 'Steps.cartQuantitySaveAttribute'
21-08-2020 15:05:14.478 [java] [DEBUG] Found Detay sayfasındaki {} li elementin attribute'ünü kaydet in current project scope.
21-08-2020 15:05:14.478 [java] [DEBUG] Comparing 'Steps.changeControl' and 'Steps.changeControl'
21-08-2020 15:05:14.478 [java] [DEBUG] Found Sayfadaki div değişikliği kontrol et sonuca göre element seç in current project scope.
21-08-2020 15:05:14.479 [java] [DEBUG] Comparing 'Steps.sendKeysToElementTest' and 'Steps.sendKeysToElementTest'
21-08-2020 15:05:14.479 [java] [DEBUG] Found {} li elemente {} değerini yaz in current project scope.
21-08-2020 15:05:14.479 [java] [DEBUG] Comparing 'Steps.SaveTextRandomClick' and 'Steps.SaveTextRandomClick'
21-08-2020 15:05:14.479 [java] [DEBUG] Found {} li elementlerden rastgele birinin text değerini kaydet ve elemente tıkla in current project scope.
21-08-2020 15:05:14.480 [java] [DEBUG] Comparing 'Steps.basketChangeControl' and 'Steps.basketChangeControl'
21-08-2020 15:05:14.480 [java] [DEBUG] Found Sepete eklerkenki div değişikliği kontrol et sonuca göre işlem yap in current project scope.
21-08-2020 15:05:14.480 [java] [DEBUG] Comparing 'Steps.saveAttribute' and 'Steps.saveAttribute'
21-08-2020 15:05:14.480 [java] [DEBUG] Found {} li elementin attribute'ünü kaydet in current project scope.
21-08-2020 15:05:14.481 [java] [DEBUG] Comparing 'Steps.totalPriceWriteCsv' and 'Steps.totalPriceWriteCsv'
21-08-2020 15:05:14.489 [java] [DEBUG] Found {} li elementin toplam tutarını csv dosyasına yaz in current project scope.
21-08-2020 15:05:14.489 [java] [DEBUG] Comparing 'Steps.compareName' and 'Steps.compareName'
21-08-2020 15:05:14.490 [java] [DEBUG] Found Ürünün texti ile detay sayfasındaki ürünün textini karşılaştır in current project scope.
21-08-2020 15:05:14.490 [java] [DEBUG] Comparing 'Steps.randomClick' and 'Steps.randomClick'
21-08-2020 15:05:14.490 [java] [DEBUG] Found {} li elementlerden birine rastgele tıkla in current project scope.
21-08-2020 15:05:14.490 [java] [DEBUG] Comparing 'Steps.clickByXpath' and 'Steps.clickByXpath'
21-08-2020 15:05:14.490 [java] [DEBUG] Found {} li elemente xpath ile tıkla in current project scope.
21-08-2020 15:05:14.490 [java] [DEBUG] Comparing 'Steps.mouseHover' and 'Steps.mouseHover'
21-08-2020 15:05:14.490 [java] [DEBUG] Found {} li elementin üzerine gel in current project scope.
21-08-2020 15:05:14.490 [java] [DEBUG] Comparing 'Steps.detailNameSaveText' and 'Steps.detailNameSaveText'
21-08-2020 15:05:14.490 [java] [DEBUG] Found {} li elementin text değerini kaydet in current project scope.
21-08-2020 15:05:14.490 [java] [DEBUG] Scanning packages for hooks
21-08-2020 15:05:14.506 [java] [DEBUG] Scanned steps (using static parsing + reflections): 
21-08-2020 15:05:14.507 [java] [DEBUG] 	{} li elementlerden rastgele birinin text değerini kaydet ve elemente tıkla : public void SaveTextRandomClick(String key)
21-08-2020 15:05:14.507 [java] [DEBUG] 	{} li elementin toplam tutarını csv dosyasına yaz : public void totalPriceWriteCsv(String key) throws IOException
21-08-2020 15:05:14.507 [java] [DEBUG] 	Ürünün açıklama metnini csv dosyasına yaz : public void productNameWriteCsv() throws IOException
21-08-2020 15:05:14.507 [java] [DEBUG] 	{} li elementlerin rastgele birinin üstüne gel : public void randomMouseHover(String key)
21-08-2020 15:05:14.507 [java] [DEBUG] 	Sepete eklerkenki div değişikliği kontrol et sonuca göre işlem yap : public void basketChangeControl()
21-08-2020 15:05:14.507 [java] [DEBUG] 	{} li elementin değeri {} değeri ile uyuşuyor mu kontrol et : public void getTextControlTest(String key, String text)
21-08-2020 15:05:14.508 [java] [DEBUG] 	Ürünün texti ile detay sayfasındaki ürünün textini karşılaştır : public void compareName()
21-08-2020 15:05:14.508 [java] [DEBUG] 	{} li elementlerden {}. olanına tıkla : public void optionClick(String key, Integer number)
21-08-2020 15:05:14.508 [java] [DEBUG] 	{} li elemente {} değerini yaz : public void sendKeysToElementTest(String key, String text)
21-08-2020 15:05:14.508 [java] [DEBUG] 	{} li elementin text değerini kaydet : public void detailNameSaveText(String key)
21-08-2020 15:05:14.508 [java] [DEBUG] 	{} li elementlerden birine rastgele tıkla : public void randomClick(String key)
21-08-2020 15:05:14.508 [java] [DEBUG] 	Sayfadaki div değişikliği kontrol et sonuca göre element seç : public void changeControl()
21-08-2020 15:05:14.508 [java] [DEBUG] 	{} li elemente xpath ile tıkla : public void clickByXpath(String xpath)
21-08-2020 15:05:14.508 [java] [DEBUG] 	{} li elemente tıkla : public void clickElement(String key)
21-08-2020 15:05:14.509 [java] [DEBUG] 	{} saniye bekle : public void waitSecond(ınt second)
21-08-2020 15:05:14.509 [java] [DEBUG] 	{} li elementin üzerine gel : public void mouseHover(String key)
21-08-2020 15:05:14.509 [java] [DEBUG] 	Detay sayfasındaki {} li elementin attribute'ünü kaydet : public void cartQuantitySaveAttribute(String key)
21-08-2020 15:05:14.509 [java] [DEBUG] 	{} li elementin attribute'ünü kaydet : public void saveAttribute(String key)
21-08-2020 15:05:19.216 [Gauge] [DEBUG] Validation completed.
21-08-2020 15:05:19.738 [Gauge] [DEBUG] Runner with PID:8268 has exited
21-08-2020 15:05:52.973 [Gauge] [DEBUG] Created gauge_screenshots_dir at C:\Users\TESTINIUM\IdeaProjects\BddGauge\.gauge\screenshots
21-08-2020 15:05:52.978 [Gauge] [DEBUG] Plugin java is already installed.
21-08-2020 15:05:52.979 [Gauge] [DEBUG] Plugin html-report is already installed.
21-08-2020 15:05:52.985 [Gauge] [DEBUG] Parsing started.
21-08-2020 15:05:52.985 [Gauge] [DEBUG] Started concepts parsing.
21-08-2020 15:05:53.001 [Gauge] [ERROR] Concept parse failure: C:\Users\TESTINIUM\IdeaProjects\BddGauge\specs\SelectCategory.cpt C:\Users\TESTINIUM\IdeaProjects\BddGauge\specs\SelectCategory.cpt:1 Concept should have atleast one step => 'Specification Heading'
21-08-2020 15:05:53.001 [Gauge] [ERROR] [ParseError] C:\Users\TESTINIUM\IdeaProjects\BddGauge\specs\SelectCategory.cpt:1 Concept should have atleast one step => 'Specification Heading'
21-08-2020 15:05:53.001 [Gauge] [DEBUG] 7 concepts parsing completed.
21-08-2020 15:05:53.001 [Gauge] [DEBUG] Started specifications parsing.
21-08-2020 15:05:53.003 [Gauge] [DEBUG] 1 specifications parsing completed.
21-08-2020 15:05:53.003 [Gauge] [DEBUG] Parsing completed.
21-08-2020 15:05:53.040 [java] [DEBUG] ***** Printing Properties/Env Values *****
21-08-2020 15:05:53.040 [java] [DEBUG] PATH: C:\Program Files (x86)\Common Files\Oracle\Java\javapath\;C:\Windows\system32;C:\Windows;C:\Windows\System32\Wbem;C:\Windows\System32\WindowsPowerShell\v1.0\;C:\Windows\System32\OpenSSH\;C:\Program Files (x86)\Intel\Intel(R) Management Engine Components\DAL;C:\Program Files\Intel\Intel(R) Management Engine Components\DAL;C:\ProgramData\chocolatey\bin;C:\ProgramData\chocolatey\lib\maven\apache-maven-3.6.3\bin;C:\Program Files\gauge\bin;C:\Program Files\Git\cmd;C:\Users\TESTINIUM\AppData\Local\Microsoft\WindowsApps;C:\adb;C:\Users\TESTINIUM\AppData\Local\Microsoft\WindowsApps;C:\Users\TESTINIUM\AppData\Local\GitHubDesktop\bin;C:\Users\TESTINIUM\AppData\Roaming\gauge\plugins\screenshot\0.0.1
21-08-2020 15:05:53.040 [java] [DEBUG] JAVA_HOME: C:\Program Files\Java\jdk1.8.0_202
21-08-2020 15:05:53.040 [java] [DEBUG] gauge_project_root: C:\Users\TESTINIUM\IdeaProjects\BddGauge
21-08-2020 15:05:53.040 [java] [DEBUG] gauge_parallel_streams_count: 8
21-08-2020 15:05:53.040 [java] [DEBUG] gauge_reports_dir: reports
21-08-2020 15:05:53.040 [java] [DEBUG] overwrite_reports: true
21-08-2020 15:05:53.040 [java] [DEBUG] logs_directory: logs
21-08-2020 15:05:53.040 [java] [DEBUG] enable_multithreading: false
21-08-2020 15:05:53.040 [java] [DEBUG] gauge_specs_dir: specs
21-08-2020 15:05:53.040 [java] [DEBUG] csv_delimiter: ,
21-08-2020 15:05:53.040 [java] [DEBUG] gauge_java_home: 
21-08-2020 15:05:53.040 [java] [DEBUG] gauge_custom_build_path: 
21-08-2020 15:05:53.040 [java] [DEBUG] gauge_additional_libs: libs/*
21-08-2020 15:05:53.040 [java] [DEBUG] gauge_jvm_args: 
21-08-2020 15:05:53.040 [java] [DEBUG] gauge_custom_compile_dir: 
21-08-2020 15:05:53.041 [java] [DEBUG] gauge_clear_state_level: scenario
21-08-2020 15:05:53.041 [java] [DEBUG] ***** END *****
21-08-2020 15:05:53.431 [Gauge] [DEBUG] Checking updates...
21-08-2020 15:05:53.435 [Gauge] [DEBUG] Downloading https://downloads.gauge.org/plugin/html-report?l=java&p=html-report,java,json-report,screenshot,spectacle,xml-report&o=windows&a=amd64
21-08-2020 15:05:54.055 [Gauge] [DEBUG] Downloading https://downloads.gauge.org/plugin/java?l=java&p=html-report,java,json-report,screenshot,spectacle,xml-report&o=windows&a=amd64
21-08-2020 15:05:54.180 [Gauge] [DEBUG] Downloading https://downloads.gauge.org/plugin/json-report?l=java&p=html-report,java,json-report,screenshot,spectacle,xml-report&o=windows&a=amd64
21-08-2020 15:05:54.283 [Gauge] [DEBUG] Downloading https://downloads.gauge.org/plugin/screenshot?l=java&p=html-report,java,json-report,screenshot,spectacle,xml-report&o=windows&a=amd64
21-08-2020 15:05:54.357 [Gauge] [DEBUG] Downloading https://downloads.gauge.org/plugin/spectacle?l=java&p=html-report,java,json-report,screenshot,spectacle,xml-report&o=windows&a=amd64
21-08-2020 15:05:54.453 [Gauge] [DEBUG] Downloading https://downloads.gauge.org/plugin/xml-report?l=java&p=html-report,java,json-report,screenshot,spectacle,xml-report&o=windows&a=amd64
21-08-2020 15:05:58.660 [java] [DEBUG] classpath set to C:\Program Files\Java\jdk1.8.0_202\jre\lib\charsets.jar;C:\Program Files\Java\jdk1.8.0_202\jre\lib\deploy.jar;C:\Program Files\Java\jdk1.8.0_202\jre\lib\ext\access-bridge-64.jar;C:\Program Files\Java\jdk1.8.0_202\jre\lib\ext\cldrdata.jar;C:\Program Files\Java\jdk1.8.0_202\jre\lib\ext\dnsns.jar;C:\Program Files\Java\jdk1.8.0_202\jre\lib\ext\jaccess.jar;C:\Program Files\Java\jdk1.8.0_202\jre\lib\ext\jfxrt.jar;C:\Program Files\Java\jdk1.8.0_202\jre\lib\ext\localedata.jar;C:\Program Files\Java\jdk1.8.0_202\jre\lib\ext\nashorn.jar;C:\Program Files\Java\jdk1.8.0_202\jre\lib\ext\sunec.jar;C:\Program Files\Java\jdk1.8.0_202\jre\lib\ext\sunjce_provider.jar;C:\Program Files\Java\jdk1.8.0_202\jre\lib\ext\sunmscapi.jar;C:\Program Files\Java\jdk1.8.0_202\jre\lib\ext\sunpkcs11.jar;C:\Program Files\Java\jdk1.8.0_202\jre\lib\ext\zipfs.jar;C:\Program Files\Java\jdk1.8.0_202\jre\lib\javaws.jar;C:\Program Files\Java\jdk1.8.0_202\jre\lib\jce.jar;C:\Program Files\Java\jdk1.8.0_202\jre\lib\jfr.jar;C:\Program Files\Java\jdk1.8.0_202\jre\lib\jfxswt.jar;C:\Program Files\Java\jdk1.8.0_202\jre\lib\jsse.jar;C:\Program Files\Java\jdk1.8.0_202\jre\lib\management-agent.jar;C:\Program Files\Java\jdk1.8.0_202\jre\lib\plugin.jar;C:\Program Files\Java\jdk1.8.0_202\jre\lib\resources.jar;C:\Program Files\Java\jdk1.8.0_202\jre\lib\rt.jar;C:\Users\TESTINIUM\IdeaProjects\BddGauge\target\test-classes;C:\Users\TESTINIUM\.m2\repository\com\thoughtworks\gauge\gauge-java\0.7.9\gauge-java-0.7.9.jar;C:\Users\TESTINIUM\.m2\repository\com\github\javaparser\javaparser-core\3.16.1\javaparser-core-3.16.1.jar;C:\Users\TESTINIUM\.m2\repository\commons-io\commons-io\2.7\commons-io-2.7.jar;C:\Users\TESTINIUM\.m2\repository\commons-lang\commons-lang\2.6\commons-lang-2.6.jar;C:\Users\TESTINIUM\.m2\repository\org\json\json\20200518\json-20200518.jar;C:\Users\TESTINIUM\.m2\repository\com\google\protobuf\protobuf-java\3.12.2\protobuf-java-3.12.2.jar;C:\Users\TESTINIUM\.m2\repository\com\google\guava\guava\29.0-jre\guava-29.0-jre.jar;C:\Users\TESTINIUM\.m2\repository\com\google\guava\failureaccess\1.0.1\failureaccess-1.0.1.jar;C:\Users\TESTINIUM\.m2\repository\com\google\guava\listenablefuture\9999.0-empty-to-avoid-conflict-with-guava\listenablefuture-9999.0-empty-to-avoid-conflict-with-guava.jar;C:\Users\TESTINIUM\.m2\repository\com\google\code\findbugs\jsr305\3.0.2\jsr305-3.0.2.jar;C:\Users\TESTINIUM\.m2\repository\org\checkerframework\checker-qual\2.11.1\checker-qual-2.11.1.jar;C:\Users\TESTINIUM\.m2\repository\com\google\errorprone\error_prone_annotations\2.3.4\error_prone_annotations-2.3.4.jar;C:\Users\TESTINIUM\.m2\repository\com\google\j2objc\j2objc-annotations\1.3\j2objc-annotations-1.3.jar;C:\Users\TESTINIUM\.m2\repository\io\grpc\grpc-netty-shaded\1.30.2\grpc-netty-shaded-1.30.2.jar;C:\Users\TESTINIUM\.m2\repository\io\grpc\grpc-core\1.30.2\grpc-core-1.30.2.jar;C:\Users\TESTINIUM\.m2\repository\com\google\android\annotations\4.1.1.4\annotations-4.1.1.4.jar;C:\Users\TESTINIUM\.m2\repository\io\perfmark\perfmark-api\0.19.0\perfmark-api-0.19.0.jar;C:\Users\TESTINIUM\.m2\repository\io\grpc\grpc-protobuf\1.30.2\grpc-protobuf-1.30.2.jar;C:\Users\TESTINIUM\.m2\repository\io\grpc\grpc-api\1.30.2\grpc-api-1.30.2.jar;C:\Users\TESTINIUM\.m2\repository\io\grpc\grpc-context\1.30.2\grpc-context-1.30.2.jar;C:\Users\TESTINIUM\.m2\repository\com\google\api\grpc\proto-google-common-protos\1.17.0\proto-google-common-protos-1.17.0.jar;C:\Users\TESTINIUM\.m2\repository\io\grpc\grpc-protobuf-lite\1.30.2\grpc-protobuf-lite-1.30.2.jar;C:\Users\TESTINIUM\.m2\repository\org\codehaus\mojo\animal-sniffer-annotations\1.18\animal-sniffer-annotations-1.18.jar;C:\Users\TESTINIUM\.m2\repository\io\grpc\grpc-stub\1.30.2\grpc-stub-1.30.2.jar;C:\Users\TESTINIUM\.m2\repository\javax\annotation\javax.annotation-api\1.3.2\javax.annotation-api-1.3.2.jar;C:\Users\TESTINIUM\.m2\repository\junit\junit\4.12\junit-4.12.jar;C:\Users\TESTINIUM\.m2\repository\org\hamcrest\hamcrest-core\1.3\hamcrest-core-1.3.jar;C:\Users\TESTINIUM\.m2\repository\org\assertj\assertj-core\3.10.0\assertj-core-3.10.0.jar;C:\Users\TESTINIUM\.m2\repository\org\seleniumhq\selenium\selenium-java\3.141.59\selenium-java-3.141.59.jar;C:\Users\TESTINIUM\.m2\repository\org\seleniumhq\selenium\selenium-api\3.141.59\selenium-api-3.141.59.jar;C:\Users\TESTINIUM\.m2\repository\org\seleniumhq\selenium\selenium-chrome-driver\3.141.59\selenium-chrome-driver-3.141.59.jar;C:\Users\TESTINIUM\.m2\repository\org\seleniumhq\selenium\selenium-edge-driver\3.141.59\selenium-edge-driver-3.141.59.jar;C:\Users\TESTINIUM\.m2\repository\org\seleniumhq\selenium\selenium-firefox-driver\3.141.59\selenium-firefox-driver-3.141.59.jar;C:\Users\TESTINIUM\.m2\repository\org\seleniumhq\selenium\selenium-ie-driver\3.141.59\selenium-ie-driver-3.141.59.jar;C:\Users\TESTINIUM\.m2\repository\org\seleniumhq\selenium\selenium-opera-driver\3.141.59\selenium-opera-driver-3.141.59.jar;C:\Users\TESTINIUM\.m2\repository\org\seleniumhq\selenium\selenium-remote-driver\3.141.59\selenium-remote-driver-3.141.59.jar;C:\Users\TESTINIUM\.m2\repository\org\seleniumhq\selenium\selenium-safari-driver\3.141.59\selenium-safari-driver-3.141.59.jar;C:\Users\TESTINIUM\.m2\repository\org\seleniumhq\selenium\selenium-support\3.141.59\selenium-support-3.141.59.jar;C:\Users\TESTINIUM\.m2\repository\net\bytebuddy\byte-buddy\1.8.15\byte-buddy-1.8.15.jar;C:\Users\TESTINIUM\.m2\repository\org\apache\commons\commons-exec\1.3\commons-exec-1.3.jar;C:\Users\TESTINIUM\.m2\repository\com\squareup\okhttp3\okhttp\3.11.0\okhttp-3.11.0.jar;C:\Users\TESTINIUM\.m2\repository\com\squareup\okio\okio\1.14.0\okio-1.14.0.jar;C:\Users\TESTINIUM\.m2\repository\io\github\bonigarcia\webdrivermanager\3.7.1\webdrivermanager-3.7.1.jar;C:\Users\TESTINIUM\.m2\repository\org\slf4j\slf4j-api\1.7.25\slf4j-api-1.7.25.jar;C:\Users\TESTINIUM\.m2\repository\com\google\code\gson\gson\2.8.5\gson-2.8.5.jar;C:\Users\TESTINIUM\.m2\repository\org\apache\commons\commons-lang3\3.8.1\commons-lang3-3.8.1.jar;C:\Users\TESTINIUM\.m2\repository\org\apache\httpcomponents\httpclient\4.5.6\httpclient-4.5.6.jar;C:\Users\TESTINIUM\.m2\repository\org\apache\httpcomponents\httpcore\4.4.10\httpcore-4.4.10.jar;C:\Users\TESTINIUM\.m2\repository\commons-logging\commons-logging\1.2\commons-logging-1.2.jar;C:\Users\TESTINIUM\.m2\repository\commons-codec\commons-codec\1.10\commons-codec-1.10.jar;C:\Users\TESTINIUM\.m2\repository\org\rauschig\jarchivelib\1.0.0\jarchivelib-1.0.0.jar;C:\Users\TESTINIUM\.m2\repository\org\apache\commons\commons-compress\1.18\commons-compress-1.18.jar;C:\Users\TESTINIUM\.m2\repository\org\jsoup\jsoup\1.11.3\jsoup-1.11.3.jar;C:\Users\TESTINIUM\.m2\repository\org\reflections\reflections\0.9.10\reflections-0.9.10.jar;C:\Users\TESTINIUM\.m2\repository\org\javassist\javassist\3.19.0-GA\javassist-3.19.0-GA.jar;C:\Users\TESTINIUM\.m2\repository\com\google\code\findbugs\annotations\2.0.1\annotations-2.0.1.jar;C:\Users\TESTINIUM\.m2\repository\net\sourceforge\javacsv\javacsv\2.0\javacsv-2.0.jar
21-08-2020 15:05:58.798 [java] [DEBUG] found java executable in C:\Program Files\Java\jdk1.8.0_202\jre\bin\java.exe
21-08-2020 15:05:58.798 [java] [DEBUG] running - C:\Program Files\Java\jdk1.8.0_202\jre\bin\java.exe [-Dfile.encoding=UTF-8 com.thoughtworks.gauge.GaugeRuntime --start]
21-08-2020 15:05:58.798 [java] [DEBUG] stdout/stderr is logged to logs\7148-java.exe.out
21-08-2020 15:05:59.249 [java] [DEBUG] multithreading is set to false
21-08-2020 15:06:00.101 [java] [DEBUG] Using reflection to scan dependencies for gauge implementations...
21-08-2020 15:06:00.371 [java] [ERROR] SLF4J: Failed to load class "org.slf4j.impl.StaticLoggerBinder".
21-08-2020 15:06:00.371 [java] [ERROR] SLF4J: Defaulting to no-operation (NOP) logger implementation
21-08-2020 15:06:00.371 [java] [ERROR] SLF4J: See http://www.slf4j.org/codes.html#StaticLoggerBinder for further details.
21-08-2020 15:06:01.257 [java] [DEBUG] gauge-java took 2005milliseconds to load and scan. This should be less than 'runner_connection_timeout' config value.
21-08-2020 15:06:01.257 [java] [DEBUG] run 'gauge config runner_connection_timeout' and verify that it is < 2005
21-08-2020 15:06:01.257 [java] [DEBUG] starting gRPC server...
21-08-2020 15:06:02.065 [java] [DEBUG] started gRPC server on port 59889
21-08-2020 15:06:02.065 [Gauge] [DEBUG] Attempting to connect to grpc server at port: 59889
21-08-2020 15:06:02.361 [Gauge] [DEBUG] Successfully made the connection with runner with port: 59889
21-08-2020 15:06:02.362 [Gauge] [DEBUG] Validation started.
21-08-2020 15:06:04.541 [java] [DEBUG] Scanning packages for steps
21-08-2020 15:06:04.599 [java] [DEBUG] Comparing 'Steps.productNameWriteCsv' and 'Steps.productNameWriteCsv'
21-08-2020 15:06:04.599 [java] [DEBUG] Found Ürünün açıklama metnini csv dosyasına yaz in current project scope.
21-08-2020 15:06:04.599 [java] [DEBUG] Comparing 'Steps.optionClick' and 'Steps.optionClick'
21-08-2020 15:06:04.599 [java] [DEBUG] Found {} li elementlerden {}. olanına tıkla in current project scope.
21-08-2020 15:06:04.599 [java] [DEBUG] Comparing 'Steps.getTextControlTest' and 'Steps.getTextControlTest'
21-08-2020 15:06:04.599 [java] [DEBUG] Found {} li elementin değeri {} değeri ile uyuşuyor mu kontrol et in current project scope.
21-08-2020 15:06:04.599 [java] [DEBUG] Comparing 'Steps.waitSecond' and 'Steps.waitSecond'
21-08-2020 15:06:04.599 [java] [DEBUG] Found {} saniye bekle in current project scope.
21-08-2020 15:06:04.600 [java] [DEBUG] Comparing 'Steps.clickElement' and 'Steps.clickElement'
21-08-2020 15:06:04.600 [java] [DEBUG] Found {} li elemente tıkla in current project scope.
21-08-2020 15:06:04.600 [java] [DEBUG] Comparing 'Steps.randomMouseHover' and 'Steps.randomMouseHover'
21-08-2020 15:06:04.600 [java] [DEBUG] Found {} li elementlerin rastgele birinin üstüne gel in current project scope.
21-08-2020 15:06:04.600 [java] [DEBUG] Comparing 'Steps.cartQuantitySaveAttribute' and 'Steps.cartQuantitySaveAttribute'
21-08-2020 15:06:04.600 [java] [DEBUG] Found Detay sayfasındaki {} li elementin attribute'ünü kaydet in current project scope.
21-08-2020 15:06:04.600 [java] [DEBUG] Comparing 'Steps.changeControl' and 'Steps.changeControl'
21-08-2020 15:06:04.600 [java] [DEBUG] Found Sayfadaki div değişikliği kontrol et sonuca göre element seç in current project scope.
21-08-2020 15:06:04.600 [java] [DEBUG] Comparing 'Steps.sendKeysToElementTest' and 'Steps.sendKeysToElementTest'
21-08-2020 15:06:04.600 [java] [DEBUG] Found {} li elemente {} değerini yaz in current project scope.
21-08-2020 15:06:04.601 [java] [DEBUG] Comparing 'Steps.SaveTextRandomClick' and 'Steps.SaveTextRandomClick'
21-08-2020 15:06:04.601 [java] [DEBUG] Found {} li elementlerden rastgele birinin text değerini kaydet ve elemente tıkla in current project scope.
21-08-2020 15:06:04.601 [java] [DEBUG] Comparing 'Steps.basketChangeControl' and 'Steps.basketChangeControl'
21-08-2020 15:06:04.601 [java] [DEBUG] Found Sepete eklerkenki div değişikliği kontrol et sonuca göre işlem yap in current project scope.
21-08-2020 15:06:04.601 [java] [DEBUG] Comparing 'Steps.saveAttribute' and 'Steps.saveAttribute'
21-08-2020 15:06:04.601 [java] [DEBUG] Found {} li elementin attribute'ünü kaydet in current project scope.
21-08-2020 15:06:04.601 [java] [DEBUG] Comparing 'Steps.totalPriceWriteCsv' and 'Steps.totalPriceWriteCsv'
21-08-2020 15:06:04.601 [java] [DEBUG] Found {} li elementin toplam tutarını csv dosyasına yaz in current project scope.
21-08-2020 15:06:04.601 [java] [DEBUG] Comparing 'Steps.compareName' and 'Steps.compareName'
21-08-2020 15:06:04.601 [java] [DEBUG] Found Ürünün texti ile detay sayfasındaki ürünün textini karşılaştır in current project scope.
21-08-2020 15:06:04.601 [java] [DEBUG] Comparing 'Steps.randomClick' and 'Steps.randomClick'
21-08-2020 15:06:04.601 [java] [DEBUG] Found {} li elementlerden birine rastgele tıkla in current project scope.
21-08-2020 15:06:04.603 [java] [DEBUG] Comparing 'Steps.clickByXpath' and 'Steps.clickByXpath'
21-08-2020 15:06:04.603 [java] [DEBUG] Found {} li elemente xpath ile tıkla in current project scope.
21-08-2020 15:06:04.603 [java] [DEBUG] Comparing 'Steps.mouseHover' and 'Steps.mouseHover'
21-08-2020 15:06:04.603 [java] [DEBUG] Found {} li elementin üzerine gel in current project scope.
21-08-2020 15:06:04.603 [java] [DEBUG] Comparing 'Steps.detailNameSaveText' and 'Steps.detailNameSaveText'
21-08-2020 15:06:04.603 [java] [DEBUG] Found {} li elementin text değerini kaydet in current project scope.
21-08-2020 15:06:04.603 [java] [DEBUG] Scanning packages for hooks
21-08-2020 15:06:04.612 [java] [DEBUG] Scanned steps (using static parsing + reflections): 
21-08-2020 15:06:04.612 [java] [DEBUG] 	{} li elementlerden rastgele birinin text değerini kaydet ve elemente tıkla : public void SaveTextRandomClick(String key)
21-08-2020 15:06:04.612 [java] [DEBUG] 	{} li elementin toplam tutarını csv dosyasına yaz : public void totalPriceWriteCsv(String key) throws IOException
21-08-2020 15:06:04.612 [java] [DEBUG] 	Ürünün açıklama metnini csv dosyasına yaz : public void productNameWriteCsv() throws IOException
21-08-2020 15:06:04.612 [java] [DEBUG] 	{} li elementlerin rastgele birinin üstüne gel : public void randomMouseHover(String key)
21-08-2020 15:06:04.613 [java] [DEBUG] 	Sepete eklerkenki div değişikliği kontrol et sonuca göre işlem yap : public void basketChangeControl()
21-08-2020 15:06:04.613 [java] [DEBUG] 	{} li elementin değeri {} değeri ile uyuşuyor mu kontrol et : public void getTextControlTest(String key, String text)
21-08-2020 15:06:04.613 [java] [DEBUG] 	Ürünün texti ile detay sayfasındaki ürünün textini karşılaştır : public void compareName()
21-08-2020 15:06:04.613 [java] [DEBUG] 	{} li elementlerden {}. olanına tıkla : public void optionClick(String key, Integer number)
21-08-2020 15:06:04.613 [java] [DEBUG] 	{} li elemente {} değerini yaz : public void sendKeysToElementTest(String key, String text)
21-08-2020 15:06:04.613 [java] [DEBUG] 	{} li elementin text değerini kaydet : public void detailNameSaveText(String key)
21-08-2020 15:06:04.613 [java] [DEBUG] 	{} li elementlerden birine rastgele tıkla : public void randomClick(String key)
21-08-2020 15:06:04.613 [java] [DEBUG] 	Sayfadaki div değişikliği kontrol et sonuca göre element seç : public void changeControl()
21-08-2020 15:06:04.613 [java] [DEBUG] 	{} li elemente xpath ile tıkla : public void clickByXpath(String xpath)
21-08-2020 15:06:04.613 [java] [DEBUG] 	{} li elemente tıkla : public void clickElement(String key)
21-08-2020 15:06:04.613 [java] [DEBUG] 	{} saniye bekle : public void waitSecond(ınt second)
21-08-2020 15:06:04.613 [java] [DEBUG] 	{} li elementin üzerine gel : public void mouseHover(String key)
21-08-2020 15:06:04.613 [java] [DEBUG] 	Detay sayfasındaki {} li elementin attribute'ünü kaydet : public void cartQuantitySaveAttribute(String key)
21-08-2020 15:06:04.613 [java] [DEBUG] 	{} li elementin attribute'ünü kaydet : public void saveAttribute(String key)
21-08-2020 15:06:06.363 [Gauge] [DEBUG] Validation completed.
21-08-2020 15:06:06.878 [Gauge] [DEBUG] Runner with PID:7148 has exited
21-08-2020 15:06:39.459 [Gauge] [DEBUG] Created gauge_screenshots_dir at C:\Users\TESTINIUM\IdeaProjects\BddGauge\.gauge\screenshots
21-08-2020 15:06:39.460 [Gauge] [DEBUG] Plugin java is already installed.
21-08-2020 15:06:39.460 [Gauge] [DEBUG] Plugin html-report is already installed.
21-08-2020 15:06:39.461 [Gauge] [DEBUG] Parsing started.
21-08-2020 15:06:39.461 [Gauge] [DEBUG] Started concepts parsing.
21-08-2020 15:06:39.466 [Gauge] [ERROR] Concept parse failure: C:\Users\TESTINIUM\IdeaProjects\BddGauge\specs\Product.cpt C:\Users\TESTINIUM\IdeaProjects\BddGauge\specs\SelectCategory.cpt:1 Concept should have atleast one step => 'Specification Heading'
21-08-2020 15:06:39.466 [Gauge] [ERROR] [ParseError] C:\Users\TESTINIUM\IdeaProjects\BddGauge\specs\SelectCategory.cpt:1 Concept should have atleast one step => 'Specification Heading'
21-08-2020 15:06:39.466 [Gauge] [DEBUG] 7 concepts parsing completed.
21-08-2020 15:06:39.466 [Gauge] [DEBUG] Started specifications parsing.
21-08-2020 15:06:39.467 [Gauge] [DEBUG] 1 specifications parsing completed.
21-08-2020 15:06:39.467 [Gauge] [DEBUG] Parsing completed.
21-08-2020 15:06:39.482 [java] [DEBUG] ***** Printing Properties/Env Values *****
21-08-2020 15:06:39.482 [java] [DEBUG] PATH: C:\Program Files (x86)\Common Files\Oracle\Java\javapath\;C:\Windows\system32;C:\Windows;C:\Windows\System32\Wbem;C:\Windows\System32\WindowsPowerShell\v1.0\;C:\Windows\System32\OpenSSH\;C:\Program Files (x86)\Intel\Intel(R) Management Engine Components\DAL;C:\Program Files\Intel\Intel(R) Management Engine Components\DAL;C:\ProgramData\chocolatey\bin;C:\ProgramData\chocolatey\lib\maven\apache-maven-3.6.3\bin;C:\Program Files\gauge\bin;C:\Program Files\Git\cmd;C:\Users\TESTINIUM\AppData\Local\Microsoft\WindowsApps;C:\adb;C:\Users\TESTINIUM\AppData\Local\Microsoft\WindowsApps;C:\Users\TESTINIUM\AppData\Local\GitHubDesktop\bin;C:\Users\TESTINIUM\AppData\Roaming\gauge\plugins\screenshot\0.0.1
21-08-2020 15:06:39.482 [java] [DEBUG] JAVA_HOME: C:\Program Files\Java\jdk1.8.0_202
21-08-2020 15:06:39.482 [java] [DEBUG] gauge_project_root: C:\Users\TESTINIUM\IdeaProjects\BddGauge
21-08-2020 15:06:39.482 [java] [DEBUG] gauge_parallel_streams_count: 8
21-08-2020 15:06:39.482 [java] [DEBUG] gauge_reports_dir: reports
21-08-2020 15:06:39.482 [java] [DEBUG] overwrite_reports: true
21-08-2020 15:06:39.482 [java] [DEBUG] logs_directory: logs
21-08-2020 15:06:39.482 [java] [DEBUG] enable_multithreading: false
21-08-2020 15:06:39.482 [java] [DEBUG] gauge_specs_dir: specs
21-08-2020 15:06:39.482 [java] [DEBUG] csv_delimiter: ,
21-08-2020 15:06:39.482 [java] [DEBUG] gauge_java_home: 
21-08-2020 15:06:39.482 [java] [DEBUG] gauge_custom_build_path: 
21-08-2020 15:06:39.482 [java] [DEBUG] gauge_additional_libs: libs/*
21-08-2020 15:06:39.482 [java] [DEBUG] gauge_jvm_args: 
21-08-2020 15:06:39.482 [java] [DEBUG] gauge_custom_compile_dir: 
21-08-2020 15:06:39.482 [java] [DEBUG] gauge_clear_state_level: scenario
21-08-2020 15:06:39.482 [java] [DEBUG] ***** END *****
21-08-2020 15:06:39.807 [Gauge] [DEBUG] Checking updates...
21-08-2020 15:06:39.809 [Gauge] [DEBUG] Downloading https://downloads.gauge.org/plugin/html-report?l=java&p=html-report,java,json-report,screenshot,spectacle,xml-report&o=windows&a=amd64
21-08-2020 15:06:40.482 [Gauge] [DEBUG] Downloading https://downloads.gauge.org/plugin/java?l=java&p=html-report,java,json-report,screenshot,spectacle,xml-report&o=windows&a=amd64
21-08-2020 15:06:40.572 [Gauge] [DEBUG] Downloading https://downloads.gauge.org/plugin/json-report?l=java&p=html-report,java,json-report,screenshot,spectacle,xml-report&o=windows&a=amd64
21-08-2020 15:06:40.665 [Gauge] [DEBUG] Downloading https://downloads.gauge.org/plugin/screenshot?l=java&p=html-report,java,json-report,screenshot,spectacle,xml-report&o=windows&a=amd64
21-08-2020 15:06:40.759 [Gauge] [DEBUG] Downloading https://downloads.gauge.org/plugin/spectacle?l=java&p=html-report,java,json-report,screenshot,spectacle,xml-report&o=windows&a=amd64
21-08-2020 15:06:40.848 [Gauge] [DEBUG] Downloading https://downloads.gauge.org/plugin/xml-report?l=java&p=html-report,java,json-report,screenshot,spectacle,xml-report&o=windows&a=amd64
21-08-2020 15:06:42.476 [java] [DEBUG] classpath set to C:\Program Files\Java\jdk1.8.0_202\jre\lib\charsets.jar;C:\Program Files\Java\jdk1.8.0_202\jre\lib\deploy.jar;C:\Program Files\Java\jdk1.8.0_202\jre\lib\ext\access-bridge-64.jar;C:\Program Files\Java\jdk1.8.0_202\jre\lib\ext\cldrdata.jar;C:\Program Files\Java\jdk1.8.0_202\jre\lib\ext\dnsns.jar;C:\Program Files\Java\jdk1.8.0_202\jre\lib\ext\jaccess.jar;C:\Program Files\Java\jdk1.8.0_202\jre\lib\ext\jfxrt.jar;C:\Program Files\Java\jdk1.8.0_202\jre\lib\ext\localedata.jar;C:\Program Files\Java\jdk1.8.0_202\jre\lib\ext\nashorn.jar;C:\Program Files\Java\jdk1.8.0_202\jre\lib\ext\sunec.jar;C:\Program Files\Java\jdk1.8.0_202\jre\lib\ext\sunjce_provider.jar;C:\Program Files\Java\jdk1.8.0_202\jre\lib\ext\sunmscapi.jar;C:\Program Files\Java\jdk1.8.0_202\jre\lib\ext\sunpkcs11.jar;C:\Program Files\Java\jdk1.8.0_202\jre\lib\ext\zipfs.jar;C:\Program Files\Java\jdk1.8.0_202\jre\lib\javaws.jar;C:\Program Files\Java\jdk1.8.0_202\jre\lib\jce.jar;C:\Program Files\Java\jdk1.8.0_202\jre\lib\jfr.jar;C:\Program Files\Java\jdk1.8.0_202\jre\lib\jfxswt.jar;C:\Program Files\Java\jdk1.8.0_202\jre\lib\jsse.jar;C:\Program Files\Java\jdk1.8.0_202\jre\lib\management-agent.jar;C:\Program Files\Java\jdk1.8.0_202\jre\lib\plugin.jar;C:\Program Files\Java\jdk1.8.0_202\jre\lib\resources.jar;C:\Program Files\Java\jdk1.8.0_202\jre\lib\rt.jar;C:\Users\TESTINIUM\IdeaProjects\BddGauge\target\test-classes;C:\Users\TESTINIUM\.m2\repository\com\thoughtworks\gauge\gauge-java\0.7.9\gauge-java-0.7.9.jar;C:\Users\TESTINIUM\.m2\repository\com\github\javaparser\javaparser-core\3.16.1\javaparser-core-3.16.1.jar;C:\Users\TESTINIUM\.m2\repository\commons-io\commons-io\2.7\commons-io-2.7.jar;C:\Users\TESTINIUM\.m2\repository\commons-lang\commons-lang\2.6\commons-lang-2.6.jar;C:\Users\TESTINIUM\.m2\repository\org\json\json\20200518\json-20200518.jar;C:\Users\TESTINIUM\.m2\repository\com\google\protobuf\protobuf-java\3.12.2\protobuf-java-3.12.2.jar;C:\Users\TESTINIUM\.m2\repository\com\google\guava\guava\29.0-jre\guava-29.0-jre.jar;C:\Users\TESTINIUM\.m2\repository\com\google\guava\failureaccess\1.0.1\failureaccess-1.0.1.jar;C:\Users\TESTINIUM\.m2\repository\com\google\guava\listenablefuture\9999.0-empty-to-avoid-conflict-with-guava\listenablefuture-9999.0-empty-to-avoid-conflict-with-guava.jar;C:\Users\TESTINIUM\.m2\repository\com\google\code\findbugs\jsr305\3.0.2\jsr305-3.0.2.jar;C:\Users\TESTINIUM\.m2\repository\org\checkerframework\checker-qual\2.11.1\checker-qual-2.11.1.jar;C:\Users\TESTINIUM\.m2\repository\com\google\errorprone\error_prone_annotations\2.3.4\error_prone_annotations-2.3.4.jar;C:\Users\TESTINIUM\.m2\repository\com\google\j2objc\j2objc-annotations\1.3\j2objc-annotations-1.3.jar;C:\Users\TESTINIUM\.m2\repository\io\grpc\grpc-netty-shaded\1.30.2\grpc-netty-shaded-1.30.2.jar;C:\Users\TESTINIUM\.m2\repository\io\grpc\grpc-core\1.30.2\grpc-core-1.30.2.jar;C:\Users\TESTINIUM\.m2\repository\com\google\android\annotations\4.1.1.4\annotations-4.1.1.4.jar;C:\Users\TESTINIUM\.m2\repository\io\perfmark\perfmark-api\0.19.0\perfmark-api-0.19.0.jar;C:\Users\TESTINIUM\.m2\repository\io\grpc\grpc-protobuf\1.30.2\grpc-protobuf-1.30.2.jar;C:\Users\TESTINIUM\.m2\repository\io\grpc\grpc-api\1.30.2\grpc-api-1.30.2.jar;C:\Users\TESTINIUM\.m2\repository\io\grpc\grpc-context\1.30.2\grpc-context-1.30.2.jar;C:\Users\TESTINIUM\.m2\repository\com\google\api\grpc\proto-google-common-protos\1.17.0\proto-google-common-protos-1.17.0.jar;C:\Users\TESTINIUM\.m2\repository\io\grpc\grpc-protobuf-lite\1.30.2\grpc-protobuf-lite-1.30.2.jar;C:\Users\TESTINIUM\.m2\repository\org\codehaus\mojo\animal-sniffer-annotations\1.18\animal-sniffer-annotations-1.18.jar;C:\Users\TESTINIUM\.m2\repository\io\grpc\grpc-stub\1.30.2\grpc-stub-1.30.2.jar;C:\Users\TESTINIUM\.m2\repository\javax\annotation\javax.annotation-api\1.3.2\javax.annotation-api-1.3.2.jar;C:\Users\TESTINIUM\.m2\repository\junit\junit\4.12\junit-4.12.jar;C:\Users\TESTINIUM\.m2\repository\org\hamcrest\hamcrest-core\1.3\hamcrest-core-1.3.jar;C:\Users\TESTINIUM\.m2\repository\org\assertj\assertj-core\3.10.0\assertj-core-3.10.0.jar;C:\Users\TESTINIUM\.m2\repository\org\seleniumhq\selenium\selenium-java\3.141.59\selenium-java-3.141.59.jar;C:\Users\TESTINIUM\.m2\repository\org\seleniumhq\selenium\selenium-api\3.141.59\selenium-api-3.141.59.jar;C:\Users\TESTINIUM\.m2\repository\org\seleniumhq\selenium\selenium-chrome-driver\3.141.59\selenium-chrome-driver-3.141.59.jar;C:\Users\TESTINIUM\.m2\repository\org\seleniumhq\selenium\selenium-edge-driver\3.141.59\selenium-edge-driver-3.141.59.jar;C:\Users\TESTINIUM\.m2\repository\org\seleniumhq\selenium\selenium-firefox-driver\3.141.59\selenium-firefox-driver-3.141.59.jar;C:\Users\TESTINIUM\.m2\repository\org\seleniumhq\selenium\selenium-ie-driver\3.141.59\selenium-ie-driver-3.141.59.jar;C:\Users\TESTINIUM\.m2\repository\org\seleniumhq\selenium\selenium-opera-driver\3.141.59\selenium-opera-driver-3.141.59.jar;C:\Users\TESTINIUM\.m2\repository\org\seleniumhq\selenium\selenium-remote-driver\3.141.59\selenium-remote-driver-3.141.59.jar;C:\Users\TESTINIUM\.m2\repository\org\seleniumhq\selenium\selenium-safari-driver\3.141.59\selenium-safari-driver-3.141.59.jar;C:\Users\TESTINIUM\.m2\repository\org\seleniumhq\selenium\selenium-support\3.141.59\selenium-support-3.141.59.jar;C:\Users\TESTINIUM\.m2\repository\net\bytebuddy\byte-buddy\1.8.15\byte-buddy-1.8.15.jar;C:\Users\TESTINIUM\.m2\repository\org\apache\commons\commons-exec\1.3\commons-exec-1.3.jar;C:\Users\TESTINIUM\.m2\repository\com\squareup\okhttp3\okhttp\3.11.0\okhttp-3.11.0.jar;C:\Users\TESTINIUM\.m2\repository\com\squareup\okio\okio\1.14.0\okio-1.14.0.jar;C:\Users\TESTINIUM\.m2\repository\io\github\bonigarcia\webdrivermanager\3.7.1\webdrivermanager-3.7.1.jar;C:\Users\TESTINIUM\.m2\repository\org\slf4j\slf4j-api\1.7.25\slf4j-api-1.7.25.jar;C:\Users\TESTINIUM\.m2\repository\com\google\code\gson\gson\2.8.5\gson-2.8.5.jar;C:\Users\TESTINIUM\.m2\repository\org\apache\commons\commons-lang3\3.8.1\commons-lang3-3.8.1.jar;C:\Users\TESTINIUM\.m2\repository\org\apache\httpcomponents\httpclient\4.5.6\httpclient-4.5.6.jar;C:\Users\TESTINIUM\.m2\repository\org\apache\httpcomponents\httpcore\4.4.10\httpcore-4.4.10.jar;C:\Users\TESTINIUM\.m2\repository\commons-logging\commons-logging\1.2\commons-logging-1.2.jar;C:\Users\TESTINIUM\.m2\repository\commons-codec\commons-codec\1.10\commons-codec-1.10.jar;C:\Users\TESTINIUM\.m2\repository\org\rauschig\jarchivelib\1.0.0\jarchivelib-1.0.0.jar;C:\Users\TESTINIUM\.m2\repository\org\apache\commons\commons-compress\1.18\commons-compress-1.18.jar;C:\Users\TESTINIUM\.m2\repository\org\jsoup\jsoup\1.11.3\jsoup-1.11.3.jar;C:\Users\TESTINIUM\.m2\repository\org\reflections\reflections\0.9.10\reflections-0.9.10.jar;C:\Users\TESTINIUM\.m2\repository\org\javassist\javassist\3.19.0-GA\javassist-3.19.0-GA.jar;C:\Users\TESTINIUM\.m2\repository\com\google\code\findbugs\annotations\2.0.1\annotations-2.0.1.jar;C:\Users\TESTINIUM\.m2\repository\net\sourceforge\javacsv\javacsv\2.0\javacsv-2.0.jar
21-08-2020 15:06:42.585 [java] [DEBUG] found java executable in C:\Program Files\Java\jdk1.8.0_202\jre\bin\java.exe
21-08-2020 15:06:42.585 [java] [DEBUG] running - C:\Program Files\Java\jdk1.8.0_202\jre\bin\java.exe [-Dfile.encoding=UTF-8 com.thoughtworks.gauge.GaugeRuntime --start]
21-08-2020 15:06:42.585 [java] [DEBUG] stdout/stderr is logged to logs\7176-java.exe.out
21-08-2020 15:06:42.763 [java] [DEBUG] multithreading is set to false
21-08-2020 15:06:43.066 [java] [DEBUG] Using reflection to scan dependencies for gauge implementations...
21-08-2020 15:06:43.171 [java] [ERROR] SLF4J: Failed to load class "org.slf4j.impl.StaticLoggerBinder".
21-08-2020 15:06:43.171 [java] [ERROR] SLF4J: Defaulting to no-operation (NOP) logger implementation
21-08-2020 15:06:43.171 [java] [ERROR] SLF4J: See http://www.slf4j.org/codes.html#StaticLoggerBinder for further details.
21-08-2020 15:06:43.493 [java] [DEBUG] gauge-java took 731milliseconds to load and scan. This should be less than 'runner_connection_timeout' config value.
21-08-2020 15:06:43.493 [java] [DEBUG] run 'gauge config runner_connection_timeout' and verify that it is < 731
21-08-2020 15:06:43.500 [java] [DEBUG] starting gRPC server...
21-08-2020 15:06:43.825 [java] [DEBUG] started gRPC server on port 59917
21-08-2020 15:06:43.825 [Gauge] [DEBUG] Attempting to connect to grpc server at port: 59917
21-08-2020 15:06:43.941 [Gauge] [DEBUG] Successfully made the connection with runner with port: 59917
21-08-2020 15:06:43.941 [Gauge] [DEBUG] Validation started.
21-08-2020 15:06:45.864 [java] [DEBUG] Scanning packages for steps
21-08-2020 15:06:45.918 [java] [DEBUG] Comparing 'Steps.productNameWriteCsv' and 'Steps.productNameWriteCsv'
21-08-2020 15:06:45.918 [java] [DEBUG] Found Ürünün açıklama metnini csv dosyasına yaz in current project scope.
21-08-2020 15:06:45.918 [java] [DEBUG] Comparing 'Steps.optionClick' and 'Steps.optionClick'
21-08-2020 15:06:45.918 [java] [DEBUG] Found {} li elementlerden {}. olanına tıkla in current project scope.
21-08-2020 15:06:45.918 [java] [DEBUG] Comparing 'Steps.getTextControlTest' and 'Steps.getTextControlTest'
21-08-2020 15:06:45.918 [java] [DEBUG] Found {} li elementin değeri {} değeri ile uyuşuyor mu kontrol et in current project scope.
21-08-2020 15:06:45.918 [java] [DEBUG] Comparing 'Steps.waitSecond' and 'Steps.waitSecond'
21-08-2020 15:06:45.918 [java] [DEBUG] Found {} saniye bekle in current project scope.
21-08-2020 15:06:45.918 [java] [DEBUG] Comparing 'Steps.clickElement' and 'Steps.clickElement'
21-08-2020 15:06:45.919 [java] [DEBUG] Found {} li elemente tıkla in current project scope.
21-08-2020 15:06:45.919 [java] [DEBUG] Comparing 'Steps.randomMouseHover' and 'Steps.randomMouseHover'
21-08-2020 15:06:45.919 [java] [DEBUG] Found {} li elementlerin rastgele birinin üstüne gel in current project scope.
21-08-2020 15:06:45.919 [java] [DEBUG] Comparing 'Steps.cartQuantitySaveAttribute' and 'Steps.cartQuantitySaveAttribute'
21-08-2020 15:06:45.919 [java] [DEBUG] Found Detay sayfasındaki {} li elementin attribute'ünü kaydet in current project scope.
21-08-2020 15:06:45.919 [java] [DEBUG] Comparing 'Steps.changeControl' and 'Steps.changeControl'
21-08-2020 15:06:45.919 [java] [DEBUG] Found Sayfadaki div değişikliği kontrol et sonuca göre element seç in current project scope.
21-08-2020 15:06:45.919 [java] [DEBUG] Comparing 'Steps.sendKeysToElementTest' and 'Steps.sendKeysToElementTest'
21-08-2020 15:06:45.919 [java] [DEBUG] Found {} li elemente {} değerini yaz in current project scope.
21-08-2020 15:06:45.919 [java] [DEBUG] Comparing 'Steps.SaveTextRandomClick' and 'Steps.SaveTextRandomClick'
21-08-2020 15:06:45.919 [java] [DEBUG] Found {} li elementlerden rastgele birinin text değerini kaydet ve elemente tıkla in current project scope.
21-08-2020 15:06:45.919 [java] [DEBUG] Comparing 'Steps.basketChangeControl' and 'Steps.basketChangeControl'
21-08-2020 15:06:45.920 [java] [DEBUG] Found Sepete eklerkenki div değişikliği kontrol et sonuca göre işlem yap in current project scope.
21-08-2020 15:06:45.920 [java] [DEBUG] Comparing 'Steps.saveAttribute' and 'Steps.saveAttribute'
21-08-2020 15:06:45.920 [java] [DEBUG] Found {} li elementin attribute'ünü kaydet in current project scope.
21-08-2020 15:06:45.920 [java] [DEBUG] Comparing 'Steps.totalPriceWriteCsv' and 'Steps.totalPriceWriteCsv'
21-08-2020 15:06:45.920 [java] [DEBUG] Found {} li elementin toplam tutarını csv dosyasına yaz in current project scope.
21-08-2020 15:06:45.920 [java] [DEBUG] Comparing 'Steps.compareName' and 'Steps.compareName'
21-08-2020 15:06:45.920 [java] [DEBUG] Found Ürünün texti ile detay sayfasındaki ürünün textini karşılaştır in current project scope.
21-08-2020 15:06:45.920 [java] [DEBUG] Comparing 'Steps.randomClick' and 'Steps.randomClick'
21-08-2020 15:06:45.920 [java] [DEBUG] Found {} li elementlerden birine rastgele tıkla in current project scope.
21-08-2020 15:06:45.921 [java] [DEBUG] Comparing 'Steps.clickByXpath' and 'Steps.clickByXpath'
21-08-2020 15:06:45.921 [java] [DEBUG] Found {} li elemente xpath ile tıkla in current project scope.
21-08-2020 15:06:45.921 [java] [DEBUG] Comparing 'Steps.mouseHover' and 'Steps.mouseHover'
21-08-2020 15:06:45.921 [java] [DEBUG] Found {} li elementin üzerine gel in current project scope.
21-08-2020 15:06:45.921 [java] [DEBUG] Comparing 'Steps.detailNameSaveText' and 'Steps.detailNameSaveText'
21-08-2020 15:06:45.921 [java] [DEBUG] Found {} li elementin text değerini kaydet in current project scope.
21-08-2020 15:06:45.921 [java] [DEBUG] Scanning packages for hooks
21-08-2020 15:06:45.933 [java] [DEBUG] Scanned steps (using static parsing + reflections): 
21-08-2020 15:06:45.933 [java] [DEBUG] 	{} li elementlerden rastgele birinin text değerini kaydet ve elemente tıkla : public void SaveTextRandomClick(String key)
21-08-2020 15:06:45.933 [java] [DEBUG] 	{} li elementin toplam tutarını csv dosyasına yaz : public void totalPriceWriteCsv(String key) throws IOException
21-08-2020 15:06:45.934 [java] [DEBUG] 	Ürünün açıklama metnini csv dosyasına yaz : public void productNameWriteCsv() throws IOException
21-08-2020 15:06:45.934 [java] [DEBUG] 	{} li elementlerin rastgele birinin üstüne gel : public void randomMouseHover(String key)
21-08-2020 15:06:45.934 [java] [DEBUG] 	Sepete eklerkenki div değişikliği kontrol et sonuca göre işlem yap : public void basketChangeControl()
21-08-2020 15:06:45.934 [java] [DEBUG] 	{} li elementin değeri {} değeri ile uyuşuyor mu kontrol et : public void getTextControlTest(String key, String text)
21-08-2020 15:06:45.934 [java] [DEBUG] 	Ürünün texti ile detay sayfasındaki ürünün textini karşılaştır : public void compareName()
21-08-2020 15:06:45.934 [java] [DEBUG] 	{} li elementlerden {}. olanına tıkla : public void optionClick(String key, Integer number)
21-08-2020 15:06:45.934 [java] [DEBUG] 	{} li elemente {} değerini yaz : public void sendKeysToElementTest(String key, String text)
21-08-2020 15:06:45.934 [java] [DEBUG] 	{} li elementin text değerini kaydet : public void detailNameSaveText(String key)
21-08-2020 15:06:45.934 [java] [DEBUG] 	{} li elementlerden birine rastgele tıkla : public void randomClick(String key)
21-08-2020 15:06:45.934 [java] [DEBUG] 	Sayfadaki div değişikliği kontrol et sonuca göre element seç : public void changeControl()
21-08-2020 15:06:45.934 [java] [DEBUG] 	{} li elemente xpath ile tıkla : public void clickByXpath(String xpath)
21-08-2020 15:06:45.934 [java] [DEBUG] 	{} li elemente tıkla : public void clickElement(String key)
21-08-2020 15:06:45.934 [java] [DEBUG] 	{} saniye bekle : public void waitSecond(ınt second)
21-08-2020 15:06:45.934 [java] [DEBUG] 	{} li elementin üzerine gel : public void mouseHover(String key)
21-08-2020 15:06:45.934 [java] [DEBUG] 	Detay sayfasındaki {} li elementin attribute'ünü kaydet : public void cartQuantitySaveAttribute(String key)
21-08-2020 15:06:45.934 [java] [DEBUG] 	{} li elementin attribute'ünü kaydet : public void saveAttribute(String key)
21-08-2020 15:06:47.852 [Gauge] [DEBUG] Validation completed.
21-08-2020 15:06:48.365 [Gauge] [DEBUG] Runner with PID:7176 has exited
21-08-2020 16:05:51.485 [Gauge] [DEBUG] Created gauge_screenshots_dir at C:\Users\TESTINIUM\IdeaProjects\BddGauge\.gauge\screenshots
21-08-2020 16:05:51.487 [Gauge] [DEBUG] Plugin java is already installed.
21-08-2020 16:05:51.487 [Gauge] [DEBUG] Plugin html-report is already installed.
21-08-2020 16:05:51.488 [Gauge] [DEBUG] Parsing started.
21-08-2020 16:05:51.488 [Gauge] [DEBUG] Started concepts parsing.
21-08-2020 16:05:51.495 [Gauge] [ERROR] Concept parse failure: C:\Users\TESTINIUM\IdeaProjects\BddGauge\specs\Login.cpt C:\Users\TESTINIUM\IdeaProjects\BddGauge\specs\SelectCategory.cpt:1 Concept should have atleast one step => 'Specification Heading'
21-08-2020 16:05:51.495 [Gauge] [ERROR] [ParseError] C:\Users\TESTINIUM\IdeaProjects\BddGauge\specs\SelectCategory.cpt:1 Concept should have atleast one step => 'Specification Heading'
21-08-2020 16:05:51.495 [Gauge] [DEBUG] 7 concepts parsing completed.
21-08-2020 16:05:51.495 [Gauge] [DEBUG] Started specifications parsing.
21-08-2020 16:05:51.496 [Gauge] [DEBUG] 1 specifications parsing completed.
21-08-2020 16:05:51.496 [Gauge] [DEBUG] Parsing completed.
21-08-2020 16:05:51.512 [java] [DEBUG] ***** Printing Properties/Env Values *****
21-08-2020 16:05:51.512 [java] [DEBUG] PATH: C:\Program Files (x86)\Common Files\Oracle\Java\javapath\;C:\Windows\system32;C:\Windows;C:\Windows\System32\Wbem;C:\Windows\System32\WindowsPowerShell\v1.0\;C:\Windows\System32\OpenSSH\;C:\Program Files (x86)\Intel\Intel(R) Management Engine Components\DAL;C:\Program Files\Intel\Intel(R) Management Engine Components\DAL;C:\ProgramData\chocolatey\bin;C:\ProgramData\chocolatey\lib\maven\apache-maven-3.6.3\bin;C:\Program Files\gauge\bin;C:\Program Files\Git\cmd;C:\Users\TESTINIUM\AppData\Local\Microsoft\WindowsApps;C:\adb;C:\Users\TESTINIUM\AppData\Local\Microsoft\WindowsApps;C:\Users\TESTINIUM\AppData\Local\GitHubDesktop\bin;C:\Users\TESTINIUM\AppData\Roaming\gauge\plugins\screenshot\0.0.1
21-08-2020 16:05:51.512 [java] [DEBUG] JAVA_HOME: C:\Program Files\Java\jdk1.8.0_202
21-08-2020 16:05:51.512 [java] [DEBUG] gauge_project_root: C:\Users\TESTINIUM\IdeaProjects\BddGauge
21-08-2020 16:05:51.512 [java] [DEBUG] gauge_parallel_streams_count: 8
21-08-2020 16:05:51.512 [java] [DEBUG] gauge_reports_dir: reports
21-08-2020 16:05:51.512 [java] [DEBUG] overwrite_reports: true
21-08-2020 16:05:51.512 [java] [DEBUG] logs_directory: logs
21-08-2020 16:05:51.512 [java] [DEBUG] enable_multithreading: false
21-08-2020 16:05:51.512 [java] [DEBUG] gauge_specs_dir: specs
21-08-2020 16:05:51.512 [java] [DEBUG] csv_delimiter: ,
21-08-2020 16:05:51.512 [java] [DEBUG] gauge_java_home: 
21-08-2020 16:05:51.512 [java] [DEBUG] gauge_custom_build_path: 
21-08-2020 16:05:51.512 [java] [DEBUG] gauge_additional_libs: libs/*
21-08-2020 16:05:51.512 [java] [DEBUG] gauge_jvm_args: 
21-08-2020 16:05:51.512 [java] [DEBUG] gauge_custom_compile_dir: 
21-08-2020 16:05:51.512 [java] [DEBUG] gauge_clear_state_level: scenario
21-08-2020 16:05:51.512 [java] [DEBUG] ***** END *****
21-08-2020 16:05:51.849 [Gauge] [DEBUG] Checking updates...
21-08-2020 16:05:51.856 [Gauge] [DEBUG] Downloading https://downloads.gauge.org/plugin/html-report?l=java&p=html-report,java,json-report,screenshot,spectacle,xml-report&o=windows&a=amd64
21-08-2020 16:05:52.883 [Gauge] [DEBUG] Downloading https://downloads.gauge.org/plugin/java?l=java&p=html-report,java,json-report,screenshot,spectacle,xml-report&o=windows&a=amd64
21-08-2020 16:05:53.061 [Gauge] [DEBUG] Downloading https://downloads.gauge.org/plugin/json-report?l=java&p=html-report,java,json-report,screenshot,spectacle,xml-report&o=windows&a=amd64
21-08-2020 16:05:53.264 [Gauge] [DEBUG] Downloading https://downloads.gauge.org/plugin/screenshot?l=java&p=html-report,java,json-report,screenshot,spectacle,xml-report&o=windows&a=amd64
21-08-2020 16:05:53.466 [Gauge] [DEBUG] Downloading https://downloads.gauge.org/plugin/spectacle?l=java&p=html-report,java,json-report,screenshot,spectacle,xml-report&o=windows&a=amd64
21-08-2020 16:05:53.673 [Gauge] [DEBUG] Downloading https://downloads.gauge.org/plugin/xml-report?l=java&p=html-report,java,json-report,screenshot,spectacle,xml-report&o=windows&a=amd64
21-08-2020 16:05:54.397 [java] [DEBUG] classpath set to C:\Program Files\Java\jdk1.8.0_202\jre\lib\charsets.jar;C:\Program Files\Java\jdk1.8.0_202\jre\lib\deploy.jar;C:\Program Files\Java\jdk1.8.0_202\jre\lib\ext\access-bridge-64.jar;C:\Program Files\Java\jdk1.8.0_202\jre\lib\ext\cldrdata.jar;C:\Program Files\Java\jdk1.8.0_202\jre\lib\ext\dnsns.jar;C:\Program Files\Java\jdk1.8.0_202\jre\lib\ext\jaccess.jar;C:\Program Files\Java\jdk1.8.0_202\jre\lib\ext\jfxrt.jar;C:\Program Files\Java\jdk1.8.0_202\jre\lib\ext\localedata.jar;C:\Program Files\Java\jdk1.8.0_202\jre\lib\ext\nashorn.jar;C:\Program Files\Java\jdk1.8.0_202\jre\lib\ext\sunec.jar;C:\Program Files\Java\jdk1.8.0_202\jre\lib\ext\sunjce_provider.jar;C:\Program Files\Java\jdk1.8.0_202\jre\lib\ext\sunmscapi.jar;C:\Program Files\Java\jdk1.8.0_202\jre\lib\ext\sunpkcs11.jar;C:\Program Files\Java\jdk1.8.0_202\jre\lib\ext\zipfs.jar;C:\Program Files\Java\jdk1.8.0_202\jre\lib\javaws.jar;C:\Program Files\Java\jdk1.8.0_202\jre\lib\jce.jar;C:\Program Files\Java\jdk1.8.0_202\jre\lib\jfr.jar;C:\Program Files\Java\jdk1.8.0_202\jre\lib\jfxswt.jar;C:\Program Files\Java\jdk1.8.0_202\jre\lib\jsse.jar;C:\Program Files\Java\jdk1.8.0_202\jre\lib\management-agent.jar;C:\Program Files\Java\jdk1.8.0_202\jre\lib\plugin.jar;C:\Program Files\Java\jdk1.8.0_202\jre\lib\resources.jar;C:\Program Files\Java\jdk1.8.0_202\jre\lib\rt.jar;C:\Users\TESTINIUM\IdeaProjects\BddGauge\target\test-classes;C:\Users\TESTINIUM\.m2\repository\com\thoughtworks\gauge\gauge-java\0.7.9\gauge-java-0.7.9.jar;C:\Users\TESTINIUM\.m2\repository\com\github\javaparser\javaparser-core\3.16.1\javaparser-core-3.16.1.jar;C:\Users\TESTINIUM\.m2\repository\commons-io\commons-io\2.7\commons-io-2.7.jar;C:\Users\TESTINIUM\.m2\repository\commons-lang\commons-lang\2.6\commons-lang-2.6.jar;C:\Users\TESTINIUM\.m2\repository\org\json\json\20200518\json-20200518.jar;C:\Users\TESTINIUM\.m2\repository\com\google\protobuf\protobuf-java\3.12.2\protobuf-java-3.12.2.jar;C:\Users\TESTINIUM\.m2\repository\com\google\guava\guava\29.0-jre\guava-29.0-jre.jar;C:\Users\TESTINIUM\.m2\repository\com\google\guava\failureaccess\1.0.1\failureaccess-1.0.1.jar;C:\Users\TESTINIUM\.m2\repository\com\google\guava\listenablefuture\9999.0-empty-to-avoid-conflict-with-guava\listenablefuture-9999.0-empty-to-avoid-conflict-with-guava.jar;C:\Users\TESTINIUM\.m2\repository\com\google\code\findbugs\jsr305\3.0.2\jsr305-3.0.2.jar;C:\Users\TESTINIUM\.m2\repository\org\checkerframework\checker-qual\2.11.1\checker-qual-2.11.1.jar;C:\Users\TESTINIUM\.m2\repository\com\google\errorprone\error_prone_annotations\2.3.4\error_prone_annotations-2.3.4.jar;C:\Users\TESTINIUM\.m2\repository\com\google\j2objc\j2objc-annotations\1.3\j2objc-annotations-1.3.jar;C:\Users\TESTINIUM\.m2\repository\io\grpc\grpc-netty-shaded\1.30.2\grpc-netty-shaded-1.30.2.jar;C:\Users\TESTINIUM\.m2\repository\io\grpc\grpc-core\1.30.2\grpc-core-1.30.2.jar;C:\Users\TESTINIUM\.m2\repository\com\google\android\annotations\4.1.1.4\annotations-4.1.1.4.jar;C:\Users\TESTINIUM\.m2\repository\io\perfmark\perfmark-api\0.19.0\perfmark-api-0.19.0.jar;C:\Users\TESTINIUM\.m2\repository\io\grpc\grpc-protobuf\1.30.2\grpc-protobuf-1.30.2.jar;C:\Users\TESTINIUM\.m2\repository\io\grpc\grpc-api\1.30.2\grpc-api-1.30.2.jar;C:\Users\TESTINIUM\.m2\repository\io\grpc\grpc-context\1.30.2\grpc-context-1.30.2.jar;C:\Users\TESTINIUM\.m2\repository\com\google\api\grpc\proto-google-common-protos\1.17.0\proto-google-common-protos-1.17.0.jar;C:\Users\TESTINIUM\.m2\repository\io\grpc\grpc-protobuf-lite\1.30.2\grpc-protobuf-lite-1.30.2.jar;C:\Users\TESTINIUM\.m2\repository\org\codehaus\mojo\animal-sniffer-annotations\1.18\animal-sniffer-annotations-1.18.jar;C:\Users\TESTINIUM\.m2\repository\io\grpc\grpc-stub\1.30.2\grpc-stub-1.30.2.jar;C:\Users\TESTINIUM\.m2\repository\javax\annotation\javax.annotation-api\1.3.2\javax.annotation-api-1.3.2.jar;C:\Users\TESTINIUM\.m2\repository\junit\junit\4.12\junit-4.12.jar;C:\Users\TESTINIUM\.m2\repository\org\hamcrest\hamcrest-core\1.3\hamcrest-core-1.3.jar;C:\Users\TESTINIUM\.m2\repository\org\assertj\assertj-core\3.10.0\assertj-core-3.10.0.jar;C:\Users\TESTINIUM\.m2\repository\org\seleniumhq\selenium\selenium-java\3.141.59\selenium-java-3.141.59.jar;C:\Users\TESTINIUM\.m2\repository\org\seleniumhq\selenium\selenium-api\3.141.59\selenium-api-3.141.59.jar;C:\Users\TESTINIUM\.m2\repository\org\seleniumhq\selenium\selenium-chrome-driver\3.141.59\selenium-chrome-driver-3.141.59.jar;C:\Users\TESTINIUM\.m2\repository\org\seleniumhq\selenium\selenium-edge-driver\3.141.59\selenium-edge-driver-3.141.59.jar;C:\Users\TESTINIUM\.m2\repository\org\seleniumhq\selenium\selenium-firefox-driver\3.141.59\selenium-firefox-driver-3.141.59.jar;C:\Users\TESTINIUM\.m2\repository\org\seleniumhq\selenium\selenium-ie-driver\3.141.59\selenium-ie-driver-3.141.59.jar;C:\Users\TESTINIUM\.m2\repository\org\seleniumhq\selenium\selenium-opera-driver\3.141.59\selenium-opera-driver-3.141.59.jar;C:\Users\TESTINIUM\.m2\repository\org\seleniumhq\selenium\selenium-remote-driver\3.141.59\selenium-remote-driver-3.141.59.jar;C:\Users\TESTINIUM\.m2\repository\org\seleniumhq\selenium\selenium-safari-driver\3.141.59\selenium-safari-driver-3.141.59.jar;C:\Users\TESTINIUM\.m2\repository\org\seleniumhq\selenium\selenium-support\3.141.59\selenium-support-3.141.59.jar;C:\Users\TESTINIUM\.m2\repository\net\bytebuddy\byte-buddy\1.8.15\byte-buddy-1.8.15.jar;C:\Users\TESTINIUM\.m2\repository\org\apache\commons\commons-exec\1.3\commons-exec-1.3.jar;C:\Users\TESTINIUM\.m2\repository\com\squareup\okhttp3\okhttp\3.11.0\okhttp-3.11.0.jar;C:\Users\TESTINIUM\.m2\repository\com\squareup\okio\okio\1.14.0\okio-1.14.0.jar;C:\Users\TESTINIUM\.m2\repository\io\github\bonigarcia\webdrivermanager\3.7.1\webdrivermanager-3.7.1.jar;C:\Users\TESTINIUM\.m2\repository\org\slf4j\slf4j-api\1.7.25\slf4j-api-1.7.25.jar;C:\Users\TESTINIUM\.m2\repository\com\google\code\gson\gson\2.8.5\gson-2.8.5.jar;C:\Users\TESTINIUM\.m2\repository\org\apache\commons\commons-lang3\3.8.1\commons-lang3-3.8.1.jar;C:\Users\TESTINIUM\.m2\repository\org\apache\httpcomponents\httpclient\4.5.6\httpclient-4.5.6.jar;C:\Users\TESTINIUM\.m2\repository\org\apache\httpcomponents\httpcore\4.4.10\httpcore-4.4.10.jar;C:\Users\TESTINIUM\.m2\repository\commons-logging\commons-logging\1.2\commons-logging-1.2.jar;C:\Users\TESTINIUM\.m2\repository\commons-codec\commons-codec\1.10\commons-codec-1.10.jar;C:\Users\TESTINIUM\.m2\repository\org\rauschig\jarchivelib\1.0.0\jarchivelib-1.0.0.jar;C:\Users\TESTINIUM\.m2\repository\org\apache\commons\commons-compress\1.18\commons-compress-1.18.jar;C:\Users\TESTINIUM\.m2\repository\org\jsoup\jsoup\1.11.3\jsoup-1.11.3.jar;C:\Users\TESTINIUM\.m2\repository\org\reflections\reflections\0.9.10\reflections-0.9.10.jar;C:\Users\TESTINIUM\.m2\repository\org\javassist\javassist\3.19.0-GA\javassist-3.19.0-GA.jar;C:\Users\TESTINIUM\.m2\repository\com\google\code\findbugs\annotations\2.0.1\annotations-2.0.1.jar;C:\Users\TESTINIUM\.m2\repository\net\sourceforge\javacsv\javacsv\2.0\javacsv-2.0.jar
21-08-2020 16:05:54.447 [java] [DEBUG] found java executable in C:\Program Files\Java\jdk1.8.0_202\jre\bin\java.exe
21-08-2020 16:05:54.447 [java] [DEBUG] running - C:\Program Files\Java\jdk1.8.0_202\jre\bin\java.exe [-Dfile.encoding=UTF-8 com.thoughtworks.gauge.GaugeRuntime --start]
21-08-2020 16:05:54.447 [java] [DEBUG] stdout/stderr is logged to logs\9608-java.exe.out
21-08-2020 16:05:54.615 [java] [DEBUG] multithreading is set to false
21-08-2020 16:05:54.934 [java] [DEBUG] Using reflection to scan dependencies for gauge implementations...
21-08-2020 16:05:55.036 [java] [ERROR] SLF4J: Failed to load class "org.slf4j.impl.StaticLoggerBinder".
21-08-2020 16:05:55.036 [java] [ERROR] SLF4J: Defaulting to no-operation (NOP) logger implementation
21-08-2020 16:05:55.036 [java] [ERROR] SLF4J: See http://www.slf4j.org/codes.html#StaticLoggerBinder for further details.
21-08-2020 16:05:55.399 [java] [DEBUG] gauge-java took 785milliseconds to load and scan. This should be less than 'runner_connection_timeout' config value.
21-08-2020 16:05:55.399 [java] [DEBUG] run 'gauge config runner_connection_timeout' and verify that it is < 785
21-08-2020 16:05:55.406 [java] [DEBUG] starting gRPC server...
21-08-2020 16:05:55.743 [java] [DEBUG] started gRPC server on port 60081
21-08-2020 16:05:55.743 [Gauge] [DEBUG] Attempting to connect to grpc server at port: 60081
21-08-2020 16:05:55.877 [Gauge] [DEBUG] Successfully made the connection with runner with port: 60081
21-08-2020 16:05:55.880 [Gauge] [DEBUG] Validation started.
21-08-2020 16:05:57.750 [java] [DEBUG] Scanning packages for steps
21-08-2020 16:05:57.811 [java] [DEBUG] Comparing 'Steps.productNameWriteCsv' and 'Steps.productNameWriteCsv'
21-08-2020 16:05:57.811 [java] [DEBUG] Found Ürünün açıklama metnini csv dosyasına yaz in current project scope.
21-08-2020 16:05:57.811 [java] [DEBUG] Comparing 'Steps.optionClick' and 'Steps.optionClick'
21-08-2020 16:05:57.811 [java] [DEBUG] Found {} li elementlerden {}. olanına tıkla in current project scope.
21-08-2020 16:05:57.811 [java] [DEBUG] Comparing 'Steps.getTextControlTest' and 'Steps.getTextControlTest'
21-08-2020 16:05:57.811 [java] [DEBUG] Found {} li elementin değeri {} değeri ile uyuşuyor mu kontrol et in current project scope.
21-08-2020 16:05:57.811 [java] [DEBUG] Comparing 'Steps.waitSecond' and 'Steps.waitSecond'
21-08-2020 16:05:57.811 [java] [DEBUG] Found {} saniye bekle in current project scope.
21-08-2020 16:05:57.811 [java] [DEBUG] Comparing 'Steps.clickElement' and 'Steps.clickElement'
21-08-2020 16:05:57.811 [java] [DEBUG] Found {} li elemente tıkla in current project scope.
21-08-2020 16:05:57.812 [java] [DEBUG] Comparing 'Steps.randomMouseHover' and 'Steps.randomMouseHover'
21-08-2020 16:05:57.812 [java] [DEBUG] Found {} li elementlerin rastgele birinin üstüne gel in current project scope.
21-08-2020 16:05:57.812 [java] [DEBUG] Comparing 'Steps.cartQuantitySaveAttribute' and 'Steps.cartQuantitySaveAttribute'
21-08-2020 16:05:57.812 [java] [DEBUG] Found Detay sayfasındaki {} li elementin attribute'ünü kaydet in current project scope.
21-08-2020 16:05:57.812 [java] [DEBUG] Comparing 'Steps.changeControl' and 'Steps.changeControl'
21-08-2020 16:05:57.812 [java] [DEBUG] Found Sayfadaki div değişikliği kontrol et sonuca göre element seç in current project scope.
21-08-2020 16:05:57.812 [java] [DEBUG] Comparing 'Steps.sendKeysToElementTest' and 'Steps.sendKeysToElementTest'
21-08-2020 16:05:57.812 [java] [DEBUG] Found {} li elemente {} değerini yaz in current project scope.
21-08-2020 16:05:57.812 [java] [DEBUG] Comparing 'Steps.SaveTextRandomClick' and 'Steps.SaveTextRandomClick'
21-08-2020 16:05:57.813 [java] [DEBUG] Found {} li elementlerden rastgele birinin text değerini kaydet ve elemente tıkla in current project scope.
21-08-2020 16:05:57.813 [java] [DEBUG] Comparing 'Steps.basketChangeControl' and 'Steps.basketChangeControl'
21-08-2020 16:05:57.813 [java] [DEBUG] Found Sepete eklerkenki div değişikliği kontrol et sonuca göre işlem yap in current project scope.
21-08-2020 16:05:57.813 [java] [DEBUG] Comparing 'Steps.saveAttribute' and 'Steps.saveAttribute'
21-08-2020 16:05:57.813 [java] [DEBUG] Found {} li elementin attribute'ünü kaydet in current project scope.
21-08-2020 16:05:57.813 [java] [DEBUG] Comparing 'Steps.totalPriceWriteCsv' and 'Steps.totalPriceWriteCsv'
21-08-2020 16:05:57.813 [java] [DEBUG] Found {} li elementin toplam tutarını csv dosyasına yaz in current project scope.
21-08-2020 16:05:57.813 [java] [DEBUG] Comparing 'Steps.compareName' and 'Steps.compareName'
21-08-2020 16:05:57.814 [java] [DEBUG] Found Ürünün texti ile detay sayfasındaki ürünün textini karşılaştır in current project scope.
21-08-2020 16:05:57.814 [java] [DEBUG] Comparing 'Steps.randomClick' and 'Steps.randomClick'
21-08-2020 16:05:57.814 [java] [DEBUG] Found {} li elementlerden birine rastgele tıkla in current project scope.
21-08-2020 16:05:57.815 [java] [DEBUG] Comparing 'Steps.clickByXpath' and 'Steps.clickByXpath'
21-08-2020 16:05:57.815 [java] [DEBUG] Found {} li elemente xpath ile tıkla in current project scope.
21-08-2020 16:05:57.815 [java] [DEBUG] Comparing 'Steps.mouseHover' and 'Steps.mouseHover'
21-08-2020 16:05:57.815 [java] [DEBUG] Found {} li elementin üzerine gel in current project scope.
21-08-2020 16:05:57.815 [java] [DEBUG] Comparing 'Steps.detailNameSaveText' and 'Steps.detailNameSaveText'
21-08-2020 16:05:57.815 [java] [DEBUG] Found {} li elementin text değerini kaydet in current project scope.
21-08-2020 16:05:57.815 [java] [DEBUG] Scanning packages for hooks
21-08-2020 16:05:57.828 [java] [DEBUG] Scanned steps (using static parsing + reflections): 
21-08-2020 16:05:57.828 [java] [DEBUG] 	{} li elementlerden rastgele birinin text değerini kaydet ve elemente tıkla : public void SaveTextRandomClick(String key)
21-08-2020 16:05:57.828 [java] [DEBUG] 	{} li elementin toplam tutarını csv dosyasına yaz : public void totalPriceWriteCsv(String key) throws IOException
21-08-2020 16:05:57.828 [java] [DEBUG] 	Ürünün açıklama metnini csv dosyasına yaz : public void productNameWriteCsv() throws IOException
21-08-2020 16:05:57.828 [java] [DEBUG] 	{} li elementlerin rastgele birinin üstüne gel : public void randomMouseHover(String key)
21-08-2020 16:05:57.828 [java] [DEBUG] 	Sepete eklerkenki div değişikliği kontrol et sonuca göre işlem yap : public void basketChangeControl()
21-08-2020 16:05:57.828 [java] [DEBUG] 	{} li elementin değeri {} değeri ile uyuşuyor mu kontrol et : public void getTextControlTest(String key, String text)
21-08-2020 16:05:57.828 [java] [DEBUG] 	Ürünün texti ile detay sayfasındaki ürünün textini karşılaştır : public void compareName()
21-08-2020 16:05:57.828 [java] [DEBUG] 	{} li elementlerden {}. olanına tıkla : public void optionClick(String key, Integer number)
21-08-2020 16:05:57.828 [java] [DEBUG] 	{} li elemente {} değerini yaz : public void sendKeysToElementTest(String key, String text)
21-08-2020 16:05:57.828 [java] [DEBUG] 	{} li elementin text değerini kaydet : public void detailNameSaveText(String key)
21-08-2020 16:05:57.828 [java] [DEBUG] 	{} li elementlerden birine rastgele tıkla : public void randomClick(String key)
21-08-2020 16:05:57.828 [java] [DEBUG] 	Sayfadaki div değişikliği kontrol et sonuca göre element seç : public void changeControl()
21-08-2020 16:05:57.828 [java] [DEBUG] 	{} li elemente xpath ile tıkla : public void clickByXpath(String xpath)
21-08-2020 16:05:57.829 [java] [DEBUG] 	{} li elemente tıkla : public void clickElement(String key)
21-08-2020 16:05:57.829 [java] [DEBUG] 	{} saniye bekle : public void waitSecond(ınt second)
21-08-2020 16:05:57.829 [java] [DEBUG] 	{} li elementin üzerine gel : public void mouseHover(String key)
21-08-2020 16:05:57.829 [java] [DEBUG] 	Detay sayfasındaki {} li elementin attribute'ünü kaydet : public void cartQuantitySaveAttribute(String key)
21-08-2020 16:05:57.829 [java] [DEBUG] 	{} li elementin attribute'ünü kaydet : public void saveAttribute(String key)
21-08-2020 16:05:59.795 [Gauge] [DEBUG] Validation completed.
21-08-2020 16:06:00.309 [Gauge] [DEBUG] Runner with PID:9608 has exited
21-08-2020 16:06:27.933 [Gauge] [DEBUG] Created gauge_screenshots_dir at C:\Users\TESTINIUM\IdeaProjects\BddGauge\.gauge\screenshots
21-08-2020 16:06:27.935 [Gauge] [DEBUG] Plugin java is already installed.
21-08-2020 16:06:27.936 [Gauge] [DEBUG] Plugin html-report is already installed.
21-08-2020 16:06:27.936 [Gauge] [DEBUG] Parsing started.
21-08-2020 16:06:27.936 [Gauge] [DEBUG] Started concepts parsing.
21-08-2020 16:06:27.941 [Gauge] [ERROR] Concept parse failure: C:\Users\TESTINIUM\IdeaProjects\BddGauge\specs\AddAddresses.cpt C:\Users\TESTINIUM\IdeaProjects\BddGauge\specs\SelectCategory.cpt:1 Concept should have atleast one step => 'Hepsi Burada Specification'
21-08-2020 16:06:27.941 [Gauge] [ERROR] [ParseError] C:\Users\TESTINIUM\IdeaProjects\BddGauge\specs\SelectCategory.cpt:1 Concept should have atleast one step => 'Hepsi Burada Specification'
21-08-2020 16:06:27.941 [Gauge] [DEBUG] 7 concepts parsing completed.
21-08-2020 16:06:27.941 [Gauge] [DEBUG] Started specifications parsing.
21-08-2020 16:06:27.942 [Gauge] [DEBUG] 1 specifications parsing completed.
21-08-2020 16:06:27.942 [Gauge] [DEBUG] Parsing completed.
21-08-2020 16:06:27.960 [java] [DEBUG] ***** Printing Properties/Env Values *****
21-08-2020 16:06:27.960 [java] [DEBUG] PATH: C:\Program Files (x86)\Common Files\Oracle\Java\javapath\;C:\Windows\system32;C:\Windows;C:\Windows\System32\Wbem;C:\Windows\System32\WindowsPowerShell\v1.0\;C:\Windows\System32\OpenSSH\;C:\Program Files (x86)\Intel\Intel(R) Management Engine Components\DAL;C:\Program Files\Intel\Intel(R) Management Engine Components\DAL;C:\ProgramData\chocolatey\bin;C:\ProgramData\chocolatey\lib\maven\apache-maven-3.6.3\bin;C:\Program Files\gauge\bin;C:\Program Files\Git\cmd;C:\Users\TESTINIUM\AppData\Local\Microsoft\WindowsApps;C:\adb;C:\Users\TESTINIUM\AppData\Local\Microsoft\WindowsApps;C:\Users\TESTINIUM\AppData\Local\GitHubDesktop\bin;C:\Users\TESTINIUM\AppData\Roaming\gauge\plugins\screenshot\0.0.1
21-08-2020 16:06:27.960 [java] [DEBUG] JAVA_HOME: C:\Program Files\Java\jdk1.8.0_202
21-08-2020 16:06:27.960 [java] [DEBUG] gauge_project_root: C:\Users\TESTINIUM\IdeaProjects\BddGauge
21-08-2020 16:06:27.960 [java] [DEBUG] gauge_parallel_streams_count: 8
21-08-2020 16:06:27.960 [java] [DEBUG] gauge_reports_dir: reports
21-08-2020 16:06:27.960 [java] [DEBUG] overwrite_reports: true
21-08-2020 16:06:27.960 [java] [DEBUG] logs_directory: logs
21-08-2020 16:06:27.960 [java] [DEBUG] enable_multithreading: false
21-08-2020 16:06:27.960 [java] [DEBUG] gauge_specs_dir: specs
21-08-2020 16:06:27.960 [java] [DEBUG] csv_delimiter: ,
21-08-2020 16:06:27.960 [java] [DEBUG] gauge_java_home: 
21-08-2020 16:06:27.960 [java] [DEBUG] gauge_custom_build_path: 
21-08-2020 16:06:27.960 [java] [DEBUG] gauge_additional_libs: libs/*
21-08-2020 16:06:27.960 [java] [DEBUG] gauge_jvm_args: 
21-08-2020 16:06:27.960 [java] [DEBUG] gauge_custom_compile_dir: 
21-08-2020 16:06:27.960 [java] [DEBUG] gauge_clear_state_level: scenario
21-08-2020 16:06:27.960 [java] [DEBUG] ***** END *****
21-08-2020 16:06:28.281 [Gauge] [DEBUG] Checking updates...
21-08-2020 16:06:28.283 [Gauge] [DEBUG] Downloading https://downloads.gauge.org/plugin/html-report?l=java&p=html-report,java,json-report,screenshot,spectacle,xml-report&o=windows&a=amd64
21-08-2020 16:06:28.822 [Gauge] [DEBUG] Downloading https://downloads.gauge.org/plugin/java?l=java&p=html-report,java,json-report,screenshot,spectacle,xml-report&o=windows&a=amd64
21-08-2020 16:06:28.926 [Gauge] [DEBUG] Downloading https://downloads.gauge.org/plugin/json-report?l=java&p=html-report,java,json-report,screenshot,spectacle,xml-report&o=windows&a=amd64
21-08-2020 16:06:29.024 [Gauge] [DEBUG] Downloading https://downloads.gauge.org/plugin/screenshot?l=java&p=html-report,java,json-report,screenshot,spectacle,xml-report&o=windows&a=amd64
21-08-2020 16:06:29.121 [Gauge] [DEBUG] Downloading https://downloads.gauge.org/plugin/spectacle?l=java&p=html-report,java,json-report,screenshot,spectacle,xml-report&o=windows&a=amd64
21-08-2020 16:06:29.309 [Gauge] [DEBUG] Downloading https://downloads.gauge.org/plugin/xml-report?l=java&p=html-report,java,json-report,screenshot,spectacle,xml-report&o=windows&a=amd64
21-08-2020 16:06:31.029 [java] [DEBUG] classpath set to C:\Program Files\Java\jdk1.8.0_202\jre\lib\charsets.jar;C:\Program Files\Java\jdk1.8.0_202\jre\lib\deploy.jar;C:\Program Files\Java\jdk1.8.0_202\jre\lib\ext\access-bridge-64.jar;C:\Program Files\Java\jdk1.8.0_202\jre\lib\ext\cldrdata.jar;C:\Program Files\Java\jdk1.8.0_202\jre\lib\ext\dnsns.jar;C:\Program Files\Java\jdk1.8.0_202\jre\lib\ext\jaccess.jar;C:\Program Files\Java\jdk1.8.0_202\jre\lib\ext\jfxrt.jar;C:\Program Files\Java\jdk1.8.0_202\jre\lib\ext\localedata.jar;C:\Program Files\Java\jdk1.8.0_202\jre\lib\ext\nashorn.jar;C:\Program Files\Java\jdk1.8.0_202\jre\lib\ext\sunec.jar;C:\Program Files\Java\jdk1.8.0_202\jre\lib\ext\sunjce_provider.jar;C:\Program Files\Java\jdk1.8.0_202\jre\lib\ext\sunmscapi.jar;C:\Program Files\Java\jdk1.8.0_202\jre\lib\ext\sunpkcs11.jar;C:\Program Files\Java\jdk1.8.0_202\jre\lib\ext\zipfs.jar;C:\Program Files\Java\jdk1.8.0_202\jre\lib\javaws.jar;C:\Program Files\Java\jdk1.8.0_202\jre\lib\jce.jar;C:\Program Files\Java\jdk1.8.0_202\jre\lib\jfr.jar;C:\Program Files\Java\jdk1.8.0_202\jre\lib\jfxswt.jar;C:\Program Files\Java\jdk1.8.0_202\jre\lib\jsse.jar;C:\Program Files\Java\jdk1.8.0_202\jre\lib\management-agent.jar;C:\Program Files\Java\jdk1.8.0_202\jre\lib\plugin.jar;C:\Program Files\Java\jdk1.8.0_202\jre\lib\resources.jar;C:\Program Files\Java\jdk1.8.0_202\jre\lib\rt.jar;C:\Users\TESTINIUM\IdeaProjects\BddGauge\target\test-classes;C:\Users\TESTINIUM\.m2\repository\com\thoughtworks\gauge\gauge-java\0.7.9\gauge-java-0.7.9.jar;C:\Users\TESTINIUM\.m2\repository\com\github\javaparser\javaparser-core\3.16.1\javaparser-core-3.16.1.jar;C:\Users\TESTINIUM\.m2\repository\commons-io\commons-io\2.7\commons-io-2.7.jar;C:\Users\TESTINIUM\.m2\repository\commons-lang\commons-lang\2.6\commons-lang-2.6.jar;C:\Users\TESTINIUM\.m2\repository\org\json\json\20200518\json-20200518.jar;C:\Users\TESTINIUM\.m2\repository\com\google\protobuf\protobuf-java\3.12.2\protobuf-java-3.12.2.jar;C:\Users\TESTINIUM\.m2\repository\com\google\guava\guava\29.0-jre\guava-29.0-jre.jar;C:\Users\TESTINIUM\.m2\repository\com\google\guava\failureaccess\1.0.1\failureaccess-1.0.1.jar;C:\Users\TESTINIUM\.m2\repository\com\google\guava\listenablefuture\9999.0-empty-to-avoid-conflict-with-guava\listenablefuture-9999.0-empty-to-avoid-conflict-with-guava.jar;C:\Users\TESTINIUM\.m2\repository\com\google\code\findbugs\jsr305\3.0.2\jsr305-3.0.2.jar;C:\Users\TESTINIUM\.m2\repository\org\checkerframework\checker-qual\2.11.1\checker-qual-2.11.1.jar;C:\Users\TESTINIUM\.m2\repository\com\google\errorprone\error_prone_annotations\2.3.4\error_prone_annotations-2.3.4.jar;C:\Users\TESTINIUM\.m2\repository\com\google\j2objc\j2objc-annotations\1.3\j2objc-annotations-1.3.jar;C:\Users\TESTINIUM\.m2\repository\io\grpc\grpc-netty-shaded\1.30.2\grpc-netty-shaded-1.30.2.jar;C:\Users\TESTINIUM\.m2\repository\io\grpc\grpc-core\1.30.2\grpc-core-1.30.2.jar;C:\Users\TESTINIUM\.m2\repository\com\google\android\annotations\4.1.1.4\annotations-4.1.1.4.jar;C:\Users\TESTINIUM\.m2\repository\io\perfmark\perfmark-api\0.19.0\perfmark-api-0.19.0.jar;C:\Users\TESTINIUM\.m2\repository\io\grpc\grpc-protobuf\1.30.2\grpc-protobuf-1.30.2.jar;C:\Users\TESTINIUM\.m2\repository\io\grpc\grpc-api\1.30.2\grpc-api-1.30.2.jar;C:\Users\TESTINIUM\.m2\repository\io\grpc\grpc-context\1.30.2\grpc-context-1.30.2.jar;C:\Users\TESTINIUM\.m2\repository\com\google\api\grpc\proto-google-common-protos\1.17.0\proto-google-common-protos-1.17.0.jar;C:\Users\TESTINIUM\.m2\repository\io\grpc\grpc-protobuf-lite\1.30.2\grpc-protobuf-lite-1.30.2.jar;C:\Users\TESTINIUM\.m2\repository\org\codehaus\mojo\animal-sniffer-annotations\1.18\animal-sniffer-annotations-1.18.jar;C:\Users\TESTINIUM\.m2\repository\io\grpc\grpc-stub\1.30.2\grpc-stub-1.30.2.jar;C:\Users\TESTINIUM\.m2\repository\javax\annotation\javax.annotation-api\1.3.2\javax.annotation-api-1.3.2.jar;C:\Users\TESTINIUM\.m2\repository\junit\junit\4.12\junit-4.12.jar;C:\Users\TESTINIUM\.m2\repository\org\hamcrest\hamcrest-core\1.3\hamcrest-core-1.3.jar;C:\Users\TESTINIUM\.m2\repository\org\assertj\assertj-core\3.10.0\assertj-core-3.10.0.jar;C:\Users\TESTINIUM\.m2\repository\org\seleniumhq\selenium\selenium-java\3.141.59\selenium-java-3.141.59.jar;C:\Users\TESTINIUM\.m2\repository\org\seleniumhq\selenium\selenium-api\3.141.59\selenium-api-3.141.59.jar;C:\Users\TESTINIUM\.m2\repository\org\seleniumhq\selenium\selenium-chrome-driver\3.141.59\selenium-chrome-driver-3.141.59.jar;C:\Users\TESTINIUM\.m2\repository\org\seleniumhq\selenium\selenium-edge-driver\3.141.59\selenium-edge-driver-3.141.59.jar;C:\Users\TESTINIUM\.m2\repository\org\seleniumhq\selenium\selenium-firefox-driver\3.141.59\selenium-firefox-driver-3.141.59.jar;C:\Users\TESTINIUM\.m2\repository\org\seleniumhq\selenium\selenium-ie-driver\3.141.59\selenium-ie-driver-3.141.59.jar;C:\Users\TESTINIUM\.m2\repository\org\seleniumhq\selenium\selenium-opera-driver\3.141.59\selenium-opera-driver-3.141.59.jar;C:\Users\TESTINIUM\.m2\repository\org\seleniumhq\selenium\selenium-remote-driver\3.141.59\selenium-remote-driver-3.141.59.jar;C:\Users\TESTINIUM\.m2\repository\org\seleniumhq\selenium\selenium-safari-driver\3.141.59\selenium-safari-driver-3.141.59.jar;C:\Users\TESTINIUM\.m2\repository\org\seleniumhq\selenium\selenium-support\3.141.59\selenium-support-3.141.59.jar;C:\Users\TESTINIUM\.m2\repository\net\bytebuddy\byte-buddy\1.8.15\byte-buddy-1.8.15.jar;C:\Users\TESTINIUM\.m2\repository\org\apache\commons\commons-exec\1.3\commons-exec-1.3.jar;C:\Users\TESTINIUM\.m2\repository\com\squareup\okhttp3\okhttp\3.11.0\okhttp-3.11.0.jar;C:\Users\TESTINIUM\.m2\repository\com\squareup\okio\okio\1.14.0\okio-1.14.0.jar;C:\Users\TESTINIUM\.m2\repository\io\github\bonigarcia\webdrivermanager\3.7.1\webdrivermanager-3.7.1.jar;C:\Users\TESTINIUM\.m2\repository\org\slf4j\slf4j-api\1.7.25\slf4j-api-1.7.25.jar;C:\Users\TESTINIUM\.m2\repository\com\google\code\gson\gson\2.8.5\gson-2.8.5.jar;C:\Users\TESTINIUM\.m2\repository\org\apache\commons\commons-lang3\3.8.1\commons-lang3-3.8.1.jar;C:\Users\TESTINIUM\.m2\repository\org\apache\httpcomponents\httpclient\4.5.6\httpclient-4.5.6.jar;C:\Users\TESTINIUM\.m2\repository\org\apache\httpcomponents\httpcore\4.4.10\httpcore-4.4.10.jar;C:\Users\TESTINIUM\.m2\repository\commons-logging\commons-logging\1.2\commons-logging-1.2.jar;C:\Users\TESTINIUM\.m2\repository\commons-codec\commons-codec\1.10\commons-codec-1.10.jar;C:\Users\TESTINIUM\.m2\repository\org\rauschig\jarchivelib\1.0.0\jarchivelib-1.0.0.jar;C:\Users\TESTINIUM\.m2\repository\org\apache\commons\commons-compress\1.18\commons-compress-1.18.jar;C:\Users\TESTINIUM\.m2\repository\org\jsoup\jsoup\1.11.3\jsoup-1.11.3.jar;C:\Users\TESTINIUM\.m2\repository\org\reflections\reflections\0.9.10\reflections-0.9.10.jar;C:\Users\TESTINIUM\.m2\repository\org\javassist\javassist\3.19.0-GA\javassist-3.19.0-GA.jar;C:\Users\TESTINIUM\.m2\repository\com\google\code\findbugs\annotations\2.0.1\annotations-2.0.1.jar;C:\Users\TESTINIUM\.m2\repository\net\sourceforge\javacsv\javacsv\2.0\javacsv-2.0.jar
21-08-2020 16:06:31.100 [java] [DEBUG] found java executable in C:\Program Files\Java\jdk1.8.0_202\jre\bin\java.exe
21-08-2020 16:06:31.100 [java] [DEBUG] running - C:\Program Files\Java\jdk1.8.0_202\jre\bin\java.exe [-Dfile.encoding=UTF-8 com.thoughtworks.gauge.GaugeRuntime --start]
21-08-2020 16:06:31.100 [java] [DEBUG] stdout/stderr is logged to logs\12688-java.exe.out
21-08-2020 16:06:31.266 [java] [DEBUG] multithreading is set to false
21-08-2020 16:06:31.574 [java] [DEBUG] Using reflection to scan dependencies for gauge implementations...
21-08-2020 16:06:31.677 [java] [ERROR] SLF4J: Failed to load class "org.slf4j.impl.StaticLoggerBinder".
21-08-2020 16:06:31.677 [java] [ERROR] SLF4J: Defaulting to no-operation (NOP) logger implementation
21-08-2020 16:06:31.677 [java] [ERROR] SLF4J: See http://www.slf4j.org/codes.html#StaticLoggerBinder for further details.
21-08-2020 16:06:32.037 [java] [DEBUG] gauge-java took 771milliseconds to load and scan. This should be less than 'runner_connection_timeout' config value.
21-08-2020 16:06:32.037 [java] [DEBUG] run 'gauge config runner_connection_timeout' and verify that it is < 771
21-08-2020 16:06:32.037 [java] [DEBUG] starting gRPC server...
21-08-2020 16:06:32.415 [java] [DEBUG] started gRPC server on port 60109
21-08-2020 16:06:32.415 [Gauge] [DEBUG] Attempting to connect to grpc server at port: 60109
21-08-2020 16:06:32.558 [Gauge] [DEBUG] Successfully made the connection with runner with port: 60109
21-08-2020 16:06:32.558 [Gauge] [DEBUG] Validation started.
21-08-2020 16:06:34.411 [java] [DEBUG] Scanning packages for steps
21-08-2020 16:06:34.467 [java] [DEBUG] Comparing 'Steps.productNameWriteCsv' and 'Steps.productNameWriteCsv'
21-08-2020 16:06:34.467 [java] [DEBUG] Found Ürünün açıklama metnini csv dosyasına yaz in current project scope.
21-08-2020 16:06:34.467 [java] [DEBUG] Comparing 'Steps.optionClick' and 'Steps.optionClick'
21-08-2020 16:06:34.467 [java] [DEBUG] Found {} li elementlerden {}. olanına tıkla in current project scope.
21-08-2020 16:06:34.467 [java] [DEBUG] Comparing 'Steps.getTextControlTest' and 'Steps.getTextControlTest'
21-08-2020 16:06:34.467 [java] [DEBUG] Found {} li elementin değeri {} değeri ile uyuşuyor mu kontrol et in current project scope.
21-08-2020 16:06:34.467 [java] [DEBUG] Comparing 'Steps.waitSecond' and 'Steps.waitSecond'
21-08-2020 16:06:34.467 [java] [DEBUG] Found {} saniye bekle in current project scope.
21-08-2020 16:06:34.467 [java] [DEBUG] Comparing 'Steps.clickElement' and 'Steps.clickElement'
21-08-2020 16:06:34.467 [java] [DEBUG] Found {} li elemente tıkla in current project scope.
21-08-2020 16:06:34.468 [java] [DEBUG] Comparing 'Steps.randomMouseHover' and 'Steps.randomMouseHover'
21-08-2020 16:06:34.468 [java] [DEBUG] Found {} li elementlerin rastgele birinin üstüne gel in current project scope.
21-08-2020 16:06:34.468 [java] [DEBUG] Comparing 'Steps.cartQuantitySaveAttribute' and 'Steps.cartQuantitySaveAttribute'
21-08-2020 16:06:34.468 [java] [DEBUG] Found Detay sayfasındaki {} li elementin attribute'ünü kaydet in current project scope.
21-08-2020 16:06:34.468 [java] [DEBUG] Comparing 'Steps.changeControl' and 'Steps.changeControl'
21-08-2020 16:06:34.468 [java] [DEBUG] Found Sayfadaki div değişikliği kontrol et sonuca göre element seç in current project scope.
21-08-2020 16:06:34.468 [java] [DEBUG] Comparing 'Steps.sendKeysToElementTest' and 'Steps.sendKeysToElementTest'
21-08-2020 16:06:34.468 [java] [DEBUG] Found {} li elemente {} değerini yaz in current project scope.
21-08-2020 16:06:34.468 [java] [DEBUG] Comparing 'Steps.SaveTextRandomClick' and 'Steps.SaveTextRandomClick'
21-08-2020 16:06:34.468 [java] [DEBUG] Found {} li elementlerden rastgele birinin text değerini kaydet ve elemente tıkla in current project scope.
21-08-2020 16:06:34.468 [java] [DEBUG] Comparing 'Steps.basketChangeControl' and 'Steps.basketChangeControl'
21-08-2020 16:06:34.468 [java] [DEBUG] Found Sepete eklerkenki div değişikliği kontrol et sonuca göre işlem yap in current project scope.
21-08-2020 16:06:34.468 [java] [DEBUG] Comparing 'Steps.saveAttribute' and 'Steps.saveAttribute'
21-08-2020 16:06:34.468 [java] [DEBUG] Found {} li elementin attribute'ünü kaydet in current project scope.
21-08-2020 16:06:34.469 [java] [DEBUG] Comparing 'Steps.totalPriceWriteCsv' and 'Steps.totalPriceWriteCsv'
21-08-2020 16:06:34.469 [java] [DEBUG] Found {} li elementin toplam tutarını csv dosyasına yaz in current project scope.
21-08-2020 16:06:34.469 [java] [DEBUG] Comparing 'Steps.compareName' and 'Steps.compareName'
21-08-2020 16:06:34.469 [java] [DEBUG] Found Ürünün texti ile detay sayfasındaki ürünün textini karşılaştır in current project scope.
21-08-2020 16:06:34.469 [java] [DEBUG] Comparing 'Steps.randomClick' and 'Steps.randomClick'
21-08-2020 16:06:34.469 [java] [DEBUG] Found {} li elementlerden birine rastgele tıkla in current project scope.
21-08-2020 16:06:34.469 [java] [DEBUG] Comparing 'Steps.clickByXpath' and 'Steps.clickByXpath'
21-08-2020 16:06:34.469 [java] [DEBUG] Found {} li elemente xpath ile tıkla in current project scope.
21-08-2020 16:06:34.470 [java] [DEBUG] Comparing 'Steps.mouseHover' and 'Steps.mouseHover'
21-08-2020 16:06:34.470 [java] [DEBUG] Found {} li elementin üzerine gel in current project scope.
21-08-2020 16:06:34.470 [java] [DEBUG] Comparing 'Steps.detailNameSaveText' and 'Steps.detailNameSaveText'
21-08-2020 16:06:34.470 [java] [DEBUG] Found {} li elementin text değerini kaydet in current project scope.
21-08-2020 16:06:34.470 [java] [DEBUG] Scanning packages for hooks
21-08-2020 16:06:34.480 [java] [DEBUG] Scanned steps (using static parsing + reflections): 
21-08-2020 16:06:34.480 [java] [DEBUG] 	{} li elementlerden rastgele birinin text değerini kaydet ve elemente tıkla : public void SaveTextRandomClick(String key)
21-08-2020 16:06:34.480 [java] [DEBUG] 	{} li elementin toplam tutarını csv dosyasına yaz : public void totalPriceWriteCsv(String key) throws IOException
21-08-2020 16:06:34.480 [java] [DEBUG] 	Ürünün açıklama metnini csv dosyasına yaz : public void productNameWriteCsv() throws IOException
21-08-2020 16:06:34.480 [java] [DEBUG] 	{} li elementlerin rastgele birinin üstüne gel : public void randomMouseHover(String key)
21-08-2020 16:06:34.480 [java] [DEBUG] 	Sepete eklerkenki div değişikliği kontrol et sonuca göre işlem yap : public void basketChangeControl()
21-08-2020 16:06:34.480 [java] [DEBUG] 	{} li elementin değeri {} değeri ile uyuşuyor mu kontrol et : public void getTextControlTest(String key, String text)
21-08-2020 16:06:34.480 [java] [DEBUG] 	Ürünün texti ile detay sayfasındaki ürünün textini karşılaştır : public void compareName()
21-08-2020 16:06:34.480 [java] [DEBUG] 	{} li elementlerden {}. olanına tıkla : public void optionClick(String key, Integer number)
21-08-2020 16:06:34.480 [java] [DEBUG] 	{} li elemente {} değerini yaz : public void sendKeysToElementTest(String key, String text)
21-08-2020 16:06:34.480 [java] [DEBUG] 	{} li elementin text değerini kaydet : public void detailNameSaveText(String key)
21-08-2020 16:06:34.480 [java] [DEBUG] 	{} li elementlerden birine rastgele tıkla : public void randomClick(String key)
21-08-2020 16:06:34.480 [java] [DEBUG] 	Sayfadaki div değişikliği kontrol et sonuca göre element seç : public void changeControl()
21-08-2020 16:06:34.480 [java] [DEBUG] 	{} li elemente xpath ile tıkla : public void clickByXpath(String xpath)
21-08-2020 16:06:34.480 [java] [DEBUG] 	{} li elemente tıkla : public void clickElement(String key)
21-08-2020 16:06:34.480 [java] [DEBUG] 	{} saniye bekle : public void waitSecond(ınt second)
21-08-2020 16:06:34.480 [java] [DEBUG] 	{} li elementin üzerine gel : public void mouseHover(String key)
21-08-2020 16:06:34.480 [java] [DEBUG] 	Detay sayfasındaki {} li elementin attribute'ünü kaydet : public void cartQuantitySaveAttribute(String key)
21-08-2020 16:06:34.481 [java] [DEBUG] 	{} li elementin attribute'ünü kaydet : public void saveAttribute(String key)
21-08-2020 16:06:36.410 [Gauge] [DEBUG] Validation completed.
21-08-2020 16:06:37.028 [Gauge] [DEBUG] Runner with PID:12688 has exited
21-08-2020 16:07:12.379 [Gauge] [DEBUG] Created gauge_screenshots_dir at C:\Users\TESTINIUM\IdeaProjects\BddGauge\.gauge\screenshots
21-08-2020 16:07:12.381 [Gauge] [DEBUG] Plugin html-report is already installed.
21-08-2020 16:07:12.382 [Gauge] [DEBUG] Plugin java is already installed.
21-08-2020 16:07:12.382 [Gauge] [DEBUG] Parsing started.
21-08-2020 16:07:12.382 [Gauge] [DEBUG] Started concepts parsing.
21-08-2020 16:07:12.390 [Gauge] [DEBUG] 7 concepts parsing completed.
21-08-2020 16:07:12.390 [Gauge] [DEBUG] Started specifications parsing.
21-08-2020 16:07:12.390 [Gauge] [DEBUG] 1 specifications parsing completed.
21-08-2020 16:07:12.390 [Gauge] [DEBUG] Parsing completed.
21-08-2020 16:07:12.407 [java] [DEBUG] ***** Printing Properties/Env Values *****
21-08-2020 16:07:12.407 [java] [DEBUG] PATH: C:\Program Files (x86)\Common Files\Oracle\Java\javapath\;C:\Windows\system32;C:\Windows;C:\Windows\System32\Wbem;C:\Windows\System32\WindowsPowerShell\v1.0\;C:\Windows\System32\OpenSSH\;C:\Program Files (x86)\Intel\Intel(R) Management Engine Components\DAL;C:\Program Files\Intel\Intel(R) Management Engine Components\DAL;C:\ProgramData\chocolatey\bin;C:\ProgramData\chocolatey\lib\maven\apache-maven-3.6.3\bin;C:\Program Files\gauge\bin;C:\Program Files\Git\cmd;C:\Users\TESTINIUM\AppData\Local\Microsoft\WindowsApps;C:\adb;C:\Users\TESTINIUM\AppData\Local\Microsoft\WindowsApps;C:\Users\TESTINIUM\AppData\Local\GitHubDesktop\bin;C:\Users\TESTINIUM\AppData\Roaming\gauge\plugins\screenshot\0.0.1
21-08-2020 16:07:12.407 [java] [DEBUG] JAVA_HOME: C:\Program Files\Java\jdk1.8.0_202
21-08-2020 16:07:12.408 [java] [DEBUG] gauge_project_root: C:\Users\TESTINIUM\IdeaProjects\BddGauge
21-08-2020 16:07:12.408 [java] [DEBUG] gauge_parallel_streams_count: 8
21-08-2020 16:07:12.408 [java] [DEBUG] gauge_reports_dir: reports
21-08-2020 16:07:12.408 [java] [DEBUG] overwrite_reports: true
21-08-2020 16:07:12.408 [java] [DEBUG] logs_directory: logs
21-08-2020 16:07:12.408 [java] [DEBUG] enable_multithreading: false
21-08-2020 16:07:12.408 [java] [DEBUG] gauge_specs_dir: specs
21-08-2020 16:07:12.408 [java] [DEBUG] csv_delimiter: ,
21-08-2020 16:07:12.408 [java] [DEBUG] gauge_java_home: 
21-08-2020 16:07:12.408 [java] [DEBUG] gauge_custom_build_path: 
21-08-2020 16:07:12.408 [java] [DEBUG] gauge_additional_libs: libs/*
21-08-2020 16:07:12.408 [java] [DEBUG] gauge_jvm_args: 
21-08-2020 16:07:12.408 [java] [DEBUG] gauge_custom_compile_dir: 
21-08-2020 16:07:12.408 [java] [DEBUG] gauge_clear_state_level: scenario
21-08-2020 16:07:12.408 [java] [DEBUG] ***** END *****
21-08-2020 16:07:13.029 [Gauge] [DEBUG] Checking updates...
21-08-2020 16:07:13.031 [Gauge] [DEBUG] Downloading https://downloads.gauge.org/plugin/html-report?l=java&p=html-report,java,json-report,screenshot,spectacle,xml-report&o=windows&a=amd64
21-08-2020 16:07:13.454 [Gauge] [DEBUG] Downloading https://downloads.gauge.org/plugin/java?l=java&p=html-report,java,json-report,screenshot,spectacle,xml-report&o=windows&a=amd64
21-08-2020 16:07:13.580 [Gauge] [DEBUG] Downloading https://downloads.gauge.org/plugin/json-report?l=java&p=html-report,java,json-report,screenshot,spectacle,xml-report&o=windows&a=amd64
21-08-2020 16:07:13.651 [Gauge] [DEBUG] Downloading https://downloads.gauge.org/plugin/screenshot?l=java&p=html-report,java,json-report,screenshot,spectacle,xml-report&o=windows&a=amd64
21-08-2020 16:07:13.796 [Gauge] [DEBUG] Downloading https://downloads.gauge.org/plugin/spectacle?l=java&p=html-report,java,json-report,screenshot,spectacle,xml-report&o=windows&a=amd64
21-08-2020 16:07:13.912 [Gauge] [DEBUG] Downloading https://downloads.gauge.org/plugin/xml-report?l=java&p=html-report,java,json-report,screenshot,spectacle,xml-report&o=windows&a=amd64
21-08-2020 16:07:15.420 [java] [DEBUG] classpath set to C:\Program Files\Java\jdk1.8.0_202\jre\lib\charsets.jar;C:\Program Files\Java\jdk1.8.0_202\jre\lib\deploy.jar;C:\Program Files\Java\jdk1.8.0_202\jre\lib\ext\access-bridge-64.jar;C:\Program Files\Java\jdk1.8.0_202\jre\lib\ext\cldrdata.jar;C:\Program Files\Java\jdk1.8.0_202\jre\lib\ext\dnsns.jar;C:\Program Files\Java\jdk1.8.0_202\jre\lib\ext\jaccess.jar;C:\Program Files\Java\jdk1.8.0_202\jre\lib\ext\jfxrt.jar;C:\Program Files\Java\jdk1.8.0_202\jre\lib\ext\localedata.jar;C:\Program Files\Java\jdk1.8.0_202\jre\lib\ext\nashorn.jar;C:\Program Files\Java\jdk1.8.0_202\jre\lib\ext\sunec.jar;C:\Program Files\Java\jdk1.8.0_202\jre\lib\ext\sunjce_provider.jar;C:\Program Files\Java\jdk1.8.0_202\jre\lib\ext\sunmscapi.jar;C:\Program Files\Java\jdk1.8.0_202\jre\lib\ext\sunpkcs11.jar;C:\Program Files\Java\jdk1.8.0_202\jre\lib\ext\zipfs.jar;C:\Program Files\Java\jdk1.8.0_202\jre\lib\javaws.jar;C:\Program Files\Java\jdk1.8.0_202\jre\lib\jce.jar;C:\Program Files\Java\jdk1.8.0_202\jre\lib\jfr.jar;C:\Program Files\Java\jdk1.8.0_202\jre\lib\jfxswt.jar;C:\Program Files\Java\jdk1.8.0_202\jre\lib\jsse.jar;C:\Program Files\Java\jdk1.8.0_202\jre\lib\management-agent.jar;C:\Program Files\Java\jdk1.8.0_202\jre\lib\plugin.jar;C:\Program Files\Java\jdk1.8.0_202\jre\lib\resources.jar;C:\Program Files\Java\jdk1.8.0_202\jre\lib\rt.jar;C:\Users\TESTINIUM\IdeaProjects\BddGauge\target\test-classes;C:\Users\TESTINIUM\.m2\repository\com\thoughtworks\gauge\gauge-java\0.7.9\gauge-java-0.7.9.jar;C:\Users\TESTINIUM\.m2\repository\com\github\javaparser\javaparser-core\3.16.1\javaparser-core-3.16.1.jar;C:\Users\TESTINIUM\.m2\repository\commons-io\commons-io\2.7\commons-io-2.7.jar;C:\Users\TESTINIUM\.m2\repository\commons-lang\commons-lang\2.6\commons-lang-2.6.jar;C:\Users\TESTINIUM\.m2\repository\org\json\json\20200518\json-20200518.jar;C:\Users\TESTINIUM\.m2\repository\com\google\protobuf\protobuf-java\3.12.2\protobuf-java-3.12.2.jar;C:\Users\TESTINIUM\.m2\repository\com\google\guava\guava\29.0-jre\guava-29.0-jre.jar;C:\Users\TESTINIUM\.m2\repository\com\google\guava\failureaccess\1.0.1\failureaccess-1.0.1.jar;C:\Users\TESTINIUM\.m2\repository\com\google\guava\listenablefuture\9999.0-empty-to-avoid-conflict-with-guava\listenablefuture-9999.0-empty-to-avoid-conflict-with-guava.jar;C:\Users\TESTINIUM\.m2\repository\com\google\code\findbugs\jsr305\3.0.2\jsr305-3.0.2.jar;C:\Users\TESTINIUM\.m2\repository\org\checkerframework\checker-qual\2.11.1\checker-qual-2.11.1.jar;C:\Users\TESTINIUM\.m2\repository\com\google\errorprone\error_prone_annotations\2.3.4\error_prone_annotations-2.3.4.jar;C:\Users\TESTINIUM\.m2\repository\com\google\j2objc\j2objc-annotations\1.3\j2objc-annotations-1.3.jar;C:\Users\TESTINIUM\.m2\repository\io\grpc\grpc-netty-shaded\1.30.2\grpc-netty-shaded-1.30.2.jar;C:\Users\TESTINIUM\.m2\repository\io\grpc\grpc-core\1.30.2\grpc-core-1.30.2.jar;C:\Users\TESTINIUM\.m2\repository\com\google\android\annotations\4.1.1.4\annotations-4.1.1.4.jar;C:\Users\TESTINIUM\.m2\repository\io\perfmark\perfmark-api\0.19.0\perfmark-api-0.19.0.jar;C:\Users\TESTINIUM\.m2\repository\io\grpc\grpc-protobuf\1.30.2\grpc-protobuf-1.30.2.jar;C:\Users\TESTINIUM\.m2\repository\io\grpc\grpc-api\1.30.2\grpc-api-1.30.2.jar;C:\Users\TESTINIUM\.m2\repository\io\grpc\grpc-context\1.30.2\grpc-context-1.30.2.jar;C:\Users\TESTINIUM\.m2\repository\com\google\api\grpc\proto-google-common-protos\1.17.0\proto-google-common-protos-1.17.0.jar;C:\Users\TESTINIUM\.m2\repository\io\grpc\grpc-protobuf-lite\1.30.2\grpc-protobuf-lite-1.30.2.jar;C:\Users\TESTINIUM\.m2\repository\org\codehaus\mojo\animal-sniffer-annotations\1.18\animal-sniffer-annotations-1.18.jar;C:\Users\TESTINIUM\.m2\repository\io\grpc\grpc-stub\1.30.2\grpc-stub-1.30.2.jar;C:\Users\TESTINIUM\.m2\repository\javax\annotation\javax.annotation-api\1.3.2\javax.annotation-api-1.3.2.jar;C:\Users\TESTINIUM\.m2\repository\junit\junit\4.12\junit-4.12.jar;C:\Users\TESTINIUM\.m2\repository\org\hamcrest\hamcrest-core\1.3\hamcrest-core-1.3.jar;C:\Users\TESTINIUM\.m2\repository\org\assertj\assertj-core\3.10.0\assertj-core-3.10.0.jar;C:\Users\TESTINIUM\.m2\repository\org\seleniumhq\selenium\selenium-java\3.141.59\selenium-java-3.141.59.jar;C:\Users\TESTINIUM\.m2\repository\org\seleniumhq\selenium\selenium-api\3.141.59\selenium-api-3.141.59.jar;C:\Users\TESTINIUM\.m2\repository\org\seleniumhq\selenium\selenium-chrome-driver\3.141.59\selenium-chrome-driver-3.141.59.jar;C:\Users\TESTINIUM\.m2\repository\org\seleniumhq\selenium\selenium-edge-driver\3.141.59\selenium-edge-driver-3.141.59.jar;C:\Users\TESTINIUM\.m2\repository\org\seleniumhq\selenium\selenium-firefox-driver\3.141.59\selenium-firefox-driver-3.141.59.jar;C:\Users\TESTINIUM\.m2\repository\org\seleniumhq\selenium\selenium-ie-driver\3.141.59\selenium-ie-driver-3.141.59.jar;C:\Users\TESTINIUM\.m2\repository\org\seleniumhq\selenium\selenium-opera-driver\3.141.59\selenium-opera-driver-3.141.59.jar;C:\Users\TESTINIUM\.m2\repository\org\seleniumhq\selenium\selenium-remote-driver\3.141.59\selenium-remote-driver-3.141.59.jar;C:\Users\TESTINIUM\.m2\repository\org\seleniumhq\selenium\selenium-safari-driver\3.141.59\selenium-safari-driver-3.141.59.jar;C:\Users\TESTINIUM\.m2\repository\org\seleniumhq\selenium\selenium-support\3.141.59\selenium-support-3.141.59.jar;C:\Users\TESTINIUM\.m2\repository\net\bytebuddy\byte-buddy\1.8.15\byte-buddy-1.8.15.jar;C:\Users\TESTINIUM\.m2\repository\org\apache\commons\commons-exec\1.3\commons-exec-1.3.jar;C:\Users\TESTINIUM\.m2\repository\com\squareup\okhttp3\okhttp\3.11.0\okhttp-3.11.0.jar;C:\Users\TESTINIUM\.m2\repository\com\squareup\okio\okio\1.14.0\okio-1.14.0.jar;C:\Users\TESTINIUM\.m2\repository\io\github\bonigarcia\webdrivermanager\3.7.1\webdrivermanager-3.7.1.jar;C:\Users\TESTINIUM\.m2\repository\org\slf4j\slf4j-api\1.7.25\slf4j-api-1.7.25.jar;C:\Users\TESTINIUM\.m2\repository\com\google\code\gson\gson\2.8.5\gson-2.8.5.jar;C:\Users\TESTINIUM\.m2\repository\org\apache\commons\commons-lang3\3.8.1\commons-lang3-3.8.1.jar;C:\Users\TESTINIUM\.m2\repository\org\apache\httpcomponents\httpclient\4.5.6\httpclient-4.5.6.jar;C:\Users\TESTINIUM\.m2\repository\org\apache\httpcomponents\httpcore\4.4.10\httpcore-4.4.10.jar;C:\Users\TESTINIUM\.m2\repository\commons-logging\commons-logging\1.2\commons-logging-1.2.jar;C:\Users\TESTINIUM\.m2\repository\commons-codec\commons-codec\1.10\commons-codec-1.10.jar;C:\Users\TESTINIUM\.m2\repository\org\rauschig\jarchivelib\1.0.0\jarchivelib-1.0.0.jar;C:\Users\TESTINIUM\.m2\repository\org\apache\commons\commons-compress\1.18\commons-compress-1.18.jar;C:\Users\TESTINIUM\.m2\repository\org\jsoup\jsoup\1.11.3\jsoup-1.11.3.jar;C:\Users\TESTINIUM\.m2\repository\org\reflections\reflections\0.9.10\reflections-0.9.10.jar;C:\Users\TESTINIUM\.m2\repository\org\javassist\javassist\3.19.0-GA\javassist-3.19.0-GA.jar;C:\Users\TESTINIUM\.m2\repository\com\google\code\findbugs\annotations\2.0.1\annotations-2.0.1.jar;C:\Users\TESTINIUM\.m2\repository\net\sourceforge\javacsv\javacsv\2.0\javacsv-2.0.jar
21-08-2020 16:07:15.511 [java] [DEBUG] found java executable in C:\Program Files\Java\jdk1.8.0_202\jre\bin\java.exe
21-08-2020 16:07:15.511 [java] [DEBUG] running - C:\Program Files\Java\jdk1.8.0_202\jre\bin\java.exe [-Dfile.encoding=UTF-8 com.thoughtworks.gauge.GaugeRuntime --start]
21-08-2020 16:07:15.511 [java] [DEBUG] stdout/stderr is logged to logs\1272-java.exe.out
21-08-2020 16:07:15.679 [java] [DEBUG] multithreading is set to false
21-08-2020 16:07:15.989 [java] [DEBUG] Using reflection to scan dependencies for gauge implementations...
21-08-2020 16:07:16.089 [java] [ERROR] SLF4J: Failed to load class "org.slf4j.impl.StaticLoggerBinder".
21-08-2020 16:07:16.089 [java] [ERROR] SLF4J: Defaulting to no-operation (NOP) logger implementation
21-08-2020 16:07:16.089 [java] [ERROR] SLF4J: See http://www.slf4j.org/codes.html#StaticLoggerBinder for further details.
21-08-2020 16:07:16.452 [java] [DEBUG] gauge-java took 770milliseconds to load and scan. This should be less than 'runner_connection_timeout' config value.
21-08-2020 16:07:16.452 [java] [DEBUG] run 'gauge config runner_connection_timeout' and verify that it is < 770
21-08-2020 16:07:16.459 [java] [DEBUG] starting gRPC server...
21-08-2020 16:07:16.821 [java] [DEBUG] started gRPC server on port 60136
21-08-2020 16:07:16.821 [Gauge] [DEBUG] Attempting to connect to grpc server at port: 60136
21-08-2020 16:07:16.951 [Gauge] [DEBUG] Successfully made the connection with runner with port: 60136
21-08-2020 16:07:16.955 [Gauge] [DEBUG] Validation started.
21-08-2020 16:07:18.856 [java] [DEBUG] Scanning packages for steps
21-08-2020 16:07:18.872 [java] [DEBUG] Comparing 'Steps.productNameWriteCsv' and 'Steps.productNameWriteCsv'
21-08-2020 16:07:18.872 [java] [DEBUG] Found Ürünün açıklama metnini csv dosyasına yaz in current project scope.
21-08-2020 16:07:18.872 [java] [DEBUG] Comparing 'Steps.optionClick' and 'Steps.optionClick'
21-08-2020 16:07:18.872 [java] [DEBUG] Found {} li elementlerden {}. olanına tıkla in current project scope.
21-08-2020 16:07:18.872 [java] [DEBUG] Comparing 'Steps.getTextControlTest' and 'Steps.getTextControlTest'
21-08-2020 16:07:18.872 [java] [DEBUG] Found {} li elementin değeri {} değeri ile uyuşuyor mu kontrol et in current project scope.
21-08-2020 16:07:18.872 [java] [DEBUG] Comparing 'Steps.waitSecond' and 'Steps.waitSecond'
21-08-2020 16:07:18.872 [java] [DEBUG] Found {} saniye bekle in current project scope.
21-08-2020 16:07:18.872 [java] [DEBUG] Comparing 'Steps.clickElement' and 'Steps.clickElement'
21-08-2020 16:07:18.872 [java] [DEBUG] Found {} li elemente tıkla in current project scope.
21-08-2020 16:07:18.873 [java] [DEBUG] Comparing 'Steps.randomMouseHover' and 'Steps.randomMouseHover'
21-08-2020 16:07:18.873 [java] [DEBUG] Found {} li elementlerin rastgele birinin üstüne gel in current project scope.
21-08-2020 16:07:18.873 [java] [DEBUG] Comparing 'Steps.cartQuantitySaveAttribute' and 'Steps.cartQuantitySaveAttribute'
21-08-2020 16:07:18.873 [java] [DEBUG] Found Detay sayfasındaki {} li elementin attribute'ünü kaydet in current project scope.
21-08-2020 16:07:18.873 [java] [DEBUG] Comparing 'Steps.changeControl' and 'Steps.changeControl'
21-08-2020 16:07:18.873 [java] [DEBUG] Found Sayfadaki div değişikliği kontrol et sonuca göre element seç in current project scope.
21-08-2020 16:07:18.873 [java] [DEBUG] Comparing 'Steps.sendKeysToElementTest' and 'Steps.sendKeysToElementTest'
21-08-2020 16:07:18.873 [java] [DEBUG] Found {} li elemente {} değerini yaz in current project scope.
21-08-2020 16:07:18.873 [java] [DEBUG] Comparing 'Steps.SaveTextRandomClick' and 'Steps.SaveTextRandomClick'
21-08-2020 16:07:18.873 [java] [DEBUG] Found {} li elementlerden rastgele birinin text değerini kaydet ve elemente tıkla in current project scope.
21-08-2020 16:07:18.873 [java] [DEBUG] Comparing 'Steps.basketChangeControl' and 'Steps.basketChangeControl'
21-08-2020 16:07:18.873 [java] [DEBUG] Found Sepete eklerkenki div değişikliği kontrol et sonuca göre işlem yap in current project scope.
21-08-2020 16:07:18.874 [java] [DEBUG] Comparing 'Steps.saveAttribute' and 'Steps.saveAttribute'
21-08-2020 16:07:18.874 [java] [DEBUG] Found {} li elementin attribute'ünü kaydet in current project scope.
21-08-2020 16:07:18.874 [java] [DEBUG] Comparing 'Steps.totalPriceWriteCsv' and 'Steps.totalPriceWriteCsv'
21-08-2020 16:07:18.874 [java] [DEBUG] Found {} li elementin toplam tutarını csv dosyasına yaz in current project scope.
21-08-2020 16:07:18.874 [java] [DEBUG] Comparing 'Steps.compareName' and 'Steps.compareName'
21-08-2020 16:07:18.874 [java] [DEBUG] Found Ürünün texti ile detay sayfasındaki ürünün textini karşılaştır in current project scope.
21-08-2020 16:07:18.874 [java] [DEBUG] Comparing 'Steps.randomClick' and 'Steps.randomClick'
21-08-2020 16:07:18.874 [java] [DEBUG] Found {} li elementlerden birine rastgele tıkla in current project scope.
21-08-2020 16:07:18.875 [java] [DEBUG] Comparing 'Steps.clickByXpath' and 'Steps.clickByXpath'
21-08-2020 16:07:18.875 [java] [DEBUG] Found {} li elemente xpath ile tıkla in current project scope.
21-08-2020 16:07:18.875 [java] [DEBUG] Comparing 'Steps.mouseHover' and 'Steps.mouseHover'
21-08-2020 16:07:18.875 [java] [DEBUG] Found {} li elementin üzerine gel in current project scope.
21-08-2020 16:07:18.875 [java] [DEBUG] Comparing 'Steps.detailNameSaveText' and 'Steps.detailNameSaveText'
21-08-2020 16:07:18.875 [java] [DEBUG] Found {} li elementin text değerini kaydet in current project scope.
21-08-2020 16:07:18.875 [java] [DEBUG] Scanning packages for hooks
21-08-2020 16:07:18.931 [java] [DEBUG] Scanned steps (using static parsing + reflections): 
21-08-2020 16:07:18.931 [java] [DEBUG] 	{} li elementlerden rastgele birinin text değerini kaydet ve elemente tıkla : public void SaveTextRandomClick(String key)
21-08-2020 16:07:18.931 [java] [DEBUG] 	{} li elementin toplam tutarını csv dosyasına yaz : public void totalPriceWriteCsv(String key) throws IOException
21-08-2020 16:07:18.931 [java] [DEBUG] 	Ürünün açıklama metnini csv dosyasına yaz : public void productNameWriteCsv() throws IOException
21-08-2020 16:07:18.931 [java] [DEBUG] 	{} li elementlerin rastgele birinin üstüne gel : public void randomMouseHover(String key)
21-08-2020 16:07:18.931 [java] [DEBUG] 	Sepete eklerkenki div değişikliği kontrol et sonuca göre işlem yap : public void basketChangeControl()
21-08-2020 16:07:18.931 [java] [DEBUG] 	{} li elementin değeri {} değeri ile uyuşuyor mu kontrol et : public void getTextControlTest(String key, String text)
21-08-2020 16:07:18.931 [java] [DEBUG] 	Ürünün texti ile detay sayfasındaki ürünün textini karşılaştır : public void compareName()
21-08-2020 16:07:18.931 [java] [DEBUG] 	{} li elementlerden {}. olanına tıkla : public void optionClick(String key, Integer number)
21-08-2020 16:07:18.931 [java] [DEBUG] 	{} li elemente {} değerini yaz : public void sendKeysToElementTest(String key, String text)
21-08-2020 16:07:18.931 [java] [DEBUG] 	{} li elementin text değerini kaydet : public void detailNameSaveText(String key)
21-08-2020 16:07:18.931 [java] [DEBUG] 	{} li elementlerden birine rastgele tıkla : public void randomClick(String key)
21-08-2020 16:07:18.931 [java] [DEBUG] 	Sayfadaki div değişikliği kontrol et sonuca göre element seç : public void changeControl()
21-08-2020 16:07:18.931 [java] [DEBUG] 	{} li elemente xpath ile tıkla : public void clickByXpath(String xpath)
21-08-2020 16:07:18.931 [java] [DEBUG] 	{} li elemente tıkla : public void clickElement(String key)
21-08-2020 16:07:18.931 [java] [DEBUG] 	{} saniye bekle : public void waitSecond(ınt second)
21-08-2020 16:07:18.931 [java] [DEBUG] 	{} li elementin üzerine gel : public void mouseHover(String key)
21-08-2020 16:07:18.931 [java] [DEBUG] 	Detay sayfasındaki {} li elementin attribute'ünü kaydet : public void cartQuantitySaveAttribute(String key)
21-08-2020 16:07:18.931 [java] [DEBUG] 	{} li elementin attribute'ünü kaydet : public void saveAttribute(String key)
21-08-2020 16:07:20.847 [Gauge] [DEBUG] Validation completed.
21-08-2020 16:07:20.848 [Gauge] [DEBUG] Run started
21-08-2020 16:07:20.848 [Gauge] [DEBUG] Starting Html Report plugin
21-08-2020 16:07:20.870 [Gauge] [DEBUG] Attempting to connect to grpc server at port: 60139
21-08-2020 16:07:20.871 [Gauge] [DEBUG] Successfully made the connection with plugin with port: 60139
21-08-2020 16:07:20.871 [Gauge] [DEBUG] Initialising suite data store.
21-08-2020 16:07:21.216 [java] [ERROR] Starting ChromeDriver 84.0.4147.30 (48b3e868b4cc0aa7e8149519690b6f6949e110a8-refs/branch-heads/4147@{#310}) on port 15108
21-08-2020 16:07:21.216 [java] [ERROR] Only local connections are allowed.
21-08-2020 16:07:21.216 [java] [ERROR] Please see https://chromedriver.chromium.org/security-considerations for suggestions on keeping ChromeDriver safe.
21-08-2020 16:07:21.220 [java] [ERROR] ChromeDriver was started successfully.
21-08-2020 16:07:24.556 [java] [ERROR] Ağu 21, 2020 4:07:24 PM org.openqa.selenium.remote.ProtocolHandshake createSession
21-08-2020 16:07:24.556 [java] [ERROR] INFO: Detected dialect: OSS
21-08-2020 16:07:30.398 [java] [DEBUG] Executing '{} li elementin üzerine gel' using 'class Steps.mouseHover
21-08-2020 16:07:30.619 [java] [DEBUG] Executing '{} li elemente tıkla' using 'class Steps.clickElement
21-08-2020 16:07:32.723 [java] [DEBUG] Executing '{} li elemente {} değerini yaz' using 'class Steps.sendKeysToElementTest
21-08-2020 16:07:36.014 [java] [DEBUG] Executing '{} li elemente {} değerini yaz' using 'class Steps.sendKeysToElementTest
21-08-2020 16:07:36.755 [java] [DEBUG] Executing '{} li elemente tıkla' using 'class Steps.clickElement
21-08-2020 16:07:37.481 [java] [DEBUG] Executing '{} saniye bekle' using 'class Steps.waitSecond
21-08-2020 16:07:42.504 [java] [DEBUG] Executing '{} li elementin değeri {} değeri ile uyuşuyor mu kontrol et' using 'class Steps.getTextControlTest
21-08-2020 16:07:44.449 [java] [INFO] Elemanın Text değeri: Hesabım
21-08-2020 16:07:44.451 [java] [INFO] Girilen değer ile Elementin texti uyuşuyor..
21-08-2020 16:07:44.458 [java] [DEBUG] Executing '{} li elemente tıkla' using 'class Steps.clickElement
21-08-2020 16:07:45.844 [java] [DEBUG] Executing '{} li elementin değeri {} değeri ile uyuşuyor mu kontrol et' using 'class Steps.getTextControlTest
21-08-2020 16:07:47.462 [java] [INFO] Elemanın Text değeri: Testinium, sepetin şu an boş.
21-08-2020 16:07:47.462 [java] [INFO] Girilen değer ile Elementin texti uyuşuyor..
21-08-2020 16:07:47.473 [java] [DEBUG] Executing '{} li elemente tıkla' using 'class Steps.clickElement
21-08-2020 16:07:49.362 [java] [DEBUG] Executing '{} li elementlerden rastgele birinin text değerini kaydet ve elemente tıkla' using 'class Steps.SaveTextRandomClick
21-08-2020 16:10:18.206 [Gauge] [DEBUG] Created gauge_screenshots_dir at C:\Users\TESTINIUM\IdeaProjects\BddGauge\.gauge\screenshots
21-08-2020 16:10:18.207 [Gauge] [DEBUG] Plugin java is already installed.
21-08-2020 16:10:18.208 [Gauge] [DEBUG] Plugin html-report is already installed.
21-08-2020 16:10:18.208 [Gauge] [DEBUG] Parsing started.
21-08-2020 16:10:18.208 [Gauge] [DEBUG] Started concepts parsing.
21-08-2020 16:10:18.214 [Gauge] [DEBUG] 7 concepts parsing completed.
21-08-2020 16:10:18.214 [Gauge] [DEBUG] Started specifications parsing.
21-08-2020 16:10:18.215 [Gauge] [DEBUG] 1 specifications parsing completed.
21-08-2020 16:10:18.215 [Gauge] [DEBUG] Parsing completed.
21-08-2020 16:10:18.233 [java] [DEBUG] ***** Printing Properties/Env Values *****
21-08-2020 16:10:18.233 [java] [DEBUG] PATH: C:\Program Files (x86)\Common Files\Oracle\Java\javapath\;C:\Windows\system32;C:\Windows;C:\Windows\System32\Wbem;C:\Windows\System32\WindowsPowerShell\v1.0\;C:\Windows\System32\OpenSSH\;C:\Program Files (x86)\Intel\Intel(R) Management Engine Components\DAL;C:\Program Files\Intel\Intel(R) Management Engine Components\DAL;C:\ProgramData\chocolatey\bin;C:\ProgramData\chocolatey\lib\maven\apache-maven-3.6.3\bin;C:\Program Files\gauge\bin;C:\Program Files\Git\cmd;C:\Users\TESTINIUM\AppData\Local\Microsoft\WindowsApps;C:\adb;C:\Users\TESTINIUM\AppData\Local\Microsoft\WindowsApps;C:\Users\TESTINIUM\AppData\Local\GitHubDesktop\bin;C:\Users\TESTINIUM\AppData\Roaming\gauge\plugins\screenshot\0.0.1
21-08-2020 16:10:18.233 [java] [DEBUG] JAVA_HOME: C:\Program Files\Java\jdk1.8.0_202
21-08-2020 16:10:18.233 [java] [DEBUG] gauge_project_root: C:\Users\TESTINIUM\IdeaProjects\BddGauge
21-08-2020 16:10:18.233 [java] [DEBUG] gauge_parallel_streams_count: 8
21-08-2020 16:10:18.233 [java] [DEBUG] gauge_reports_dir: reports
21-08-2020 16:10:18.233 [java] [DEBUG] overwrite_reports: true
21-08-2020 16:10:18.233 [java] [DEBUG] logs_directory: logs
21-08-2020 16:10:18.233 [java] [DEBUG] enable_multithreading: false
21-08-2020 16:10:18.233 [java] [DEBUG] gauge_specs_dir: specs
21-08-2020 16:10:18.233 [java] [DEBUG] csv_delimiter: ,
21-08-2020 16:10:18.233 [java] [DEBUG] gauge_java_home: 
21-08-2020 16:10:18.233 [java] [DEBUG] gauge_custom_build_path: 
21-08-2020 16:10:18.233 [java] [DEBUG] gauge_additional_libs: libs/*
21-08-2020 16:10:18.234 [java] [DEBUG] gauge_jvm_args: 
21-08-2020 16:10:18.234 [java] [DEBUG] gauge_custom_compile_dir: 
21-08-2020 16:10:18.234 [java] [DEBUG] gauge_clear_state_level: scenario
21-08-2020 16:10:18.234 [java] [DEBUG] ***** END *****
21-08-2020 16:10:18.548 [Gauge] [DEBUG] Checking updates...
21-08-2020 16:10:18.550 [Gauge] [DEBUG] Downloading https://downloads.gauge.org/plugin/html-report?l=java&p=html-report,java,json-report,screenshot,spectacle,xml-report&o=windows&a=amd64
21-08-2020 16:10:19.509 [Gauge] [DEBUG] Downloading https://downloads.gauge.org/plugin/java?l=java&p=html-report,java,json-report,screenshot,spectacle,xml-report&o=windows&a=amd64
21-08-2020 16:10:19.718 [Gauge] [DEBUG] Downloading https://downloads.gauge.org/plugin/json-report?l=java&p=html-report,java,json-report,screenshot,spectacle,xml-report&o=windows&a=amd64
21-08-2020 16:10:19.922 [Gauge] [DEBUG] Downloading https://downloads.gauge.org/plugin/screenshot?l=java&p=html-report,java,json-report,screenshot,spectacle,xml-report&o=windows&a=amd64
21-08-2020 16:10:20.219 [Gauge] [DEBUG] Downloading https://downloads.gauge.org/plugin/spectacle?l=java&p=html-report,java,json-report,screenshot,spectacle,xml-report&o=windows&a=amd64
21-08-2020 16:10:20.426 [Gauge] [DEBUG] Downloading https://downloads.gauge.org/plugin/xml-report?l=java&p=html-report,java,json-report,screenshot,spectacle,xml-report&o=windows&a=amd64
21-08-2020 16:10:21.611 [java] [DEBUG] classpath set to C:\Program Files\Java\jdk1.8.0_202\jre\lib\charsets.jar;C:\Program Files\Java\jdk1.8.0_202\jre\lib\deploy.jar;C:\Program Files\Java\jdk1.8.0_202\jre\lib\ext\access-bridge-64.jar;C:\Program Files\Java\jdk1.8.0_202\jre\lib\ext\cldrdata.jar;C:\Program Files\Java\jdk1.8.0_202\jre\lib\ext\dnsns.jar;C:\Program Files\Java\jdk1.8.0_202\jre\lib\ext\jaccess.jar;C:\Program Files\Java\jdk1.8.0_202\jre\lib\ext\jfxrt.jar;C:\Program Files\Java\jdk1.8.0_202\jre\lib\ext\localedata.jar;C:\Program Files\Java\jdk1.8.0_202\jre\lib\ext\nashorn.jar;C:\Program Files\Java\jdk1.8.0_202\jre\lib\ext\sunec.jar;C:\Program Files\Java\jdk1.8.0_202\jre\lib\ext\sunjce_provider.jar;C:\Program Files\Java\jdk1.8.0_202\jre\lib\ext\sunmscapi.jar;C:\Program Files\Java\jdk1.8.0_202\jre\lib\ext\sunpkcs11.jar;C:\Program Files\Java\jdk1.8.0_202\jre\lib\ext\zipfs.jar;C:\Program Files\Java\jdk1.8.0_202\jre\lib\javaws.jar;C:\Program Files\Java\jdk1.8.0_202\jre\lib\jce.jar;C:\Program Files\Java\jdk1.8.0_202\jre\lib\jfr.jar;C:\Program Files\Java\jdk1.8.0_202\jre\lib\jfxswt.jar;C:\Program Files\Java\jdk1.8.0_202\jre\lib\jsse.jar;C:\Program Files\Java\jdk1.8.0_202\jre\lib\management-agent.jar;C:\Program Files\Java\jdk1.8.0_202\jre\lib\plugin.jar;C:\Program Files\Java\jdk1.8.0_202\jre\lib\resources.jar;C:\Program Files\Java\jdk1.8.0_202\jre\lib\rt.jar;C:\Users\TESTINIUM\IdeaProjects\BddGauge\target\test-classes;C:\Users\TESTINIUM\.m2\repository\com\thoughtworks\gauge\gauge-java\0.7.9\gauge-java-0.7.9.jar;C:\Users\TESTINIUM\.m2\repository\com\github\javaparser\javaparser-core\3.16.1\javaparser-core-3.16.1.jar;C:\Users\TESTINIUM\.m2\repository\commons-io\commons-io\2.7\commons-io-2.7.jar;C:\Users\TESTINIUM\.m2\repository\commons-lang\commons-lang\2.6\commons-lang-2.6.jar;C:\Users\TESTINIUM\.m2\repository\org\json\json\20200518\json-20200518.jar;C:\Users\TESTINIUM\.m2\repository\com\google\protobuf\protobuf-java\3.12.2\protobuf-java-3.12.2.jar;C:\Users\TESTINIUM\.m2\repository\com\google\guava\guava\29.0-jre\guava-29.0-jre.jar;C:\Users\TESTINIUM\.m2\repository\com\google\guava\failureaccess\1.0.1\failureaccess-1.0.1.jar;C:\Users\TESTINIUM\.m2\repository\com\google\guava\listenablefuture\9999.0-empty-to-avoid-conflict-with-guava\listenablefuture-9999.0-empty-to-avoid-conflict-with-guava.jar;C:\Users\TESTINIUM\.m2\repository\com\google\code\findbugs\jsr305\3.0.2\jsr305-3.0.2.jar;C:\Users\TESTINIUM\.m2\repository\org\checkerframework\checker-qual\2.11.1\checker-qual-2.11.1.jar;C:\Users\TESTINIUM\.m2\repository\com\google\errorprone\error_prone_annotations\2.3.4\error_prone_annotations-2.3.4.jar;C:\Users\TESTINIUM\.m2\repository\com\google\j2objc\j2objc-annotations\1.3\j2objc-annotations-1.3.jar;C:\Users\TESTINIUM\.m2\repository\io\grpc\grpc-netty-shaded\1.30.2\grpc-netty-shaded-1.30.2.jar;C:\Users\TESTINIUM\.m2\repository\io\grpc\grpc-core\1.30.2\grpc-core-1.30.2.jar;C:\Users\TESTINIUM\.m2\repository\com\google\android\annotations\4.1.1.4\annotations-4.1.1.4.jar;C:\Users\TESTINIUM\.m2\repository\io\perfmark\perfmark-api\0.19.0\perfmark-api-0.19.0.jar;C:\Users\TESTINIUM\.m2\repository\io\grpc\grpc-protobuf\1.30.2\grpc-protobuf-1.30.2.jar;C:\Users\TESTINIUM\.m2\repository\io\grpc\grpc-api\1.30.2\grpc-api-1.30.2.jar;C:\Users\TESTINIUM\.m2\repository\io\grpc\grpc-context\1.30.2\grpc-context-1.30.2.jar;C:\Users\TESTINIUM\.m2\repository\com\google\api\grpc\proto-google-common-protos\1.17.0\proto-google-common-protos-1.17.0.jar;C:\Users\TESTINIUM\.m2\repository\io\grpc\grpc-protobuf-lite\1.30.2\grpc-protobuf-lite-1.30.2.jar;C:\Users\TESTINIUM\.m2\repository\org\codehaus\mojo\animal-sniffer-annotations\1.18\animal-sniffer-annotations-1.18.jar;C:\Users\TESTINIUM\.m2\repository\io\grpc\grpc-stub\1.30.2\grpc-stub-1.30.2.jar;C:\Users\TESTINIUM\.m2\repository\javax\annotation\javax.annotation-api\1.3.2\javax.annotation-api-1.3.2.jar;C:\Users\TESTINIUM\.m2\repository\junit\junit\4.12\junit-4.12.jar;C:\Users\TESTINIUM\.m2\repository\org\hamcrest\hamcrest-core\1.3\hamcrest-core-1.3.jar;C:\Users\TESTINIUM\.m2\repository\org\assertj\assertj-core\3.10.0\assertj-core-3.10.0.jar;C:\Users\TESTINIUM\.m2\repository\org\seleniumhq\selenium\selenium-java\3.141.59\selenium-java-3.141.59.jar;C:\Users\TESTINIUM\.m2\repository\org\seleniumhq\selenium\selenium-api\3.141.59\selenium-api-3.141.59.jar;C:\Users\TESTINIUM\.m2\repository\org\seleniumhq\selenium\selenium-chrome-driver\3.141.59\selenium-chrome-driver-3.141.59.jar;C:\Users\TESTINIUM\.m2\repository\org\seleniumhq\selenium\selenium-edge-driver\3.141.59\selenium-edge-driver-3.141.59.jar;C:\Users\TESTINIUM\.m2\repository\org\seleniumhq\selenium\selenium-firefox-driver\3.141.59\selenium-firefox-driver-3.141.59.jar;C:\Users\TESTINIUM\.m2\repository\org\seleniumhq\selenium\selenium-ie-driver\3.141.59\selenium-ie-driver-3.141.59.jar;C:\Users\TESTINIUM\.m2\repository\org\seleniumhq\selenium\selenium-opera-driver\3.141.59\selenium-opera-driver-3.141.59.jar;C:\Users\TESTINIUM\.m2\repository\org\seleniumhq\selenium\selenium-remote-driver\3.141.59\selenium-remote-driver-3.141.59.jar;C:\Users\TESTINIUM\.m2\repository\org\seleniumhq\selenium\selenium-safari-driver\3.141.59\selenium-safari-driver-3.141.59.jar;C:\Users\TESTINIUM\.m2\repository\org\seleniumhq\selenium\selenium-support\3.141.59\selenium-support-3.141.59.jar;C:\Users\TESTINIUM\.m2\repository\net\bytebuddy\byte-buddy\1.8.15\byte-buddy-1.8.15.jar;C:\Users\TESTINIUM\.m2\repository\org\apache\commons\commons-exec\1.3\commons-exec-1.3.jar;C:\Users\TESTINIUM\.m2\repository\com\squareup\okhttp3\okhttp\3.11.0\okhttp-3.11.0.jar;C:\Users\TESTINIUM\.m2\repository\com\squareup\okio\okio\1.14.0\okio-1.14.0.jar;C:\Users\TESTINIUM\.m2\repository\io\github\bonigarcia\webdrivermanager\3.7.1\webdrivermanager-3.7.1.jar;C:\Users\TESTINIUM\.m2\repository\org\slf4j\slf4j-api\1.7.25\slf4j-api-1.7.25.jar;C:\Users\TESTINIUM\.m2\repository\com\google\code\gson\gson\2.8.5\gson-2.8.5.jar;C:\Users\TESTINIUM\.m2\repository\org\apache\commons\commons-lang3\3.8.1\commons-lang3-3.8.1.jar;C:\Users\TESTINIUM\.m2\repository\org\apache\httpcomponents\httpclient\4.5.6\httpclient-4.5.6.jar;C:\Users\TESTINIUM\.m2\repository\org\apache\httpcomponents\httpcore\4.4.10\httpcore-4.4.10.jar;C:\Users\TESTINIUM\.m2\repository\commons-logging\commons-logging\1.2\commons-logging-1.2.jar;C:\Users\TESTINIUM\.m2\repository\commons-codec\commons-codec\1.10\commons-codec-1.10.jar;C:\Users\TESTINIUM\.m2\repository\org\rauschig\jarchivelib\1.0.0\jarchivelib-1.0.0.jar;C:\Users\TESTINIUM\.m2\repository\org\apache\commons\commons-compress\1.18\commons-compress-1.18.jar;C:\Users\TESTINIUM\.m2\repository\org\jsoup\jsoup\1.11.3\jsoup-1.11.3.jar;C:\Users\TESTINIUM\.m2\repository\org\reflections\reflections\0.9.10\reflections-0.9.10.jar;C:\Users\TESTINIUM\.m2\repository\org\javassist\javassist\3.19.0-GA\javassist-3.19.0-GA.jar;C:\Users\TESTINIUM\.m2\repository\com\google\code\findbugs\annotations\2.0.1\annotations-2.0.1.jar;C:\Users\TESTINIUM\.m2\repository\net\sourceforge\javacsv\javacsv\2.0\javacsv-2.0.jar
21-08-2020 16:10:21.662 [java] [DEBUG] found java executable in C:\Program Files\Java\jdk1.8.0_202\jre\bin\java.exe
21-08-2020 16:10:21.662 [java] [DEBUG] running - C:\Program Files\Java\jdk1.8.0_202\jre\bin\java.exe [-Dfile.encoding=UTF-8 com.thoughtworks.gauge.GaugeRuntime --start]
21-08-2020 16:10:21.662 [java] [DEBUG] stdout/stderr is logged to logs\14736-java.exe.out
21-08-2020 16:10:21.829 [java] [DEBUG] multithreading is set to false
21-08-2020 16:10:22.147 [java] [DEBUG] Using reflection to scan dependencies for gauge implementations...
21-08-2020 16:10:22.263 [java] [ERROR] SLF4J: Failed to load class "org.slf4j.impl.StaticLoggerBinder".
21-08-2020 16:10:22.263 [java] [ERROR] SLF4J: Defaulting to no-operation (NOP) logger implementation
21-08-2020 16:10:22.263 [java] [ERROR] SLF4J: See http://www.slf4j.org/codes.html#StaticLoggerBinder for further details.
21-08-2020 16:10:22.654 [java] [DEBUG] gauge-java took 826milliseconds to load and scan. This should be less than 'runner_connection_timeout' config value.
21-08-2020 16:10:22.654 [java] [DEBUG] run 'gauge config runner_connection_timeout' and verify that it is < 826
21-08-2020 16:10:22.661 [java] [DEBUG] starting gRPC server...
21-08-2020 16:10:23.115 [java] [DEBUG] started gRPC server on port 60308
21-08-2020 16:10:23.116 [Gauge] [DEBUG] Attempting to connect to grpc server at port: 60308
21-08-2020 16:10:23.252 [Gauge] [DEBUG] Successfully made the connection with runner with port: 60308
21-08-2020 16:10:23.252 [Gauge] [DEBUG] Validation started.
21-08-2020 16:10:25.165 [java] [DEBUG] Scanning packages for steps
21-08-2020 16:10:25.223 [java] [DEBUG] Comparing 'Steps.productNameWriteCsv' and 'Steps.productNameWriteCsv'
21-08-2020 16:10:25.223 [java] [DEBUG] Found Ürünün açıklama metnini csv dosyasına yaz in current project scope.
21-08-2020 16:10:25.224 [java] [DEBUG] Comparing 'Steps.optionClick' and 'Steps.optionClick'
21-08-2020 16:10:25.224 [java] [DEBUG] Found {} li elementlerden {}. olanına tıkla in current project scope.
21-08-2020 16:10:25.224 [java] [DEBUG] Comparing 'Steps.getTextControlTest' and 'Steps.getTextControlTest'
21-08-2020 16:10:25.224 [java] [DEBUG] Found {} li elementin değeri {} değeri ile uyuşuyor mu kontrol et in current project scope.
21-08-2020 16:10:25.224 [java] [DEBUG] Comparing 'Steps.waitSecond' and 'Steps.waitSecond'
21-08-2020 16:10:25.224 [java] [DEBUG] Found {} saniye bekle in current project scope.
21-08-2020 16:10:25.224 [java] [DEBUG] Comparing 'Steps.clickElement' and 'Steps.clickElement'
21-08-2020 16:10:25.224 [java] [DEBUG] Found {} li elemente tıkla in current project scope.
21-08-2020 16:10:25.224 [java] [DEBUG] Comparing 'Steps.randomMouseHover' and 'Steps.randomMouseHover'
21-08-2020 16:10:25.224 [java] [DEBUG] Found {} li elementlerin rastgele birinin üstüne gel in current project scope.
21-08-2020 16:10:25.225 [java] [DEBUG] Comparing 'Steps.cartQuantitySaveAttribute' and 'Steps.cartQuantitySaveAttribute'
21-08-2020 16:10:25.225 [java] [DEBUG] Found Detay sayfasındaki {} li elementin attribute'ünü kaydet in current project scope.
21-08-2020 16:10:25.225 [java] [DEBUG] Comparing 'Steps.changeControl' and 'Steps.changeControl'
21-08-2020 16:10:25.225 [java] [DEBUG] Found Sayfadaki div değişikliği kontrol et sonuca göre element seç in current project scope.
21-08-2020 16:10:25.225 [java] [DEBUG] Comparing 'Steps.sendKeysToElementTest' and 'Steps.sendKeysToElementTest'
21-08-2020 16:10:25.225 [java] [DEBUG] Found {} li elemente {} değerini yaz in current project scope.
21-08-2020 16:10:25.225 [java] [DEBUG] Comparing 'Steps.SaveTextRandomClick' and 'Steps.SaveTextRandomClick'
21-08-2020 16:10:25.225 [java] [DEBUG] Found {} li elementlerden rastgele birinin text değerini kaydet ve elemente tıkla in current project scope.
21-08-2020 16:10:25.225 [java] [DEBUG] Comparing 'Steps.basketChangeControl' and 'Steps.basketChangeControl'
21-08-2020 16:10:25.225 [java] [DEBUG] Found Sepete eklerkenki div değişikliği kontrol et sonuca göre işlem yap in current project scope.
21-08-2020 16:10:25.225 [java] [DEBUG] Comparing 'Steps.saveAttribute' and 'Steps.saveAttribute'
21-08-2020 16:10:25.226 [java] [DEBUG] Found {} li elementin attribute'ünü kaydet in current project scope.
21-08-2020 16:10:25.226 [java] [DEBUG] Comparing 'Steps.totalPriceWriteCsv' and 'Steps.totalPriceWriteCsv'
21-08-2020 16:10:25.226 [java] [DEBUG] Found {} li elementin toplam tutarını csv dosyasına yaz in current project scope.
21-08-2020 16:10:25.226 [java] [DEBUG] Comparing 'Steps.compareName' and 'Steps.compareName'
21-08-2020 16:10:25.226 [java] [DEBUG] Found Ürünün texti ile detay sayfasındaki ürünün textini karşılaştır in current project scope.
21-08-2020 16:10:25.226 [java] [DEBUG] Comparing 'Steps.randomClick' and 'Steps.randomClick'
21-08-2020 16:10:25.226 [java] [DEBUG] Found {} li elementlerden birine rastgele tıkla in current project scope.
21-08-2020 16:10:25.227 [java] [DEBUG] Comparing 'Steps.clickByXpath' and 'Steps.clickByXpath'
21-08-2020 16:10:25.227 [java] [DEBUG] Found {} li elemente xpath ile tıkla in current project scope.
21-08-2020 16:10:25.228 [java] [DEBUG] Comparing 'Steps.mouseHover' and 'Steps.mouseHover'
21-08-2020 16:10:25.228 [java] [DEBUG] Found {} li elementin üzerine gel in current project scope.
21-08-2020 16:10:25.228 [java] [DEBUG] Comparing 'Steps.detailNameSaveText' and 'Steps.detailNameSaveText'
21-08-2020 16:10:25.228 [java] [DEBUG] Found {} li elementin text değerini kaydet in current project scope.
21-08-2020 16:10:25.228 [java] [DEBUG] Scanning packages for hooks
21-08-2020 16:10:25.239 [java] [DEBUG] Scanned steps (using static parsing + reflections): 
21-08-2020 16:10:25.239 [java] [DEBUG] 	{} li elementlerden rastgele birinin text değerini kaydet ve elemente tıkla : public void SaveTextRandomClick(String key)
21-08-2020 16:10:25.239 [java] [DEBUG] 	{} li elementin toplam tutarını csv dosyasına yaz : public void totalPriceWriteCsv(String key) throws IOException
21-08-2020 16:10:25.239 [java] [DEBUG] 	Ürünün açıklama metnini csv dosyasına yaz : public void productNameWriteCsv() throws IOException
21-08-2020 16:10:25.239 [java] [DEBUG] 	{} li elementlerin rastgele birinin üstüne gel : public void randomMouseHover(String key)
21-08-2020 16:10:25.239 [java] [DEBUG] 	Sepete eklerkenki div değişikliği kontrol et sonuca göre işlem yap : public void basketChangeControl()
21-08-2020 16:10:25.239 [java] [DEBUG] 	{} li elementin değeri {} değeri ile uyuşuyor mu kontrol et : public void getTextControlTest(String key, String text)
21-08-2020 16:10:25.239 [java] [DEBUG] 	Ürünün texti ile detay sayfasındaki ürünün textini karşılaştır : public void compareName()
21-08-2020 16:10:25.239 [java] [DEBUG] 	{} li elementlerden {}. olanına tıkla : public void optionClick(String key, Integer number)
21-08-2020 16:10:25.239 [java] [DEBUG] 	{} li elemente {} değerini yaz : public void sendKeysToElementTest(String key, String text)
21-08-2020 16:10:25.239 [java] [DEBUG] 	{} li elementin text değerini kaydet : public void detailNameSaveText(String key)
21-08-2020 16:10:25.239 [java] [DEBUG] 	{} li elementlerden birine rastgele tıkla : public void randomClick(String key)
21-08-2020 16:10:25.239 [java] [DEBUG] 	Sayfadaki div değişikliği kontrol et sonuca göre element seç : public void changeControl()
21-08-2020 16:10:25.239 [java] [DEBUG] 	{} li elemente xpath ile tıkla : public void clickByXpath(String xpath)
21-08-2020 16:10:25.239 [java] [DEBUG] 	{} li elemente tıkla : public void clickElement(String key)
21-08-2020 16:10:25.239 [java] [DEBUG] 	{} saniye bekle : public void waitSecond(ınt second)
21-08-2020 16:10:25.239 [java] [DEBUG] 	{} li elementin üzerine gel : public void mouseHover(String key)
21-08-2020 16:10:25.239 [java] [DEBUG] 	Detay sayfasındaki {} li elementin attribute'ünü kaydet : public void cartQuantitySaveAttribute(String key)
21-08-2020 16:10:25.239 [java] [DEBUG] 	{} li elementin attribute'ünü kaydet : public void saveAttribute(String key)
21-08-2020 16:10:27.204 [Gauge] [DEBUG] Validation completed.
21-08-2020 16:10:27.205 [Gauge] [DEBUG] Run started
21-08-2020 16:10:27.205 [Gauge] [DEBUG] Starting Html Report plugin
21-08-2020 16:10:27.227 [Gauge] [DEBUG] Attempting to connect to grpc server at port: 60311
21-08-2020 16:10:27.227 [Gauge] [DEBUG] Successfully made the connection with plugin with port: 60311
21-08-2020 16:10:27.227 [Gauge] [DEBUG] Initialising suite data store.
21-08-2020 16:10:27.614 [java] [ERROR] Starting ChromeDriver 84.0.4147.30 (48b3e868b4cc0aa7e8149519690b6f6949e110a8-refs/branch-heads/4147@{#310}) on port 38437
21-08-2020 16:10:27.614 [java] [ERROR] Only local connections are allowed.
21-08-2020 16:10:27.614 [java] [ERROR] Please see https://chromedriver.chromium.org/security-considerations for suggestions on keeping ChromeDriver safe.
21-08-2020 16:10:27.618 [java] [ERROR] ChromeDriver was started successfully.
21-08-2020 16:10:30.961 [java] [ERROR] Ağu 21, 2020 4:10:30 PM org.openqa.selenium.remote.ProtocolHandshake createSession
21-08-2020 16:10:30.961 [java] [ERROR] INFO: Detected dialect: OSS
21-08-2020 16:10:37.331 [java] [DEBUG] Executing '{} li elementin üzerine gel' using 'class Steps.mouseHover
21-08-2020 16:10:37.534 [java] [DEBUG] Executing '{} li elemente tıkla' using 'class Steps.clickElement
21-08-2020 16:10:39.805 [java] [DEBUG] Executing '{} li elemente {} değerini yaz' using 'class Steps.sendKeysToElementTest
21-08-2020 16:10:43.822 [java] [DEBUG] Executing '{} li elemente {} değerini yaz' using 'class Steps.sendKeysToElementTest
21-08-2020 16:10:44.647 [java] [DEBUG] Executing '{} li elemente tıkla' using 'class Steps.clickElement
21-08-2020 16:10:45.349 [java] [DEBUG] Executing '{} saniye bekle' using 'class Steps.waitSecond
21-08-2020 16:10:50.363 [java] [DEBUG] Executing '{} li elementin değeri {} değeri ile uyuşuyor mu kontrol et' using 'class Steps.getTextControlTest
21-08-2020 16:10:52.042 [java] [INFO] Elemanın Text değeri: Hesabım
21-08-2020 16:10:52.044 [java] [INFO] Girilen değer ile Elementin texti uyuşuyor..
21-08-2020 16:10:52.055 [java] [DEBUG] Executing '{} li elemente tıkla' using 'class Steps.clickElement
21-08-2020 16:10:53.653 [java] [DEBUG] Executing '{} li elementin değeri {} değeri ile uyuşuyor mu kontrol et' using 'class Steps.getTextControlTest
21-08-2020 16:10:55.179 [java] [INFO] Elemanın Text değeri: Testinium, sepetin şu an boş.
21-08-2020 16:10:55.179 [java] [INFO] Girilen değer ile Elementin texti uyuşuyor..
21-08-2020 16:10:55.187 [java] [DEBUG] Executing '{} li elemente tıkla' using 'class Steps.clickElement
21-08-2020 16:10:57.291 [java] [DEBUG] Executing '{} li elementlerin rastgele birinin üstüne gel' using 'class Steps.randomMouseHover
21-08-2020 16:10:58.359 [java] [INFO] 3. Elemente tıklandı..
21-08-2020 16:10:58.419 [java] [DEBUG] Executing 'Sayfadaki div değişikliği kontrol et sonuca göre element seç' using 'class Steps.changeControl
21-08-2020 16:11:51.271 [html-report] [DEBUG] Transformed SuiteResult to report structure
21-08-2020 16:11:51.445 [html-report] [INFO] Successfully generated html-report to => C:\Users\TESTINIUM\IdeaProjects\BddGauge\reports\html-report\index.html
21-08-2020 16:11:51.445 [html-report] [DEBUG] Done generating HTML report using theme from C:\Users\TESTINIUM\AppData\Roaming\gauge\plugins\html-report\4.0.12\themes\default
21-08-2020 16:11:51.445 [Gauge] [DEBUG] Sending kill message to Html Report plugin.
21-08-2020 16:11:52.169 [Gauge] [DEBUG] Runner with PID:14736 has exited
21-08-2020 16:11:52.169 [Gauge] [INFO] Specifications:	1 executed	0 passed	1 failed	0 skipped
21-08-2020 16:11:52.169 [Gauge] [INFO] Scenarios:	1 executed	0 passed	1 failed	0 skipped
21-08-2020 16:11:52.176 [Gauge] [INFO] 
Total time taken: 1m24.054s
21-08-2020 16:12:42.273 [Gauge] [DEBUG] Created gauge_screenshots_dir at C:\Users\TESTINIUM\IdeaProjects\BddGauge\.gauge\screenshots
21-08-2020 16:12:42.275 [Gauge] [DEBUG] Plugin java is already installed.
21-08-2020 16:12:42.275 [Gauge] [DEBUG] Plugin html-report is already installed.
21-08-2020 16:12:42.275 [Gauge] [DEBUG] Parsing started.
21-08-2020 16:12:42.275 [Gauge] [DEBUG] Started concepts parsing.
21-08-2020 16:12:42.280 [Gauge] [DEBUG] 7 concepts parsing completed.
21-08-2020 16:12:42.281 [Gauge] [DEBUG] Started specifications parsing.
21-08-2020 16:12:42.281 [Gauge] [DEBUG] 1 specifications parsing completed.
21-08-2020 16:12:42.281 [Gauge] [DEBUG] Parsing completed.
21-08-2020 16:12:42.301 [java] [DEBUG] ***** Printing Properties/Env Values *****
21-08-2020 16:12:42.301 [java] [DEBUG] PATH: C:\Program Files (x86)\Common Files\Oracle\Java\javapath\;C:\Windows\system32;C:\Windows;C:\Windows\System32\Wbem;C:\Windows\System32\WindowsPowerShell\v1.0\;C:\Windows\System32\OpenSSH\;C:\Program Files (x86)\Intel\Intel(R) Management Engine Components\DAL;C:\Program Files\Intel\Intel(R) Management Engine Components\DAL;C:\ProgramData\chocolatey\bin;C:\ProgramData\chocolatey\lib\maven\apache-maven-3.6.3\bin;C:\Program Files\gauge\bin;C:\Program Files\Git\cmd;C:\Users\TESTINIUM\AppData\Local\Microsoft\WindowsApps;C:\adb;C:\Users\TESTINIUM\AppData\Local\Microsoft\WindowsApps;C:\Users\TESTINIUM\AppData\Local\GitHubDesktop\bin;C:\Users\TESTINIUM\AppData\Roaming\gauge\plugins\screenshot\0.0.1
21-08-2020 16:12:42.301 [java] [DEBUG] JAVA_HOME: C:\Program Files\Java\jdk1.8.0_202
21-08-2020 16:12:42.301 [java] [DEBUG] gauge_project_root: C:\Users\TESTINIUM\IdeaProjects\BddGauge
21-08-2020 16:12:42.301 [java] [DEBUG] gauge_parallel_streams_count: 8
21-08-2020 16:12:42.301 [java] [DEBUG] gauge_reports_dir: reports
21-08-2020 16:12:42.301 [java] [DEBUG] overwrite_reports: true
21-08-2020 16:12:42.301 [java] [DEBUG] logs_directory: logs
21-08-2020 16:12:42.301 [java] [DEBUG] enable_multithreading: false
21-08-2020 16:12:42.301 [java] [DEBUG] gauge_specs_dir: specs
21-08-2020 16:12:42.301 [java] [DEBUG] csv_delimiter: ,
21-08-2020 16:12:42.301 [java] [DEBUG] gauge_java_home: 
21-08-2020 16:12:42.301 [java] [DEBUG] gauge_custom_build_path: 
21-08-2020 16:12:42.301 [java] [DEBUG] gauge_additional_libs: libs/*
21-08-2020 16:12:42.301 [java] [DEBUG] gauge_jvm_args: 
21-08-2020 16:12:42.301 [java] [DEBUG] gauge_custom_compile_dir: 
21-08-2020 16:12:42.301 [java] [DEBUG] gauge_clear_state_level: scenario
21-08-2020 16:12:42.301 [java] [DEBUG] ***** END *****
21-08-2020 16:12:42.634 [Gauge] [DEBUG] Checking updates...
21-08-2020 16:12:42.636 [Gauge] [DEBUG] Downloading https://downloads.gauge.org/plugin/html-report?l=java&p=html-report,java,json-report,screenshot,spectacle,xml-report&o=windows&a=amd64
21-08-2020 16:12:43.395 [Gauge] [DEBUG] Downloading https://downloads.gauge.org/plugin/java?l=java&p=html-report,java,json-report,screenshot,spectacle,xml-report&o=windows&a=amd64
21-08-2020 16:12:43.587 [Gauge] [DEBUG] Downloading https://downloads.gauge.org/plugin/json-report?l=java&p=html-report,java,json-report,screenshot,spectacle,xml-report&o=windows&a=amd64
21-08-2020 16:12:43.790 [Gauge] [DEBUG] Downloading https://downloads.gauge.org/plugin/screenshot?l=java&p=html-report,java,json-report,screenshot,spectacle,xml-report&o=windows&a=amd64
21-08-2020 16:12:43.986 [Gauge] [DEBUG] Downloading https://downloads.gauge.org/plugin/spectacle?l=java&p=html-report,java,json-report,screenshot,spectacle,xml-report&o=windows&a=amd64
21-08-2020 16:12:44.208 [Gauge] [DEBUG] Downloading https://downloads.gauge.org/plugin/xml-report?l=java&p=html-report,java,json-report,screenshot,spectacle,xml-report&o=windows&a=amd64
21-08-2020 16:12:45.306 [java] [DEBUG] classpath set to C:\Program Files\Java\jdk1.8.0_202\jre\lib\charsets.jar;C:\Program Files\Java\jdk1.8.0_202\jre\lib\deploy.jar;C:\Program Files\Java\jdk1.8.0_202\jre\lib\ext\access-bridge-64.jar;C:\Program Files\Java\jdk1.8.0_202\jre\lib\ext\cldrdata.jar;C:\Program Files\Java\jdk1.8.0_202\jre\lib\ext\dnsns.jar;C:\Program Files\Java\jdk1.8.0_202\jre\lib\ext\jaccess.jar;C:\Program Files\Java\jdk1.8.0_202\jre\lib\ext\jfxrt.jar;C:\Program Files\Java\jdk1.8.0_202\jre\lib\ext\localedata.jar;C:\Program Files\Java\jdk1.8.0_202\jre\lib\ext\nashorn.jar;C:\Program Files\Java\jdk1.8.0_202\jre\lib\ext\sunec.jar;C:\Program Files\Java\jdk1.8.0_202\jre\lib\ext\sunjce_provider.jar;C:\Program Files\Java\jdk1.8.0_202\jre\lib\ext\sunmscapi.jar;C:\Program Files\Java\jdk1.8.0_202\jre\lib\ext\sunpkcs11.jar;C:\Program Files\Java\jdk1.8.0_202\jre\lib\ext\zipfs.jar;C:\Program Files\Java\jdk1.8.0_202\jre\lib\javaws.jar;C:\Program Files\Java\jdk1.8.0_202\jre\lib\jce.jar;C:\Program Files\Java\jdk1.8.0_202\jre\lib\jfr.jar;C:\Program Files\Java\jdk1.8.0_202\jre\lib\jfxswt.jar;C:\Program Files\Java\jdk1.8.0_202\jre\lib\jsse.jar;C:\Program Files\Java\jdk1.8.0_202\jre\lib\management-agent.jar;C:\Program Files\Java\jdk1.8.0_202\jre\lib\plugin.jar;C:\Program Files\Java\jdk1.8.0_202\jre\lib\resources.jar;C:\Program Files\Java\jdk1.8.0_202\jre\lib\rt.jar;C:\Users\TESTINIUM\IdeaProjects\BddGauge\target\test-classes;C:\Users\TESTINIUM\.m2\repository\com\thoughtworks\gauge\gauge-java\0.7.9\gauge-java-0.7.9.jar;C:\Users\TESTINIUM\.m2\repository\com\github\javaparser\javaparser-core\3.16.1\javaparser-core-3.16.1.jar;C:\Users\TESTINIUM\.m2\repository\commons-io\commons-io\2.7\commons-io-2.7.jar;C:\Users\TESTINIUM\.m2\repository\commons-lang\commons-lang\2.6\commons-lang-2.6.jar;C:\Users\TESTINIUM\.m2\repository\org\json\json\20200518\json-20200518.jar;C:\Users\TESTINIUM\.m2\repository\com\google\protobuf\protobuf-java\3.12.2\protobuf-java-3.12.2.jar;C:\Users\TESTINIUM\.m2\repository\com\google\guava\guava\29.0-jre\guava-29.0-jre.jar;C:\Users\TESTINIUM\.m2\repository\com\google\guava\failureaccess\1.0.1\failureaccess-1.0.1.jar;C:\Users\TESTINIUM\.m2\repository\com\google\guava\listenablefuture\9999.0-empty-to-avoid-conflict-with-guava\listenablefuture-9999.0-empty-to-avoid-conflict-with-guava.jar;C:\Users\TESTINIUM\.m2\repository\com\google\code\findbugs\jsr305\3.0.2\jsr305-3.0.2.jar;C:\Users\TESTINIUM\.m2\repository\org\checkerframework\checker-qual\2.11.1\checker-qual-2.11.1.jar;C:\Users\TESTINIUM\.m2\repository\com\google\errorprone\error_prone_annotations\2.3.4\error_prone_annotations-2.3.4.jar;C:\Users\TESTINIUM\.m2\repository\com\google\j2objc\j2objc-annotations\1.3\j2objc-annotations-1.3.jar;C:\Users\TESTINIUM\.m2\repository\io\grpc\grpc-netty-shaded\1.30.2\grpc-netty-shaded-1.30.2.jar;C:\Users\TESTINIUM\.m2\repository\io\grpc\grpc-core\1.30.2\grpc-core-1.30.2.jar;C:\Users\TESTINIUM\.m2\repository\com\google\android\annotations\4.1.1.4\annotations-4.1.1.4.jar;C:\Users\TESTINIUM\.m2\repository\io\perfmark\perfmark-api\0.19.0\perfmark-api-0.19.0.jar;C:\Users\TESTINIUM\.m2\repository\io\grpc\grpc-protobuf\1.30.2\grpc-protobuf-1.30.2.jar;C:\Users\TESTINIUM\.m2\repository\io\grpc\grpc-api\1.30.2\grpc-api-1.30.2.jar;C:\Users\TESTINIUM\.m2\repository\io\grpc\grpc-context\1.30.2\grpc-context-1.30.2.jar;C:\Users\TESTINIUM\.m2\repository\com\google\api\grpc\proto-google-common-protos\1.17.0\proto-google-common-protos-1.17.0.jar;C:\Users\TESTINIUM\.m2\repository\io\grpc\grpc-protobuf-lite\1.30.2\grpc-protobuf-lite-1.30.2.jar;C:\Users\TESTINIUM\.m2\repository\org\codehaus\mojo\animal-sniffer-annotations\1.18\animal-sniffer-annotations-1.18.jar;C:\Users\TESTINIUM\.m2\repository\io\grpc\grpc-stub\1.30.2\grpc-stub-1.30.2.jar;C:\Users\TESTINIUM\.m2\repository\javax\annotation\javax.annotation-api\1.3.2\javax.annotation-api-1.3.2.jar;C:\Users\TESTINIUM\.m2\repository\junit\junit\4.12\junit-4.12.jar;C:\Users\TESTINIUM\.m2\repository\org\hamcrest\hamcrest-core\1.3\hamcrest-core-1.3.jar;C:\Users\TESTINIUM\.m2\repository\org\assertj\assertj-core\3.10.0\assertj-core-3.10.0.jar;C:\Users\TESTINIUM\.m2\repository\org\seleniumhq\selenium\selenium-java\3.141.59\selenium-java-3.141.59.jar;C:\Users\TESTINIUM\.m2\repository\org\seleniumhq\selenium\selenium-api\3.141.59\selenium-api-3.141.59.jar;C:\Users\TESTINIUM\.m2\repository\org\seleniumhq\selenium\selenium-chrome-driver\3.141.59\selenium-chrome-driver-3.141.59.jar;C:\Users\TESTINIUM\.m2\repository\org\seleniumhq\selenium\selenium-edge-driver\3.141.59\selenium-edge-driver-3.141.59.jar;C:\Users\TESTINIUM\.m2\repository\org\seleniumhq\selenium\selenium-firefox-driver\3.141.59\selenium-firefox-driver-3.141.59.jar;C:\Users\TESTINIUM\.m2\repository\org\seleniumhq\selenium\selenium-ie-driver\3.141.59\selenium-ie-driver-3.141.59.jar;C:\Users\TESTINIUM\.m2\repository\org\seleniumhq\selenium\selenium-opera-driver\3.141.59\selenium-opera-driver-3.141.59.jar;C:\Users\TESTINIUM\.m2\repository\org\seleniumhq\selenium\selenium-remote-driver\3.141.59\selenium-remote-driver-3.141.59.jar;C:\Users\TESTINIUM\.m2\repository\org\seleniumhq\selenium\selenium-safari-driver\3.141.59\selenium-safari-driver-3.141.59.jar;C:\Users\TESTINIUM\.m2\repository\org\seleniumhq\selenium\selenium-support\3.141.59\selenium-support-3.141.59.jar;C:\Users\TESTINIUM\.m2\repository\net\bytebuddy\byte-buddy\1.8.15\byte-buddy-1.8.15.jar;C:\Users\TESTINIUM\.m2\repository\org\apache\commons\commons-exec\1.3\commons-exec-1.3.jar;C:\Users\TESTINIUM\.m2\repository\com\squareup\okhttp3\okhttp\3.11.0\okhttp-3.11.0.jar;C:\Users\TESTINIUM\.m2\repository\com\squareup\okio\okio\1.14.0\okio-1.14.0.jar;C:\Users\TESTINIUM\.m2\repository\io\github\bonigarcia\webdrivermanager\3.7.1\webdrivermanager-3.7.1.jar;C:\Users\TESTINIUM\.m2\repository\org\slf4j\slf4j-api\1.7.25\slf4j-api-1.7.25.jar;C:\Users\TESTINIUM\.m2\repository\com\google\code\gson\gson\2.8.5\gson-2.8.5.jar;C:\Users\TESTINIUM\.m2\repository\org\apache\commons\commons-lang3\3.8.1\commons-lang3-3.8.1.jar;C:\Users\TESTINIUM\.m2\repository\org\apache\httpcomponents\httpclient\4.5.6\httpclient-4.5.6.jar;C:\Users\TESTINIUM\.m2\repository\org\apache\httpcomponents\httpcore\4.4.10\httpcore-4.4.10.jar;C:\Users\TESTINIUM\.m2\repository\commons-logging\commons-logging\1.2\commons-logging-1.2.jar;C:\Users\TESTINIUM\.m2\repository\commons-codec\commons-codec\1.10\commons-codec-1.10.jar;C:\Users\TESTINIUM\.m2\repository\org\rauschig\jarchivelib\1.0.0\jarchivelib-1.0.0.jar;C:\Users\TESTINIUM\.m2\repository\org\apache\commons\commons-compress\1.18\commons-compress-1.18.jar;C:\Users\TESTINIUM\.m2\repository\org\jsoup\jsoup\1.11.3\jsoup-1.11.3.jar;C:\Users\TESTINIUM\.m2\repository\org\reflections\reflections\0.9.10\reflections-0.9.10.jar;C:\Users\TESTINIUM\.m2\repository\org\javassist\javassist\3.19.0-GA\javassist-3.19.0-GA.jar;C:\Users\TESTINIUM\.m2\repository\com\google\code\findbugs\annotations\2.0.1\annotations-2.0.1.jar;C:\Users\TESTINIUM\.m2\repository\net\sourceforge\javacsv\javacsv\2.0\javacsv-2.0.jar
21-08-2020 16:12:45.389 [java] [DEBUG] found java executable in C:\Program Files\Java\jdk1.8.0_202\jre\bin\java.exe
21-08-2020 16:12:45.389 [java] [DEBUG] running - C:\Program Files\Java\jdk1.8.0_202\jre\bin\java.exe [-Dfile.encoding=UTF-8 com.thoughtworks.gauge.GaugeRuntime --start]
21-08-2020 16:12:45.389 [java] [DEBUG] stdout/stderr is logged to logs\8200-java.exe.out
21-08-2020 16:12:45.599 [java] [DEBUG] multithreading is set to false
21-08-2020 16:12:45.913 [java] [DEBUG] Using reflection to scan dependencies for gauge implementations...
21-08-2020 16:12:46.019 [java] [ERROR] SLF4J: Failed to load class "org.slf4j.impl.StaticLoggerBinder".
21-08-2020 16:12:46.019 [java] [ERROR] SLF4J: Defaulting to no-operation (NOP) logger implementation
21-08-2020 16:12:46.019 [java] [ERROR] SLF4J: See http://www.slf4j.org/codes.html#StaticLoggerBinder for further details.
21-08-2020 16:12:46.330 [java] [DEBUG] gauge-java took 731milliseconds to load and scan. This should be less than 'runner_connection_timeout' config value.
21-08-2020 16:12:46.330 [java] [DEBUG] run 'gauge config runner_connection_timeout' and verify that it is < 731
21-08-2020 16:12:46.337 [java] [DEBUG] starting gRPC server...
21-08-2020 16:12:46.695 [java] [DEBUG] started gRPC server on port 60465
21-08-2020 16:12:46.695 [Gauge] [DEBUG] Attempting to connect to grpc server at port: 60465
21-08-2020 16:12:46.833 [Gauge] [DEBUG] Successfully made the connection with runner with port: 60465
21-08-2020 16:12:46.833 [Gauge] [DEBUG] Validation started.
21-08-2020 16:12:50.561 [java] [DEBUG] Scanning packages for steps
21-08-2020 16:12:50.596 [java] [DEBUG] Comparing 'Steps.productNameWriteCsv' and 'Steps.productNameWriteCsv'
21-08-2020 16:12:50.596 [java] [DEBUG] Found Ürünün açıklama metnini csv dosyasına yaz in current project scope.
21-08-2020 16:12:50.596 [java] [DEBUG] Comparing 'Steps.optionClick' and 'Steps.optionClick'
21-08-2020 16:12:50.596 [java] [DEBUG] Found {} li elementlerden {}. olanına tıkla in current project scope.
21-08-2020 16:12:50.597 [java] [DEBUG] Comparing 'Steps.getTextControlTest' and 'Steps.getTextControlTest'
21-08-2020 16:12:50.597 [java] [DEBUG] Found {} li elementin değeri {} değeri ile uyuşuyor mu kontrol et in current project scope.
21-08-2020 16:12:50.597 [java] [DEBUG] Comparing 'Steps.waitSecond' and 'Steps.waitSecond'
21-08-2020 16:12:50.597 [java] [DEBUG] Found {} saniye bekle in current project scope.
21-08-2020 16:12:50.598 [java] [DEBUG] Comparing 'Steps.clickElement' and 'Steps.clickElement'
21-08-2020 16:12:50.598 [java] [DEBUG] Found {} li elemente tıkla in current project scope.
21-08-2020 16:12:50.598 [java] [DEBUG] Comparing 'Steps.randomMouseHover' and 'Steps.randomMouseHover'
21-08-2020 16:12:50.598 [java] [DEBUG] Found {} li elementlerin rastgele birinin üstüne gel in current project scope.
21-08-2020 16:12:50.599 [java] [DEBUG] Comparing 'Steps.cartQuantitySaveAttribute' and 'Steps.cartQuantitySaveAttribute'
21-08-2020 16:12:50.599 [java] [DEBUG] Found Detay sayfasındaki {} li elementin attribute'ünü kaydet in current project scope.
21-08-2020 16:12:50.599 [java] [DEBUG] Comparing 'Steps.changeControl' and 'Steps.changeControl'
21-08-2020 16:12:50.599 [java] [DEBUG] Found Sayfadaki div değişikliği kontrol et sonuca göre element seç in current project scope.
21-08-2020 16:12:50.599 [java] [DEBUG] Comparing 'Steps.sendKeysToElementTest' and 'Steps.sendKeysToElementTest'
21-08-2020 16:12:50.599 [java] [DEBUG] Found {} li elemente {} değerini yaz in current project scope.
21-08-2020 16:12:50.600 [java] [DEBUG] Comparing 'Steps.SaveTextRandomClick' and 'Steps.SaveTextRandomClick'
21-08-2020 16:12:50.600 [java] [DEBUG] Found {} li elementlerden rastgele birinin text değerini kaydet ve elemente tıkla in current project scope.
21-08-2020 16:12:50.600 [java] [DEBUG] Comparing 'Steps.basketChangeControl' and 'Steps.basketChangeControl'
21-08-2020 16:12:50.600 [java] [DEBUG] Found Sepete eklerkenki div değişikliği kontrol et sonuca göre işlem yap in current project scope.
21-08-2020 16:12:50.602 [java] [DEBUG] Comparing 'Steps.saveAttribute' and 'Steps.saveAttribute'
21-08-2020 16:12:50.602 [java] [DEBUG] Found {} li elementin attribute'ünü kaydet in current project scope.
21-08-2020 16:12:50.602 [java] [DEBUG] Comparing 'Steps.totalPriceWriteCsv' and 'Steps.totalPriceWriteCsv'
21-08-2020 16:12:50.602 [java] [DEBUG] Found {} li elementin toplam tutarını csv dosyasına yaz in current project scope.
21-08-2020 16:12:50.603 [java] [DEBUG] Comparing 'Steps.compareName' and 'Steps.compareName'
21-08-2020 16:12:50.603 [java] [DEBUG] Found Ürünün texti ile detay sayfasındaki ürünün textini karşılaştır in current project scope.
21-08-2020 16:12:50.603 [java] [DEBUG] Comparing 'Steps.randomClick' and 'Steps.randomClick'
21-08-2020 16:12:50.604 [java] [DEBUG] Found {} li elementlerden birine rastgele tıkla in current project scope.
21-08-2020 16:12:50.604 [java] [DEBUG] Comparing 'Steps.clickByXpath' and 'Steps.clickByXpath'
21-08-2020 16:12:50.605 [java] [DEBUG] Found {} li elemente xpath ile tıkla in current project scope.
21-08-2020 16:12:50.605 [java] [DEBUG] Comparing 'Steps.mouseHover' and 'Steps.mouseHover'
21-08-2020 16:12:50.605 [java] [DEBUG] Found {} li elementin üzerine gel in current project scope.
21-08-2020 16:12:50.605 [java] [DEBUG] Comparing 'Steps.detailNameSaveText' and 'Steps.detailNameSaveText'
21-08-2020 16:12:50.605 [java] [DEBUG] Found {} li elementin text değerini kaydet in current project scope.
21-08-2020 16:12:50.605 [java] [DEBUG] Scanning packages for hooks
21-08-2020 16:12:50.622 [java] [DEBUG] Scanned steps (using static parsing + reflections): 
21-08-2020 16:12:50.622 [java] [DEBUG] 	{} li elementlerden rastgele birinin text değerini kaydet ve elemente tıkla : public void SaveTextRandomClick(String key)
21-08-2020 16:12:50.622 [java] [DEBUG] 	{} li elementin toplam tutarını csv dosyasına yaz : public void totalPriceWriteCsv(String key) throws IOException
21-08-2020 16:12:50.622 [java] [DEBUG] 	Ürünün açıklama metnini csv dosyasına yaz : public void productNameWriteCsv() throws IOException
21-08-2020 16:12:50.622 [java] [DEBUG] 	{} li elementlerin rastgele birinin üstüne gel : public void randomMouseHover(String key)
21-08-2020 16:12:50.622 [java] [DEBUG] 	Sepete eklerkenki div değişikliği kontrol et sonuca göre işlem yap : public void basketChangeControl()
21-08-2020 16:12:50.622 [java] [DEBUG] 	{} li elementin değeri {} değeri ile uyuşuyor mu kontrol et : public void getTextControlTest(String key, String text)
21-08-2020 16:12:50.623 [java] [DEBUG] 	Ürünün texti ile detay sayfasındaki ürünün textini karşılaştır : public void compareName()
21-08-2020 16:12:50.623 [java] [DEBUG] 	{} li elementlerden {}. olanına tıkla : public void optionClick(String key, Integer number)
21-08-2020 16:12:50.623 [java] [DEBUG] 	{} li elemente {} değerini yaz : public void sendKeysToElementTest(String key, String text)
21-08-2020 16:12:50.623 [java] [DEBUG] 	{} li elementin text değerini kaydet : public void detailNameSaveText(String key)
21-08-2020 16:12:50.623 [java] [DEBUG] 	{} li elementlerden birine rastgele tıkla : public void randomClick(String key)
21-08-2020 16:12:50.623 [java] [DEBUG] 	Sayfadaki div değişikliği kontrol et sonuca göre element seç : public void changeControl()
21-08-2020 16:12:50.623 [java] [DEBUG] 	{} li elemente xpath ile tıkla : public void clickByXpath(String xpath)
21-08-2020 16:12:50.623 [java] [DEBUG] 	{} li elemente tıkla : public void clickElement(String key)
21-08-2020 16:12:50.623 [java] [DEBUG] 	{} saniye bekle : public void waitSecond(ınt second)
21-08-2020 16:12:50.623 [java] [DEBUG] 	{} li elementin üzerine gel : public void mouseHover(String key)
21-08-2020 16:12:50.623 [java] [DEBUG] 	Detay sayfasındaki {} li elementin attribute'ünü kaydet : public void cartQuantitySaveAttribute(String key)
21-08-2020 16:12:50.623 [java] [DEBUG] 	{} li elementin attribute'ünü kaydet : public void saveAttribute(String key)
21-08-2020 16:12:53.931 [Gauge] [DEBUG] Validation completed.
21-08-2020 16:12:53.931 [Gauge] [DEBUG] Run started
21-08-2020 16:12:53.932 [Gauge] [DEBUG] Starting Html Report plugin
21-08-2020 16:12:53.951 [Gauge] [DEBUG] Attempting to connect to grpc server at port: 60489
21-08-2020 16:12:53.951 [Gauge] [DEBUG] Successfully made the connection with plugin with port: 60489
21-08-2020 16:12:53.951 [Gauge] [DEBUG] Initialising suite data store.
21-08-2020 16:12:54.553 [java] [ERROR] Starting ChromeDriver 84.0.4147.30 (48b3e868b4cc0aa7e8149519690b6f6949e110a8-refs/branch-heads/4147@{#310}) on port 47672
21-08-2020 16:12:54.553 [java] [ERROR] Only local connections are allowed.
21-08-2020 16:12:54.553 [java] [ERROR] Please see https://chromedriver.chromium.org/security-considerations for suggestions on keeping ChromeDriver safe.
21-08-2020 16:12:54.557 [java] [ERROR] ChromeDriver was started successfully.
21-08-2020 16:12:57.961 [java] [ERROR] Ağu 21, 2020 4:12:57 PM org.openqa.selenium.remote.ProtocolHandshake createSession
21-08-2020 16:12:57.961 [java] [ERROR] INFO: Detected dialect: OSS
21-08-2020 16:13:04.768 [java] [DEBUG] Executing '{} li elementin üzerine gel' using 'class Steps.mouseHover
21-08-2020 16:13:04.950 [java] [DEBUG] Executing '{} li elemente tıkla' using 'class Steps.clickElement
21-08-2020 16:13:06.306 [java] [DEBUG] Executing '{} li elemente {} değerini yaz' using 'class Steps.sendKeysToElementTest
21-08-2020 16:13:09.958 [java] [DEBUG] Executing '{} li elemente {} değerini yaz' using 'class Steps.sendKeysToElementTest
21-08-2020 16:13:10.703 [java] [DEBUG] Executing '{} li elemente tıkla' using 'class Steps.clickElement
21-08-2020 16:13:11.401 [java] [DEBUG] Executing '{} saniye bekle' using 'class Steps.waitSecond
21-08-2020 16:13:16.412 [java] [DEBUG] Executing '{} li elementin değeri {} değeri ile uyuşuyor mu kontrol et' using 'class Steps.getTextControlTest
21-08-2020 16:13:17.402 [java] [INFO] Elemanın Text değeri: Hesabım
21-08-2020 16:13:17.406 [java] [INFO] Girilen değer ile Elementin texti uyuşuyor..
21-08-2020 16:13:17.419 [java] [DEBUG] Executing '{} li elemente tıkla' using 'class Steps.clickElement
21-08-2020 16:13:19.437 [java] [DEBUG] Executing '{} li elementin değeri {} değeri ile uyuşuyor mu kontrol et' using 'class Steps.getTextControlTest
21-08-2020 16:13:20.491 [java] [INFO] Elemanın Text değeri: Testinium, sepetin şu an boş.
21-08-2020 16:13:20.491 [java] [INFO] Girilen değer ile Elementin texti uyuşuyor..
21-08-2020 16:13:20.500 [java] [DEBUG] Executing '{} li elemente tıkla' using 'class Steps.clickElement
21-08-2020 16:13:22.630 [java] [DEBUG] Executing '{} li elementlerin rastgele birinin üstüne gel' using 'class Steps.randomMouseHover
21-08-2020 16:13:23.691 [java] [INFO] 7. Elemente tıklandı..
21-08-2020 16:13:23.787 [java] [DEBUG] Executing 'Sayfadaki div değişikliği kontrol et sonuca göre element seç' using 'class Steps.changeControl
21-08-2020 16:13:49.515 [java] [ERROR] [1598015629.508][WARNING]: Timed out connecting to Chrome, retrying...
21-08-2020 16:13:58.590 [html-report] [DEBUG] Transformed SuiteResult to report structure
21-08-2020 16:13:58.691 [html-report] [INFO] Successfully generated html-report to => C:\Users\TESTINIUM\IdeaProjects\BddGauge\reports\html-report\index.html
21-08-2020 16:13:58.691 [html-report] [DEBUG] Done generating HTML report using theme from C:\Users\TESTINIUM\AppData\Roaming\gauge\plugins\html-report\4.0.12\themes\default
21-08-2020 16:13:58.691 [Gauge] [DEBUG] Sending kill message to Html Report plugin.
21-08-2020 16:13:59.414 [Gauge] [DEBUG] Runner with PID:8200 has exited
21-08-2020 16:13:59.414 [Gauge] [INFO] Specifications:	1 executed	0 passed	1 failed	0 skipped
21-08-2020 16:13:59.414 [Gauge] [INFO] Scenarios:	1 executed	0 passed	1 failed	0 skipped
21-08-2020 16:13:59.414 [Gauge] [INFO] 
Total time taken: 1m4.649s
